[ 2015-03-05T13:30:09+08:00 ] 127.0.0.1 /pkt/index/1
INFO: [ app_init ] --START--
INFO: Run Behavior\BuildLiteBehavior [ RunTime:0.000000s ]
INFO: [ app_init ] --END-- [ RunTime:0.031250s ]
INFO: [ app_begin ] --START--
INFO: Run Behavior\ReadHtmlCacheBehavior [ RunTime:0.015625s ]
INFO: [ app_begin ] --END-- [ RunTime:0.015625s ]
SQL: SHOW COLUMNS FROM `iiss_pk` [ RunTime:0.0313s ]
SQL: SELECT * FROM `iiss_pk` WHERE ( id=1 )  [ RunTime:0.0156s ]
SQL: SELECT * FROM `iiss_pk` WHERE ( id!=1 ) ORDER BY pubdate desc LIMIT 14   [ RunTime:0.0938s ]
NOTIC: [8] curl_setopt() [<a href='function.curl-setopt'>function.curl-setopt</a>]: CURLOPT_SSL_VERIFYHOST no longer accepts the value 1, value 2 will be used instead D:\chinaiiss\iisspk\Application\Components\Comment.class.php 第 175 行.
NOTIC: [8] curl_setopt() [<a href='function.curl-setopt'>function.curl-setopt</a>]: CURLOPT_SSL_VERIFYHOST no longer accepts the value 1, value 2 will be used instead D:\chinaiiss\iisspk\Application\Components\Comment.class.php 第 175 行.
NOTIC: [8] Undefined index: agreevote D:\chinaiiss\iisspk\Application\Home\Model\PkModel.class.php 第 36 行.
NOTIC: [8] Undefined index: opposevote D:\chinaiiss\iisspk\Application\Home\Model\PkModel.class.php 第 36 行.
NOTIC: [8] curl_setopt() [<a href='function.curl-setopt'>function.curl-setopt</a>]: CURLOPT_SSL_VERIFYHOST no longer accepts the value 1, value 2 will be used instead D:\chinaiiss\iisspk\Application\Components\Comment.class.php 第 175 行.
NOTIC: [8] curl_setopt() [<a href='function.curl-setopt'>function.curl-setopt</a>]: CURLOPT_SSL_VERIFYHOST no longer accepts the value 1, value 2 will be used instead D:\chinaiiss\iisspk\Application\Components\Comment.class.php 第 175 行.
INFO: [ view_parse ] --START--
INFO: [ template_filter ] --START--
INFO: Run Behavior\ContentReplaceBehavior [ RunTime:0.000000s ]
INFO: [ template_filter ] --END-- [ RunTime:0.000000s ]
NOTIC: [8] Undefined variable: title D:\chinaiiss\iisspk\Application\Runtime\Cache\Home\47537d6c75e38b94685b59426a9a7ae0.php 第 67 行.
INFO: Run Behavior\ParseTemplateBehavior [ RunTime:0.062500s ]
INFO: [ view_parse ] --END-- [ RunTime:0.062500s ]
INFO: [ view_filter ] --START--
INFO: Run Behavior\WriteHtmlCacheBehavior [ RunTime:0.015625s ]
INFO: [ view_filter ] --END-- [ RunTime:0.015625s ]
INFO: [ app_end ] --START--
INFO: Run Behavior\ShowPageTraceBehavior [ RunTime:0.015625s ]
INFO: [ app_end ] --END-- [ RunTime:0.015625s ]

[ 2015-03-05T13:30:12+08:00 ] 127.0.0.1 /favicon.ico
INFO: [ app_init ] --START--
INFO: Run Behavior\BuildLiteBehavior [ RunTime:0.000000s ]
INFO: [ app_init ] --END-- [ RunTime:0.000000s ]

[ 2015-03-05T13:30:12+08:00 ] 127.0.0.1 /favicon.ico
INFO: [ app_init ] --START--
INFO: Run Behavior\BuildLiteBehavior [ RunTime:0.000000s ]
INFO: [ app_init ] --END-- [ RunTime:0.000000s ]

[ 2015-03-05T13:31:02+08:00 ] 127.0.0.1 /pkt/index/338
INFO: [ app_init ] --START--
INFO: Run Behavior\BuildLiteBehavior [ RunTime:0.000000s ]
INFO: [ app_init ] --END-- [ RunTime:0.000000s ]
INFO: [ app_begin ] --START--
INFO: Run Behavior\ReadHtmlCacheBehavior [ RunTime:0.000000s ]
INFO: [ app_begin ] --END-- [ RunTime:0.000000s ]
SQL: SHOW COLUMNS FROM `iiss_pk` [ RunTime:0.0156s ]
SQL: SELECT * FROM `iiss_pk` WHERE ( id=338 )  [ RunTime:0.0000s ]
SQL: SELECT * FROM `iiss_pk` WHERE ( id!=338 ) ORDER BY pubdate desc LIMIT 14   [ RunTime:0.0000s ]
NOTIC: [8] curl_setopt() [<a href='function.curl-setopt'>function.curl-setopt</a>]: CURLOPT_SSL_VERIFYHOST no longer accepts the value 1, value 2 will be used instead D:\chinaiiss\iisspk\Application\Components\Comment.class.php 第 175 行.
NOTIC: [8] curl_setopt() [<a href='function.curl-setopt'>function.curl-setopt</a>]: CURLOPT_SSL_VERIFYHOST no longer accepts the value 1, value 2 will be used instead D:\chinaiiss\iisspk\Application\Components\Comment.class.php 第 175 行.
NOTIC: [8] Undefined index: agreevote D:\chinaiiss\iisspk\Application\Home\Model\PkModel.class.php 第 36 行.
NOTIC: [8] Undefined index: opposevote D:\chinaiiss\iisspk\Application\Home\Model\PkModel.class.php 第 36 行.
NOTIC: [8] curl_setopt() [<a href='function.curl-setopt'>function.curl-setopt</a>]: CURLOPT_SSL_VERIFYHOST no longer accepts the value 1, value 2 will be used instead D:\chinaiiss\iisspk\Application\Components\Comment.class.php 第 175 行.
NOTIC: [8] curl_setopt() [<a href='function.curl-setopt'>function.curl-setopt</a>]: CURLOPT_SSL_VERIFYHOST no longer accepts the value 1, value 2 will be used instead D:\chinaiiss\iisspk\Application\Components\Comment.class.php 第 175 行.
INFO: [ view_parse ] --START--
INFO: [ template_filter ] --START--
INFO: Run Behavior\ContentReplaceBehavior [ RunTime:0.000000s ]
INFO: [ template_filter ] --END-- [ RunTime:0.000000s ]
NOTIC: [8] Undefined index: seosubject D:\chinaiiss\iisspk\Application\Runtime\Cache\Home\37913facbf2a55b4c566308d5358b6e8.php 第 7 行.
NOTIC: [8] Undefined index: auth D:\chinaiiss\iisspk\Application\Runtime\Cache\Home\37913facbf2a55b4c566308d5358b6e8.php 第 259 行.
NOTIC: [8] Undefined variable: id D:\chinaiiss\iisspk\Application\Runtime\Cache\Home\37913facbf2a55b4c566308d5358b6e8.php 第 458 行.
INFO: Run Behavior\ParseTemplateBehavior [ RunTime:0.031250s ]
INFO: [ view_parse ] --END-- [ RunTime:0.031250s ]
INFO: [ view_filter ] --START--
INFO: Run Behavior\WriteHtmlCacheBehavior [ RunTime:0.000000s ]
INFO: [ view_filter ] --END-- [ RunTime:0.000000s ]
INFO: [ app_end ] --START--
INFO: Run Behavior\ShowPageTraceBehavior [ RunTime:0.000000s ]
INFO: [ app_end ] --END-- [ RunTime:0.000000s ]

[ 2015-03-05T13:36:26+08:00 ] 127.0.0.1 /pkt/index/1
INFO: [ app_init ] --START--
INFO: Run Behavior\BuildLiteBehavior [ RunTime:0.000000s ]
INFO: [ app_init ] --END-- [ RunTime:0.000000s ]
INFO: [ app_begin ] --START--
INFO: Run Behavior\ReadHtmlCacheBehavior [ RunTime:0.000000s ]
INFO: [ app_begin ] --END-- [ RunTime:0.000000s ]
SQL: SHOW COLUMNS FROM `iiss_pk` [ RunTime:0.0156s ]
SQL: SELECT * FROM `iiss_pk` WHERE ( id=1 )  [ RunTime:0.0000s ]
SQL: SELECT * FROM `iiss_pk` WHERE ( id!=1 ) ORDER BY pubdate desc LIMIT 14   [ RunTime:0.0000s ]
NOTIC: [8] curl_setopt() [<a href='function.curl-setopt'>function.curl-setopt</a>]: CURLOPT_SSL_VERIFYHOST no longer accepts the value 1, value 2 will be used instead D:\chinaiiss\iisspk\Application\Components\Comment.class.php 第 175 行.
NOTIC: [8] curl_setopt() [<a href='function.curl-setopt'>function.curl-setopt</a>]: CURLOPT_SSL_VERIFYHOST no longer accepts the value 1, value 2 will be used instead D:\chinaiiss\iisspk\Application\Components\Comment.class.php 第 175 行.
NOTIC: [8] Undefined index: agreevote D:\chinaiiss\iisspk\Application\Home\Model\PkModel.class.php 第 36 行.
NOTIC: [8] Undefined index: opposevote D:\chinaiiss\iisspk\Application\Home\Model\PkModel.class.php 第 36 行.
NOTIC: [8] curl_setopt() [<a href='function.curl-setopt'>function.curl-setopt</a>]: CURLOPT_SSL_VERIFYHOST no longer accepts the value 1, value 2 will be used instead D:\chinaiiss\iisspk\Application\Components\Comment.class.php 第 175 行.
NOTIC: [8] curl_setopt() [<a href='function.curl-setopt'>function.curl-setopt</a>]: CURLOPT_SSL_VERIFYHOST no longer accepts the value 1, value 2 will be used instead D:\chinaiiss\iisspk\Application\Components\Comment.class.php 第 175 行.
INFO: [ view_parse ] --START--
INFO: [ template_filter ] --START--
INFO: Run Behavior\ContentReplaceBehavior [ RunTime:0.000000s ]
INFO: [ template_filter ] --END-- [ RunTime:0.000000s ]
NOTIC: [8] Undefined variable: title D:\chinaiiss\iisspk\Application\Runtime\Cache\Home\47537d6c75e38b94685b59426a9a7ae0.php 第 67 行.
INFO: Run Behavior\ParseTemplateBehavior [ RunTime:0.015625s ]
INFO: [ view_parse ] --END-- [ RunTime:0.015625s ]
INFO: [ view_filter ] --START--
INFO: Run Behavior\WriteHtmlCacheBehavior [ RunTime:0.000000s ]
INFO: [ view_filter ] --END-- [ RunTime:0.000000s ]
INFO: [ app_end ] --START--
INFO: Run Behavior\ShowPageTraceBehavior [ RunTime:0.000000s ]
INFO: [ app_end ] --END-- [ RunTime:0.000000s ]

[ 2015-03-05T13:37:24+08:00 ] 127.0.0.1 /pk/app/1
INFO: [ app_init ] --START--
INFO: Run Behavior\BuildLiteBehavior [ RunTime:0.000000s ]
INFO: [ app_init ] --END-- [ RunTime:0.000000s ]
INFO: [ app_begin ] --START--
INFO: Run Behavior\ReadHtmlCacheBehavior [ RunTime:0.000000s ]
INFO: [ app_begin ] --END-- [ RunTime:0.000000s ]
SQL: SHOW COLUMNS FROM `iiss_pk` [ RunTime:0.0000s ]
SQL: SELECT * FROM `iiss_pk` WHERE ( id=1 )  [ RunTime:0.0000s ]
INFO: [ view_parse ] --START--
INFO: [ template_filter ] --START--
INFO: Run Behavior\ContentReplaceBehavior [ RunTime:0.000000s ]
INFO: [ template_filter ] --END-- [ RunTime:0.000000s ]
NOTIC: [8] Undefined variable: pkinfo D:\chinaiiss\iisspk\Application\Runtime\Cache\Home\39310d523f2721f245b293aedda1c505.php 第 18 行.
INFO: Run Behavior\ParseTemplateBehavior [ RunTime:0.015625s ]
INFO: [ view_parse ] --END-- [ RunTime:0.015625s ]
INFO: [ view_filter ] --START--
INFO: Run Behavior\WriteHtmlCacheBehavior [ RunTime:0.000000s ]
INFO: [ view_filter ] --END-- [ RunTime:0.000000s ]
INFO: [ app_end ] --START--
INFO: Run Behavior\ShowPageTraceBehavior [ RunTime:0.000000s ]
INFO: [ app_end ] --END-- [ RunTime:0.000000s ]

[ 2015-03-05T13:37:35+08:00 ] 127.0.0.1 /pkt/index/338
INFO: [ app_init ] --START--
INFO: Run Behavior\BuildLiteBehavior [ RunTime:0.000000s ]
INFO: [ app_init ] --END-- [ RunTime:0.000000s ]
INFO: [ app_begin ] --START--
INFO: Run Behavior\ReadHtmlCacheBehavior [ RunTime:0.000000s ]
INFO: [ app_begin ] --END-- [ RunTime:0.000000s ]
SQL: SHOW COLUMNS FROM `iiss_pk` [ RunTime:0.0000s ]
SQL: SELECT * FROM `iiss_pk` WHERE ( id=338 )  [ RunTime:0.0000s ]
SQL: SELECT * FROM `iiss_pk` WHERE ( id!=338 ) ORDER BY pubdate desc LIMIT 14   [ RunTime:0.0000s ]
NOTIC: [8] curl_setopt() [<a href='function.curl-setopt'>function.curl-setopt</a>]: CURLOPT_SSL_VERIFYHOST no longer accepts the value 1, value 2 will be used instead D:\chinaiiss\iisspk\Application\Components\Comment.class.php 第 175 行.
NOTIC: [8] curl_setopt() [<a href='function.curl-setopt'>function.curl-setopt</a>]: CURLOPT_SSL_VERIFYHOST no longer accepts the value 1, value 2 will be used instead D:\chinaiiss\iisspk\Application\Components\Comment.class.php 第 175 行.
NOTIC: [8] Undefined index: agreevote D:\chinaiiss\iisspk\Application\Home\Model\PkModel.class.php 第 36 行.
NOTIC: [8] Undefined index: opposevote D:\chinaiiss\iisspk\Application\Home\Model\PkModel.class.php 第 36 行.
NOTIC: [8] curl_setopt() [<a href='function.curl-setopt'>function.curl-setopt</a>]: CURLOPT_SSL_VERIFYHOST no longer accepts the value 1, value 2 will be used instead D:\chinaiiss\iisspk\Application\Components\Comment.class.php 第 175 行.
NOTIC: [8] curl_setopt() [<a href='function.curl-setopt'>function.curl-setopt</a>]: CURLOPT_SSL_VERIFYHOST no longer accepts the value 1, value 2 will be used instead D:\chinaiiss\iisspk\Application\Components\Comment.class.php 第 175 行.
INFO: [ view_parse ] --START--
INFO: [ template_filter ] --START--
INFO: Run Behavior\ContentReplaceBehavior [ RunTime:0.000000s ]
INFO: [ template_filter ] --END-- [ RunTime:0.000000s ]
NOTIC: [8] Undefined index: seosubject D:\chinaiiss\iisspk\Application\Runtime\Cache\Home\37913facbf2a55b4c566308d5358b6e8.php 第 7 行.
NOTIC: [8] Undefined index: auth D:\chinaiiss\iisspk\Application\Runtime\Cache\Home\37913facbf2a55b4c566308d5358b6e8.php 第 259 行.
NOTIC: [8] Undefined variable: id D:\chinaiiss\iisspk\Application\Runtime\Cache\Home\37913facbf2a55b4c566308d5358b6e8.php 第 458 行.
INFO: Run Behavior\ParseTemplateBehavior [ RunTime:0.031250s ]
INFO: [ view_parse ] --END-- [ RunTime:0.031250s ]
INFO: [ view_filter ] --START--
INFO: Run Behavior\WriteHtmlCacheBehavior [ RunTime:0.000000s ]
INFO: [ view_filter ] --END-- [ RunTime:0.000000s ]
INFO: [ app_end ] --START--
INFO: Run Behavior\ShowPageTraceBehavior [ RunTime:0.000000s ]
INFO: [ app_end ] --END-- [ RunTime:0.000000s ]

[ 2015-03-05T13:45:50+08:00 ] 127.0.0.1 /pkt/app/338/1
INFO: [ app_init ] --START--
INFO: Run Behavior\BuildLiteBehavior [ RunTime:0.000000s ]
INFO: [ app_init ] --END-- [ RunTime:0.000000s ]
INFO: [ app_begin ] --START--
INFO: Run Behavior\ReadHtmlCacheBehavior [ RunTime:0.000000s ]
INFO: [ app_begin ] --END-- [ RunTime:0.000000s ]
SQL: SHOW COLUMNS FROM `iiss_pk` [ RunTime:0.0000s ]
SQL: SELECT * FROM `iiss_pk` WHERE ( id=338 )  [ RunTime:0.0000s ]
SQL: SELECT * FROM `iiss_pk` WHERE ( id!=338 ) ORDER BY pubdate desc LIMIT 8   [ RunTime:0.0000s ]
NOTIC: [8] curl_setopt() [<a href='function.curl-setopt'>function.curl-setopt</a>]: CURLOPT_SSL_VERIFYHOST no longer accepts the value 1, value 2 will be used instead D:\chinaiiss\iisspk\Application\Components\Comment.class.php 第 175 行.
NOTIC: [2] register_shutdown_function() [<a href='function.register-shutdown-function'>function.register-shutdown-function</a>]: Invalid shutdown callback 'IpLocation::_IIpLocation' passed D:\chinaiiss\iisspk\Application\Components\IpLocation.class.php 第 256 行.
NOTIC: [2] register_shutdown_function() [<a href='function.register-shutdown-function'>function.register-shutdown-function</a>]: Invalid shutdown callback 'IpLocation::_IIpLocation' passed D:\chinaiiss\iisspk\Application\Components\IpLocation.class.php 第 256 行.
NOTIC: [2] register_shutdown_function() [<a href='function.register-shutdown-function'>function.register-shutdown-function</a>]: Invalid shutdown callback 'IpLocation::_IIpLocation' passed D:\chinaiiss\iisspk\Application\Components\IpLocation.class.php 第 256 行.
NOTIC: [2] register_shutdown_function() [<a href='function.register-shutdown-function'>function.register-shutdown-function</a>]: Invalid shutdown callback 'IpLocation::_IIpLocation' passed D:\chinaiiss\iisspk\Application\Components\IpLocation.class.php 第 256 行.
NOTIC: [2] register_shutdown_function() [<a href='function.register-shutdown-function'>function.register-shutdown-function</a>]: Invalid shutdown callback 'IpLocation::_IIpLocation' passed D:\chinaiiss\iisspk\Application\Components\IpLocation.class.php 第 256 行.
NOTIC: [8] curl_setopt() [<a href='function.curl-setopt'>function.curl-setopt</a>]: CURLOPT_SSL_VERIFYHOST no longer accepts the value 1, value 2 will be used instead D:\chinaiiss\iisspk\Application\Components\Comment.class.php 第 175 行.
INFO: [ view_parse ] --START--
INFO: [ template_filter ] --START--
INFO: Run Behavior\ContentReplaceBehavior [ RunTime:0.000000s ]
INFO: [ template_filter ] --END-- [ RunTime:0.000000s ]
NOTIC: [8] Undefined variable: pkinfo D:\chinaiiss\iisspk\Application\Runtime\Cache\Home\ebc8275e464b056d3f1b0def9ad8c339.php 第 83 行.
NOTIC: [8] Undefined index: quotehtml D:\chinaiiss\iisspk\Application\Runtime\Cache\Home\ebc8275e464b056d3f1b0def9ad8c339.php 第 102 行.
NOTIC: [8] Undefined index: quotehtml D:\chinaiiss\iisspk\Application\Runtime\Cache\Home\ebc8275e464b056d3f1b0def9ad8c339.php 第 102 行.
NOTIC: [8] Undefined index: quotehtml D:\chinaiiss\iisspk\Application\Runtime\Cache\Home\ebc8275e464b056d3f1b0def9ad8c339.php 第 102 行.
NOTIC: [8] Undefined index: quotehtml D:\chinaiiss\iisspk\Application\Runtime\Cache\Home\ebc8275e464b056d3f1b0def9ad8c339.php 第 102 行.
NOTIC: [8] Undefined index: quotehtml D:\chinaiiss\iisspk\Application\Runtime\Cache\Home\ebc8275e464b056d3f1b0def9ad8c339.php 第 102 行.
INFO: Run Behavior\ParseTemplateBehavior [ RunTime:0.031250s ]
INFO: [ view_parse ] --END-- [ RunTime:0.031250s ]
INFO: [ view_filter ] --START--
INFO: Run Behavior\WriteHtmlCacheBehavior [ RunTime:0.000000s ]
INFO: [ view_filter ] --END-- [ RunTime:0.000000s ]
INFO: [ app_end ] --START--
INFO: Run Behavior\ShowPageTraceBehavior [ RunTime:0.000000s ]
INFO: [ app_end ] --END-- [ RunTime:0.000000s ]

[ 2015-03-05T13:45:57+08:00 ] 127.0.0.1 /pkt/app/1/1
INFO: [ app_init ] --START--
INFO: Run Behavior\BuildLiteBehavior [ RunTime:0.000000s ]
INFO: [ app_init ] --END-- [ RunTime:0.000000s ]
INFO: [ app_begin ] --START--
INFO: Run Behavior\ReadHtmlCacheBehavior [ RunTime:0.000000s ]
INFO: [ app_begin ] --END-- [ RunTime:0.000000s ]
SQL: SHOW COLUMNS FROM `iiss_pk` [ RunTime:0.0000s ]
SQL: SELECT * FROM `iiss_pk` WHERE ( id=1 )  [ RunTime:0.0000s ]
SQL: SELECT * FROM `iiss_pk` WHERE ( id!=1 ) ORDER BY pubdate desc LIMIT 8   [ RunTime:0.0000s ]
NOTIC: [8] curl_setopt() [<a href='function.curl-setopt'>function.curl-setopt</a>]: CURLOPT_SSL_VERIFYHOST no longer accepts the value 1, value 2 will be used instead D:\chinaiiss\iisspk\Application\Components\Comment.class.php 第 175 行.
NOTIC: [2] register_shutdown_function() [<a href='function.register-shutdown-function'>function.register-shutdown-function</a>]: Invalid shutdown callback 'IpLocation::_IIpLocation' passed D:\chinaiiss\iisspk\Application\Components\IpLocation.class.php 第 256 行.
NOTIC: [2] register_shutdown_function() [<a href='function.register-shutdown-function'>function.register-shutdown-function</a>]: Invalid shutdown callback 'IpLocation::_IIpLocation' passed D:\chinaiiss\iisspk\Application\Components\IpLocation.class.php 第 256 行.
NOTIC: [2] register_shutdown_function() [<a href='function.register-shutdown-function'>function.register-shutdown-function</a>]: Invalid shutdown callback 'IpLocation::_IIpLocation' passed D:\chinaiiss\iisspk\Application\Components\IpLocation.class.php 第 256 行.
NOTIC: [2] register_shutdown_function() [<a href='function.register-shutdown-function'>function.register-shutdown-function</a>]: Invalid shutdown callback 'IpLocation::_IIpLocation' passed D:\chinaiiss\iisspk\Application\Components\IpLocation.class.php 第 256 行.
NOTIC: [8] curl_setopt() [<a href='function.curl-setopt'>function.curl-setopt</a>]: CURLOPT_SSL_VERIFYHOST no longer accepts the value 1, value 2 will be used instead D:\chinaiiss\iisspk\Application\Components\Comment.class.php 第 175 行.
INFO: [ view_parse ] --START--
INFO: [ template_filter ] --START--
INFO: Run Behavior\ContentReplaceBehavior [ RunTime:0.000000s ]
INFO: [ template_filter ] --END-- [ RunTime:0.000000s ]
NOTIC: [8] Undefined variable: pkinfo D:\chinaiiss\iisspk\Application\Runtime\Cache\Home\ebc8275e464b056d3f1b0def9ad8c339.php 第 83 行.
NOTIC: [8] Undefined index: quotehtml D:\chinaiiss\iisspk\Application\Runtime\Cache\Home\ebc8275e464b056d3f1b0def9ad8c339.php 第 102 行.
NOTIC: [8] Undefined index: quotehtml D:\chinaiiss\iisspk\Application\Runtime\Cache\Home\ebc8275e464b056d3f1b0def9ad8c339.php 第 102 行.
NOTIC: [8] Undefined index: quotehtml D:\chinaiiss\iisspk\Application\Runtime\Cache\Home\ebc8275e464b056d3f1b0def9ad8c339.php 第 102 行.
NOTIC: [8] Undefined index: quotehtml D:\chinaiiss\iisspk\Application\Runtime\Cache\Home\ebc8275e464b056d3f1b0def9ad8c339.php 第 102 行.
INFO: Run Behavior\ParseTemplateBehavior [ RunTime:0.015625s ]
INFO: [ view_parse ] --END-- [ RunTime:0.015625s ]
INFO: [ view_filter ] --START--
INFO: Run Behavior\WriteHtmlCacheBehavior [ RunTime:0.000000s ]
INFO: [ view_filter ] --END-- [ RunTime:0.000000s ]
INFO: [ app_end ] --START--
INFO: Run Behavior\ShowPageTraceBehavior [ RunTime:0.000000s ]
INFO: [ app_end ] --END-- [ RunTime:0.000000s ]

[ 2015-03-05T13:54:33+08:00 ] 127.0.0.1 /pkt/app/1/1
INFO: [ app_init ] --START--
INFO: Run Behavior\BuildLiteBehavior [ RunTime:0.000000s ]
INFO: [ app_init ] --END-- [ RunTime:0.000000s ]
INFO: [ app_begin ] --START--
INFO: Run Behavior\ReadHtmlCacheBehavior [ RunTime:0.000000s ]
INFO: [ app_begin ] --END-- [ RunTime:0.000000s ]
SQL: SHOW COLUMNS FROM `iiss_pk` [ RunTime:0.0156s ]
SQL: SELECT * FROM `iiss_pk` WHERE ( id=1 )  [ RunTime:0.0000s ]
SQL: SELECT * FROM `iiss_pk` WHERE ( id!=1 ) ORDER BY pubdate desc LIMIT 8   [ RunTime:0.0000s ]
NOTIC: [8] curl_setopt() [<a href='function.curl-setopt'>function.curl-setopt</a>]: CURLOPT_SSL_VERIFYHOST no longer accepts the value 1, value 2 will be used instead D:\chinaiiss\iisspk\Application\Components\Comment.class.php 第 175 行.
NOTIC: [2] register_shutdown_function() [<a href='function.register-shutdown-function'>function.register-shutdown-function</a>]: Invalid shutdown callback 'IpLocation::_IIpLocation' passed D:\chinaiiss\iisspk\Application\Components\IpLocation.class.php 第 256 行.
NOTIC: [2] register_shutdown_function() [<a href='function.register-shutdown-function'>function.register-shutdown-function</a>]: Invalid shutdown callback 'IpLocation::_IIpLocation' passed D:\chinaiiss\iisspk\Application\Components\IpLocation.class.php 第 256 行.
NOTIC: [2] register_shutdown_function() [<a href='function.register-shutdown-function'>function.register-shutdown-function</a>]: Invalid shutdown callback 'IpLocation::_IIpLocation' passed D:\chinaiiss\iisspk\Application\Components\IpLocation.class.php 第 256 行.
NOTIC: [2] register_shutdown_function() [<a href='function.register-shutdown-function'>function.register-shutdown-function</a>]: Invalid shutdown callback 'IpLocation::_IIpLocation' passed D:\chinaiiss\iisspk\Application\Components\IpLocation.class.php 第 256 行.
NOTIC: [8] curl_setopt() [<a href='function.curl-setopt'>function.curl-setopt</a>]: CURLOPT_SSL_VERIFYHOST no longer accepts the value 1, value 2 will be used instead D:\chinaiiss\iisspk\Application\Components\Comment.class.php 第 175 行.
INFO: [ view_parse ] --START--
INFO: [ template_filter ] --START--
INFO: Run Behavior\ContentReplaceBehavior [ RunTime:0.000000s ]
INFO: [ template_filter ] --END-- [ RunTime:0.000000s ]
NOTIC: [8] Undefined variable: pkinfo D:\chinaiiss\iisspk\Application\Runtime\Cache\Home\9926bd88909867c6eb5fda22d3557be0.php 第 18 行.
INFO: Run Behavior\ParseTemplateBehavior [ RunTime:0.015625s ]
INFO: [ view_parse ] --END-- [ RunTime:0.015625s ]
INFO: [ view_filter ] --START--
INFO: Run Behavior\WriteHtmlCacheBehavior [ RunTime:0.000000s ]
INFO: [ view_filter ] --END-- [ RunTime:0.000000s ]
INFO: [ app_end ] --START--
INFO: Run Behavior\ShowPageTraceBehavior [ RunTime:0.000000s ]
INFO: [ app_end ] --END-- [ RunTime:0.000000s ]

[ 2015-03-05T13:54:48+08:00 ] 127.0.0.1 /pk/opp/1/1
INFO: [ app_init ] --START--
INFO: Run Behavior\BuildLiteBehavior [ RunTime:0.000000s ]
INFO: [ app_init ] --END-- [ RunTime:0.000000s ]
INFO: [ app_begin ] --START--
INFO: Run Behavior\ReadHtmlCacheBehavior [ RunTime:0.000000s ]
INFO: [ app_begin ] --END-- [ RunTime:0.000000s ]
SQL: SHOW COLUMNS FROM `iiss_pk` [ RunTime:0.0000s ]
SQL: SELECT * FROM `iiss_pk` WHERE ( id=1 )  [ RunTime:0.0000s ]
INFO: [ view_parse ] --START--
INFO: [ template_filter ] --START--
INFO: Run Behavior\ContentReplaceBehavior [ RunTime:0.000000s ]
INFO: [ template_filter ] --END-- [ RunTime:0.000000s ]
NOTIC: [8] Undefined variable: sitechar D:\chinaiiss\iisspk\Application\Runtime\Cache\Home\2139e50f827d809570b03948a15a50a5.php 第 4 行.
NOTIC: [8] Undefined variable: pkinfo D:\chinaiiss\iisspk\Application\Runtime\Cache\Home\2139e50f827d809570b03948a15a50a5.php 第 20 行.
NOTIC: [8] Undefined variable: show D:\chinaiiss\iisspk\Application\Runtime\Cache\Home\2139e50f827d809570b03948a15a50a5.php 第 34 行.
INFO: Run Behavior\ParseTemplateBehavior [ RunTime:0.015625s ]
INFO: [ view_parse ] --END-- [ RunTime:0.015625s ]
INFO: [ view_filter ] --START--
INFO: Run Behavior\WriteHtmlCacheBehavior [ RunTime:0.000000s ]
INFO: [ view_filter ] --END-- [ RunTime:0.000000s ]
INFO: [ app_end ] --START--
INFO: Run Behavior\ShowPageTraceBehavior [ RunTime:0.000000s ]
INFO: [ app_end ] --END-- [ RunTime:0.000000s ]

[ 2015-03-05T13:54:59+08:00 ] 127.0.0.1 /pkt/app/388/1
INFO: [ app_init ] --START--
INFO: Run Behavior\BuildLiteBehavior [ RunTime:0.000000s ]
INFO: [ app_init ] --END-- [ RunTime:0.000000s ]
INFO: [ app_begin ] --START--
INFO: Run Behavior\ReadHtmlCacheBehavior [ RunTime:0.000000s ]
INFO: [ app_begin ] --END-- [ RunTime:0.000000s ]
SQL: SHOW COLUMNS FROM `iiss_pk` [ RunTime:0.0000s ]
SQL: SELECT * FROM `iiss_pk` WHERE ( id=388 )  [ RunTime:0.0000s ]
SQL: SELECT * FROM `iiss_pk` WHERE ( id!=388 ) ORDER BY pubdate desc LIMIT 8   [ RunTime:0.0000s ]
NOTIC: [8] curl_setopt() [<a href='function.curl-setopt'>function.curl-setopt</a>]: CURLOPT_SSL_VERIFYHOST no longer accepts the value 1, value 2 will be used instead D:\chinaiiss\iisspk\Application\Components\Comment.class.php 第 175 行.
NOTIC: [8] curl_setopt() [<a href='function.curl-setopt'>function.curl-setopt</a>]: CURLOPT_SSL_VERIFYHOST no longer accepts the value 1, value 2 will be used instead D:\chinaiiss\iisspk\Application\Components\Comment.class.php 第 175 行.
INFO: [ view_parse ] --START--
INFO: [ template_filter ] --START--
INFO: Run Behavior\ContentReplaceBehavior [ RunTime:0.000000s ]
INFO: [ template_filter ] --END-- [ RunTime:0.000000s ]
NOTIC: [8] Undefined variable: pkinfo D:\chinaiiss\iisspk\Application\Runtime\Cache\Home\ebc8275e464b056d3f1b0def9ad8c339.php 第 83 行.
INFO: Run Behavior\ParseTemplateBehavior [ RunTime:0.015625s ]
INFO: [ view_parse ] --END-- [ RunTime:0.015625s ]
INFO: [ view_filter ] --START--
INFO: Run Behavior\WriteHtmlCacheBehavior [ RunTime:0.000000s ]
INFO: [ view_filter ] --END-- [ RunTime:0.000000s ]
INFO: [ app_end ] --START--
INFO: Run Behavior\ShowPageTraceBehavior [ RunTime:0.000000s ]
INFO: [ app_end ] --END-- [ RunTime:0.000000s ]

[ 2015-03-05T13:55:07+08:00 ] 127.0.0.1 /pkt/opp//1
INFO: [ app_init ] --START--
INFO: Run Behavior\BuildLiteBehavior [ RunTime:0.000000s ]
INFO: [ app_init ] --END-- [ RunTime:0.000000s ]
INFO: [ app_begin ] --START--
INFO: Run Behavior\ReadHtmlCacheBehavior [ RunTime:0.000000s ]
INFO: [ app_begin ] --END-- [ RunTime:0.000000s ]
SQL: SHOW COLUMNS FROM `iiss_pk` [ RunTime:0.0156s ]
ERR: SQLSTATE[42000]: Syntax error or access violation: 1064 You have an error in your SQL syntax; check the manual that corresponds to your MySQL server version for the right syntax to use near ')' at line 1

[ 2015-03-05T13:55:18+08:00 ] 127.0.0.1 /pkt/app/338/1
INFO: [ app_init ] --START--
INFO: Run Behavior\BuildLiteBehavior [ RunTime:0.000000s ]
INFO: [ app_init ] --END-- [ RunTime:0.000000s ]
INFO: [ app_begin ] --START--
INFO: Run Behavior\ReadHtmlCacheBehavior [ RunTime:0.000000s ]
INFO: [ app_begin ] --END-- [ RunTime:0.000000s ]
SQL: SHOW COLUMNS FROM `iiss_pk` [ RunTime:0.0000s ]
SQL: SELECT * FROM `iiss_pk` WHERE ( id=338 )  [ RunTime:0.0000s ]
SQL: SELECT * FROM `iiss_pk` WHERE ( id!=338 ) ORDER BY pubdate desc LIMIT 8   [ RunTime:0.0000s ]
NOTIC: [8] curl_setopt() [<a href='function.curl-setopt'>function.curl-setopt</a>]: CURLOPT_SSL_VERIFYHOST no longer accepts the value 1, value 2 will be used instead D:\chinaiiss\iisspk\Application\Components\Comment.class.php 第 175 行.
NOTIC: [2] register_shutdown_function() [<a href='function.register-shutdown-function'>function.register-shutdown-function</a>]: Invalid shutdown callback 'IpLocation::_IIpLocation' passed D:\chinaiiss\iisspk\Application\Components\IpLocation.class.php 第 256 行.
NOTIC: [2] register_shutdown_function() [<a href='function.register-shutdown-function'>function.register-shutdown-function</a>]: Invalid shutdown callback 'IpLocation::_IIpLocation' passed D:\chinaiiss\iisspk\Application\Components\IpLocation.class.php 第 256 行.
NOTIC: [2] register_shutdown_function() [<a href='function.register-shutdown-function'>function.register-shutdown-function</a>]: Invalid shutdown callback 'IpLocation::_IIpLocation' passed D:\chinaiiss\iisspk\Application\Components\IpLocation.class.php 第 256 行.
NOTIC: [2] register_shutdown_function() [<a href='function.register-shutdown-function'>function.register-shutdown-function</a>]: Invalid shutdown callback 'IpLocation::_IIpLocation' passed D:\chinaiiss\iisspk\Application\Components\IpLocation.class.php 第 256 行.
NOTIC: [2] register_shutdown_function() [<a href='function.register-shutdown-function'>function.register-shutdown-function</a>]: Invalid shutdown callback 'IpLocation::_IIpLocation' passed D:\chinaiiss\iisspk\Application\Components\IpLocation.class.php 第 256 行.
NOTIC: [8] curl_setopt() [<a href='function.curl-setopt'>function.curl-setopt</a>]: CURLOPT_SSL_VERIFYHOST no longer accepts the value 1, value 2 will be used instead D:\chinaiiss\iisspk\Application\Components\Comment.class.php 第 175 行.
INFO: [ view_parse ] --START--
INFO: [ template_filter ] --START--
INFO: Run Behavior\ContentReplaceBehavior [ RunTime:0.000000s ]
INFO: [ template_filter ] --END-- [ RunTime:0.000000s ]
NOTIC: [8] Undefined variable: pkinfo D:\chinaiiss\iisspk\Application\Runtime\Cache\Home\ebc8275e464b056d3f1b0def9ad8c339.php 第 83 行.
NOTIC: [8] Undefined index: quotehtml D:\chinaiiss\iisspk\Application\Runtime\Cache\Home\ebc8275e464b056d3f1b0def9ad8c339.php 第 102 行.
NOTIC: [8] Undefined index: quotehtml D:\chinaiiss\iisspk\Application\Runtime\Cache\Home\ebc8275e464b056d3f1b0def9ad8c339.php 第 102 行.
NOTIC: [8] Undefined index: quotehtml D:\chinaiiss\iisspk\Application\Runtime\Cache\Home\ebc8275e464b056d3f1b0def9ad8c339.php 第 102 行.
NOTIC: [8] Undefined index: quotehtml D:\chinaiiss\iisspk\Application\Runtime\Cache\Home\ebc8275e464b056d3f1b0def9ad8c339.php 第 102 行.
NOTIC: [8] Undefined index: quotehtml D:\chinaiiss\iisspk\Application\Runtime\Cache\Home\ebc8275e464b056d3f1b0def9ad8c339.php 第 102 行.
INFO: Run Behavior\ParseTemplateBehavior [ RunTime:0.015625s ]
INFO: [ view_parse ] --END-- [ RunTime:0.015625s ]
INFO: [ view_filter ] --START--
INFO: Run Behavior\WriteHtmlCacheBehavior [ RunTime:0.000000s ]
INFO: [ view_filter ] --END-- [ RunTime:0.000000s ]
INFO: [ app_end ] --START--
INFO: Run Behavior\ShowPageTraceBehavior [ RunTime:0.000000s ]
INFO: [ app_end ] --END-- [ RunTime:0.000000s ]

[ 2015-03-05T13:55:23+08:00 ] 127.0.0.1 /pkt/opp/338/1
INFO: [ app_init ] --START--
INFO: Run Behavior\BuildLiteBehavior [ RunTime:0.000000s ]
INFO: [ app_init ] --END-- [ RunTime:0.000000s ]
INFO: [ app_begin ] --START--
INFO: Run Behavior\ReadHtmlCacheBehavior [ RunTime:0.000000s ]
INFO: [ app_begin ] --END-- [ RunTime:0.000000s ]
SQL: SHOW COLUMNS FROM `iiss_pk` [ RunTime:0.0000s ]
SQL: SELECT * FROM `iiss_pk` WHERE ( id=338 )  [ RunTime:0.0000s ]
SQL: SELECT * FROM `iiss_pk` WHERE ( id!=338 ) ORDER BY pubdate desc LIMIT 8   [ RunTime:0.0156s ]
NOTIC: [8] curl_setopt() [<a href='function.curl-setopt'>function.curl-setopt</a>]: CURLOPT_SSL_VERIFYHOST no longer accepts the value 1, value 2 will be used instead D:\chinaiiss\iisspk\Application\Components\Comment.class.php 第 175 行.
NOTIC: [2] register_shutdown_function() [<a href='function.register-shutdown-function'>function.register-shutdown-function</a>]: Invalid shutdown callback 'IpLocation::_IIpLocation' passed D:\chinaiiss\iisspk\Application\Components\IpLocation.class.php 第 256 行.
NOTIC: [2] register_shutdown_function() [<a href='function.register-shutdown-function'>function.register-shutdown-function</a>]: Invalid shutdown callback 'IpLocation::_IIpLocation' passed D:\chinaiiss\iisspk\Application\Components\IpLocation.class.php 第 256 行.
NOTIC: [2] register_shutdown_function() [<a href='function.register-shutdown-function'>function.register-shutdown-function</a>]: Invalid shutdown callback 'IpLocation::_IIpLocation' passed D:\chinaiiss\iisspk\Application\Components\IpLocation.class.php 第 256 行.
NOTIC: [2] register_shutdown_function() [<a href='function.register-shutdown-function'>function.register-shutdown-function</a>]: Invalid shutdown callback 'IpLocation::_IIpLocation' passed D:\chinaiiss\iisspk\Application\Components\IpLocation.class.php 第 256 行.
NOTIC: [2] register_shutdown_function() [<a href='function.register-shutdown-function'>function.register-shutdown-function</a>]: Invalid shutdown callback 'IpLocation::_IIpLocation' passed D:\chinaiiss\iisspk\Application\Components\IpLocation.class.php 第 256 行.
NOTIC: [8] curl_setopt() [<a href='function.curl-setopt'>function.curl-setopt</a>]: CURLOPT_SSL_VERIFYHOST no longer accepts the value 1, value 2 will be used instead D:\chinaiiss\iisspk\Application\Components\Comment.class.php 第 175 行.
NOTIC: [8] curl_setopt() [<a href='function.curl-setopt'>function.curl-setopt</a>]: CURLOPT_SSL_VERIFYHOST no longer accepts the value 1, value 2 will be used instead D:\chinaiiss\iisspk\Application\Components\Comment.class.php 第 175 行.
INFO: [ view_parse ] --START--
INFO: [ template_filter ] --START--
INFO: Run Behavior\ContentReplaceBehavior [ RunTime:0.000000s ]
INFO: [ template_filter ] --END-- [ RunTime:0.000000s ]
NOTIC: [8] Undefined variable: pkinfo D:\chinaiiss\iisspk\Application\Runtime\Cache\Home\8332bc4023aef1be3b1f1acfedf56e9d.php 第 84 行.
NOTIC: [8] Undefined index: quotehtml D:\chinaiiss\iisspk\Application\Runtime\Cache\Home\8332bc4023aef1be3b1f1acfedf56e9d.php 第 103 行.
NOTIC: [8] Undefined index: quotehtml D:\chinaiiss\iisspk\Application\Runtime\Cache\Home\8332bc4023aef1be3b1f1acfedf56e9d.php 第 103 行.
NOTIC: [8] Undefined index: quotehtml D:\chinaiiss\iisspk\Application\Runtime\Cache\Home\8332bc4023aef1be3b1f1acfedf56e9d.php 第 103 行.
NOTIC: [8] Undefined index: quotehtml D:\chinaiiss\iisspk\Application\Runtime\Cache\Home\8332bc4023aef1be3b1f1acfedf56e9d.php 第 103 行.
INFO: Run Behavior\ParseTemplateBehavior [ RunTime:0.015625s ]
INFO: [ view_parse ] --END-- [ RunTime:0.015625s ]
INFO: [ view_filter ] --START--
INFO: Run Behavior\WriteHtmlCacheBehavior [ RunTime:0.000000s ]
INFO: [ view_filter ] --END-- [ RunTime:0.000000s ]
INFO: [ app_end ] --START--
INFO: Run Behavior\ShowPageTraceBehavior [ RunTime:0.000000s ]
INFO: [ app_end ] --END-- [ RunTime:0.000000s ]

[ 2015-03-05T13:56:41+08:00 ] 127.0.0.1 /pkt/app/338/1
INFO: [ app_init ] --START--
INFO: Run Behavior\BuildLiteBehavior [ RunTime:0.000000s ]
INFO: [ app_init ] --END-- [ RunTime:0.000000s ]
INFO: [ app_begin ] --START--
INFO: Run Behavior\ReadHtmlCacheBehavior [ RunTime:0.000000s ]
INFO: [ app_begin ] --END-- [ RunTime:0.000000s ]
SQL: SHOW COLUMNS FROM `iiss_pk` [ RunTime:0.0000s ]
SQL: SELECT * FROM `iiss_pk` WHERE ( id=338 )  [ RunTime:0.0000s ]
SQL: SELECT * FROM `iiss_pk` WHERE ( id!=338 ) ORDER BY pubdate desc LIMIT 8   [ RunTime:0.0000s ]
NOTIC: [8] curl_setopt() [<a href='function.curl-setopt'>function.curl-setopt</a>]: CURLOPT_SSL_VERIFYHOST no longer accepts the value 1, value 2 will be used instead D:\chinaiiss\iisspk\Application\Components\Comment.class.php 第 175 行.
NOTIC: [2] register_shutdown_function() [<a href='function.register-shutdown-function'>function.register-shutdown-function</a>]: Invalid shutdown callback 'IpLocation::_IIpLocation' passed D:\chinaiiss\iisspk\Application\Components\IpLocation.class.php 第 256 行.
NOTIC: [2] register_shutdown_function() [<a href='function.register-shutdown-function'>function.register-shutdown-function</a>]: Invalid shutdown callback 'IpLocation::_IIpLocation' passed D:\chinaiiss\iisspk\Application\Components\IpLocation.class.php 第 256 行.
NOTIC: [2] register_shutdown_function() [<a href='function.register-shutdown-function'>function.register-shutdown-function</a>]: Invalid shutdown callback 'IpLocation::_IIpLocation' passed D:\chinaiiss\iisspk\Application\Components\IpLocation.class.php 第 256 行.
NOTIC: [2] register_shutdown_function() [<a href='function.register-shutdown-function'>function.register-shutdown-function</a>]: Invalid shutdown callback 'IpLocation::_IIpLocation' passed D:\chinaiiss\iisspk\Application\Components\IpLocation.class.php 第 256 行.
NOTIC: [2] register_shutdown_function() [<a href='function.register-shutdown-function'>function.register-shutdown-function</a>]: Invalid shutdown callback 'IpLocation::_IIpLocation' passed D:\chinaiiss\iisspk\Application\Components\IpLocation.class.php 第 256 行.
NOTIC: [8] curl_setopt() [<a href='function.curl-setopt'>function.curl-setopt</a>]: CURLOPT_SSL_VERIFYHOST no longer accepts the value 1, value 2 will be used instead D:\chinaiiss\iisspk\Application\Components\Comment.class.php 第 175 行.
INFO: [ view_parse ] --START--
INFO: [ template_filter ] --START--
INFO: Run Behavior\ContentReplaceBehavior [ RunTime:0.000000s ]
INFO: [ template_filter ] --END-- [ RunTime:0.000000s ]
NOTIC: [8] Undefined variable: pkinfo D:\chinaiiss\iisspk\Application\Runtime\Cache\Home\ebc8275e464b056d3f1b0def9ad8c339.php 第 83 行.
NOTIC: [8] Undefined index: quotehtml D:\chinaiiss\iisspk\Application\Runtime\Cache\Home\ebc8275e464b056d3f1b0def9ad8c339.php 第 102 行.
NOTIC: [8] Undefined index: quotehtml D:\chinaiiss\iisspk\Application\Runtime\Cache\Home\ebc8275e464b056d3f1b0def9ad8c339.php 第 102 行.
NOTIC: [8] Undefined index: quotehtml D:\chinaiiss\iisspk\Application\Runtime\Cache\Home\ebc8275e464b056d3f1b0def9ad8c339.php 第 102 行.
NOTIC: [8] Undefined index: quotehtml D:\chinaiiss\iisspk\Application\Runtime\Cache\Home\ebc8275e464b056d3f1b0def9ad8c339.php 第 102 行.
NOTIC: [8] Undefined index: quotehtml D:\chinaiiss\iisspk\Application\Runtime\Cache\Home\ebc8275e464b056d3f1b0def9ad8c339.php 第 102 行.
INFO: Run Behavior\ParseTemplateBehavior [ RunTime:0.015625s ]
INFO: [ view_parse ] --END-- [ RunTime:0.015625s ]
INFO: [ view_filter ] --START--
INFO: Run Behavior\WriteHtmlCacheBehavior [ RunTime:0.000000s ]
INFO: [ view_filter ] --END-- [ RunTime:0.000000s ]
INFO: [ app_end ] --START--
INFO: Run Behavior\ShowPageTraceBehavior [ RunTime:0.000000s ]
INFO: [ app_end ] --END-- [ RunTime:0.000000s ]

[ 2015-03-05T13:56:42+08:00 ] 127.0.0.1 /pkt/opp/338/1
INFO: [ app_init ] --START--
INFO: Run Behavior\BuildLiteBehavior [ RunTime:0.000000s ]
INFO: [ app_init ] --END-- [ RunTime:0.000000s ]
INFO: [ app_begin ] --START--
INFO: Run Behavior\ReadHtmlCacheBehavior [ RunTime:0.000000s ]
INFO: [ app_begin ] --END-- [ RunTime:0.000000s ]
SQL: SHOW COLUMNS FROM `iiss_pk` [ RunTime:0.0000s ]
SQL: SELECT * FROM `iiss_pk` WHERE ( id=338 )  [ RunTime:0.0000s ]
SQL: SELECT * FROM `iiss_pk` WHERE ( id!=338 ) ORDER BY pubdate desc LIMIT 8   [ RunTime:0.0000s ]
NOTIC: [8] curl_setopt() [<a href='function.curl-setopt'>function.curl-setopt</a>]: CURLOPT_SSL_VERIFYHOST no longer accepts the value 1, value 2 will be used instead D:\chinaiiss\iisspk\Application\Components\Comment.class.php 第 175 行.
NOTIC: [2] register_shutdown_function() [<a href='function.register-shutdown-function'>function.register-shutdown-function</a>]: Invalid shutdown callback 'IpLocation::_IIpLocation' passed D:\chinaiiss\iisspk\Application\Components\IpLocation.class.php 第 256 行.
NOTIC: [2] register_shutdown_function() [<a href='function.register-shutdown-function'>function.register-shutdown-function</a>]: Invalid shutdown callback 'IpLocation::_IIpLocation' passed D:\chinaiiss\iisspk\Application\Components\IpLocation.class.php 第 256 行.
NOTIC: [2] register_shutdown_function() [<a href='function.register-shutdown-function'>function.register-shutdown-function</a>]: Invalid shutdown callback 'IpLocation::_IIpLocation' passed D:\chinaiiss\iisspk\Application\Components\IpLocation.class.php 第 256 行.
NOTIC: [2] register_shutdown_function() [<a href='function.register-shutdown-function'>function.register-shutdown-function</a>]: Invalid shutdown callback 'IpLocation::_IIpLocation' passed D:\chinaiiss\iisspk\Application\Components\IpLocation.class.php 第 256 行.
NOTIC: [2] register_shutdown_function() [<a href='function.register-shutdown-function'>function.register-shutdown-function</a>]: Invalid shutdown callback 'IpLocation::_IIpLocation' passed D:\chinaiiss\iisspk\Application\Components\IpLocation.class.php 第 256 行.
NOTIC: [8] curl_setopt() [<a href='function.curl-setopt'>function.curl-setopt</a>]: CURLOPT_SSL_VERIFYHOST no longer accepts the value 1, value 2 will be used instead D:\chinaiiss\iisspk\Application\Components\Comment.class.php 第 175 行.
NOTIC: [8] curl_setopt() [<a href='function.curl-setopt'>function.curl-setopt</a>]: CURLOPT_SSL_VERIFYHOST no longer accepts the value 1, value 2 will be used instead D:\chinaiiss\iisspk\Application\Components\Comment.class.php 第 175 行.
INFO: [ view_parse ] --START--
INFO: [ template_filter ] --START--
INFO: Run Behavior\ContentReplaceBehavior [ RunTime:0.000000s ]
INFO: [ template_filter ] --END-- [ RunTime:0.000000s ]
NOTIC: [8] Undefined variable: pkinfo D:\chinaiiss\iisspk\Application\Runtime\Cache\Home\8332bc4023aef1be3b1f1acfedf56e9d.php 第 84 行.
NOTIC: [8] Undefined index: quotehtml D:\chinaiiss\iisspk\Application\Runtime\Cache\Home\8332bc4023aef1be3b1f1acfedf56e9d.php 第 103 行.
NOTIC: [8] Undefined index: quotehtml D:\chinaiiss\iisspk\Application\Runtime\Cache\Home\8332bc4023aef1be3b1f1acfedf56e9d.php 第 103 行.
NOTIC: [8] Undefined index: quotehtml D:\chinaiiss\iisspk\Application\Runtime\Cache\Home\8332bc4023aef1be3b1f1acfedf56e9d.php 第 103 行.
NOTIC: [8] Undefined index: quotehtml D:\chinaiiss\iisspk\Application\Runtime\Cache\Home\8332bc4023aef1be3b1f1acfedf56e9d.php 第 103 行.
INFO: Run Behavior\ParseTemplateBehavior [ RunTime:0.015625s ]
INFO: [ view_parse ] --END-- [ RunTime:0.015625s ]
INFO: [ view_filter ] --START--
INFO: Run Behavior\WriteHtmlCacheBehavior [ RunTime:0.000000s ]
INFO: [ view_filter ] --END-- [ RunTime:0.000000s ]
INFO: [ app_end ] --START--
INFO: Run Behavior\ShowPageTraceBehavior [ RunTime:0.000000s ]
INFO: [ app_end ] --END-- [ RunTime:0.000000s ]

[ 2015-03-05T13:56:46+08:00 ] 127.0.0.1 /pkt/opp/1/1
INFO: [ app_init ] --START--
INFO: Run Behavior\BuildLiteBehavior [ RunTime:0.000000s ]
INFO: [ app_init ] --END-- [ RunTime:0.000000s ]
INFO: [ app_begin ] --START--
INFO: Run Behavior\ReadHtmlCacheBehavior [ RunTime:0.000000s ]
INFO: [ app_begin ] --END-- [ RunTime:0.000000s ]
SQL: SHOW COLUMNS FROM `iiss_pk` [ RunTime:0.0000s ]
SQL: SELECT * FROM `iiss_pk` WHERE ( id=1 )  [ RunTime:0.0000s ]
SQL: SELECT * FROM `iiss_pk` WHERE ( id!=1 ) ORDER BY pubdate desc LIMIT 8   [ RunTime:0.0000s ]
NOTIC: [8] curl_setopt() [<a href='function.curl-setopt'>function.curl-setopt</a>]: CURLOPT_SSL_VERIFYHOST no longer accepts the value 1, value 2 will be used instead D:\chinaiiss\iisspk\Application\Components\Comment.class.php 第 175 行.
NOTIC: [2] register_shutdown_function() [<a href='function.register-shutdown-function'>function.register-shutdown-function</a>]: Invalid shutdown callback 'IpLocation::_IIpLocation' passed D:\chinaiiss\iisspk\Application\Components\IpLocation.class.php 第 256 行.
NOTIC: [2] register_shutdown_function() [<a href='function.register-shutdown-function'>function.register-shutdown-function</a>]: Invalid shutdown callback 'IpLocation::_IIpLocation' passed D:\chinaiiss\iisspk\Application\Components\IpLocation.class.php 第 256 行.
NOTIC: [2] register_shutdown_function() [<a href='function.register-shutdown-function'>function.register-shutdown-function</a>]: Invalid shutdown callback 'IpLocation::_IIpLocation' passed D:\chinaiiss\iisspk\Application\Components\IpLocation.class.php 第 256 行.
NOTIC: [8] curl_setopt() [<a href='function.curl-setopt'>function.curl-setopt</a>]: CURLOPT_SSL_VERIFYHOST no longer accepts the value 1, value 2 will be used instead D:\chinaiiss\iisspk\Application\Components\Comment.class.php 第 175 行.
INFO: [ view_parse ] --START--
INFO: [ template_filter ] --START--
INFO: Run Behavior\ContentReplaceBehavior [ RunTime:0.000000s ]
INFO: [ template_filter ] --END-- [ RunTime:0.000000s ]
NOTIC: [8] Undefined variable: pkinfo D:\chinaiiss\iisspk\Application\Runtime\Cache\Home\47537d6c75e38b94685b59426a9a7ae0.php 第 5 行.
NOTIC: [8] Undefined variable: pkinfo D:\chinaiiss\iisspk\Application\Runtime\Cache\Home\47537d6c75e38b94685b59426a9a7ae0.php 第 6 行.
NOTIC: [8] Undefined variable: pkinfo D:\chinaiiss\iisspk\Application\Runtime\Cache\Home\47537d6c75e38b94685b59426a9a7ae0.php 第 7 行.
NOTIC: [8] Undefined variable: pkinfo D:\chinaiiss\iisspk\Application\Runtime\Cache\Home\47537d6c75e38b94685b59426a9a7ae0.php 第 61 行.
NOTIC: [8] Undefined variable: pkinfo D:\chinaiiss\iisspk\Application\Runtime\Cache\Home\47537d6c75e38b94685b59426a9a7ae0.php 第 63 行.
NOTIC: [8] Undefined variable: pkinfo D:\chinaiiss\iisspk\Application\Runtime\Cache\Home\47537d6c75e38b94685b59426a9a7ae0.php 第 67 行.
NOTIC: [8] Undefined variable: title D:\chinaiiss\iisspk\Application\Runtime\Cache\Home\47537d6c75e38b94685b59426a9a7ae0.php 第 67 行.
NOTIC: [8] Undefined variable: pkinfo D:\chinaiiss\iisspk\Application\Runtime\Cache\Home\47537d6c75e38b94685b59426a9a7ae0.php 第 68 行.
NOTIC: [8] Undefined variable: pkinfo D:\chinaiiss\iisspk\Application\Runtime\Cache\Home\47537d6c75e38b94685b59426a9a7ae0.php 第 68 行.
NOTIC: [8] Undefined variable: pklist D:\chinaiiss\iisspk\Application\Runtime\Cache\Home\47537d6c75e38b94685b59426a9a7ae0.php 第 73 行.
NOTIC: [8] Undefined variable: pkinfo D:\chinaiiss\iisspk\Application\Runtime\Cache\Home\47537d6c75e38b94685b59426a9a7ae0.php 第 76 行.
NOTIC: [8] Undefined variable: pkinfo D:\chinaiiss\iisspk\Application\Runtime\Cache\Home\47537d6c75e38b94685b59426a9a7ae0.php 第 79 行.
NOTIC: [8] Undefined variable: pkinfo D:\chinaiiss\iisspk\Application\Runtime\Cache\Home\47537d6c75e38b94685b59426a9a7ae0.php 第 82 行.
NOTIC: [8] Undefined variable: pkinfo D:\chinaiiss\iisspk\Application\Runtime\Cache\Home\47537d6c75e38b94685b59426a9a7ae0.php 第 83 行.
NOTIC: [8] Undefined variable: pkinfo D:\chinaiiss\iisspk\Application\Runtime\Cache\Home\47537d6c75e38b94685b59426a9a7ae0.php 第 83 行.
NOTIC: [8] Undefined variable: pkinfo D:\chinaiiss\iisspk\Application\Runtime\Cache\Home\47537d6c75e38b94685b59426a9a7ae0.php 第 83 行.
NOTIC: [8] Undefined variable: pkinfo D:\chinaiiss\iisspk\Application\Runtime\Cache\Home\47537d6c75e38b94685b59426a9a7ae0.php 第 84 行.
NOTIC: [8] Undefined variable: pkinfo D:\chinaiiss\iisspk\Application\Runtime\Cache\Home\47537d6c75e38b94685b59426a9a7ae0.php 第 85 行.
NOTIC: [8] Undefined variable: pkinfo D:\chinaiiss\iisspk\Application\Runtime\Cache\Home\47537d6c75e38b94685b59426a9a7ae0.php 第 86 行.
NOTIC: [8] Undefined variable: pkinfo D:\chinaiiss\iisspk\Application\Runtime\Cache\Home\47537d6c75e38b94685b59426a9a7ae0.php 第 86 行.
NOTIC: [8] Undefined variable: pkinfo D:\chinaiiss\iisspk\Application\Runtime\Cache\Home\47537d6c75e38b94685b59426a9a7ae0.php 第 86 行.
NOTIC: [8] Undefined variable: pkinfo D:\chinaiiss\iisspk\Application\Runtime\Cache\Home\47537d6c75e38b94685b59426a9a7ae0.php 第 87 行.
NOTIC: [8] Undefined variable: result D:\chinaiiss\iisspk\Application\Runtime\Cache\Home\47537d6c75e38b94685b59426a9a7ae0.php 第 90 行.
NOTIC: [8] Undefined variable: result D:\chinaiiss\iisspk\Application\Runtime\Cache\Home\47537d6c75e38b94685b59426a9a7ae0.php 第 91 行.
NOTIC: [8] Undefined variable: result D:\chinaiiss\iisspk\Application\Runtime\Cache\Home\47537d6c75e38b94685b59426a9a7ae0.php 第 92 行.
NOTIC: [8] Undefined variable: pkinfo D:\chinaiiss\iisspk\Application\Runtime\Cache\Home\47537d6c75e38b94685b59426a9a7ae0.php 第 97 行.
NOTIC: [8] Undefined variable: pkinfo D:\chinaiiss\iisspk\Application\Runtime\Cache\Home\47537d6c75e38b94685b59426a9a7ae0.php 第 99 行.
NOTIC: [8] Undefined variable: goodcomm D:\chinaiiss\iisspk\Application\Runtime\Cache\Home\47537d6c75e38b94685b59426a9a7ae0.php 第 103 行.
NOTIC: [8] Undefined variable: pkinfo D:\chinaiiss\iisspk\Application\Runtime\Cache\Home\47537d6c75e38b94685b59426a9a7ae0.php 第 125 行.
NOTIC: [8] Undefined variable: pkinfo D:\chinaiiss\iisspk\Application\Runtime\Cache\Home\47537d6c75e38b94685b59426a9a7ae0.php 第 127 行.
NOTIC: [8] Undefined variable: pkinfo D:\chinaiiss\iisspk\Application\Runtime\Cache\Home\47537d6c75e38b94685b59426a9a7ae0.php 第 131 行.
NOTIC: [8] Undefined index: quotecomm D:\chinaiiss\iisspk\Application\Runtime\Cache\Home\47537d6c75e38b94685b59426a9a7ae0.php 第 133 行.
NOTIC: [8] Undefined variable: pkinfo D:\chinaiiss\iisspk\Application\Runtime\Cache\Home\47537d6c75e38b94685b59426a9a7ae0.php 第 131 行.
NOTIC: [8] Undefined index: quotecomm D:\chinaiiss\iisspk\Application\Runtime\Cache\Home\47537d6c75e38b94685b59426a9a7ae0.php 第 133 行.
NOTIC: [8] Undefined variable: pkinfo D:\chinaiiss\iisspk\Application\Runtime\Cache\Home\47537d6c75e38b94685b59426a9a7ae0.php 第 131 行.
NOTIC: [8] Undefined index: quotecomm D:\chinaiiss\iisspk\Application\Runtime\Cache\Home\47537d6c75e38b94685b59426a9a7ae0.php 第 133 行.
NOTIC: [8] Undefined variable: pkinfo D:\chinaiiss\iisspk\Application\Runtime\Cache\Home\47537d6c75e38b94685b59426a9a7ae0.php 第 154 行.
NOTIC: [8] Undefined variable: pkinfo D:\chinaiiss\iisspk\Application\Runtime\Cache\Home\47537d6c75e38b94685b59426a9a7ae0.php 第 155 行.
INFO: Run Behavior\ParseTemplateBehavior [ RunTime:0.015625s ]
INFO: [ view_parse ] --END-- [ RunTime:0.015625s ]
INFO: [ view_filter ] --START--
INFO: Run Behavior\WriteHtmlCacheBehavior [ RunTime:0.000000s ]
INFO: [ view_filter ] --END-- [ RunTime:0.000000s ]
INFO: [ app_end ] --START--
INFO: Run Behavior\ShowPageTraceBehavior [ RunTime:0.000000s ]
INFO: [ app_end ] --END-- [ RunTime:0.000000s ]

[ 2015-03-05T13:57:03+08:00 ] 127.0.0.1 /pkt/opp/1/1
INFO: [ app_init ] --START--
INFO: Run Behavior\BuildLiteBehavior [ RunTime:0.000000s ]
INFO: [ app_init ] --END-- [ RunTime:0.000000s ]
INFO: [ app_begin ] --START--
INFO: Run Behavior\ReadHtmlCacheBehavior [ RunTime:0.000000s ]
INFO: [ app_begin ] --END-- [ RunTime:0.000000s ]
SQL: SHOW COLUMNS FROM `iiss_pk` [ RunTime:0.0156s ]
SQL: SELECT * FROM `iiss_pk` WHERE ( id=1 )  [ RunTime:0.0000s ]
SQL: SELECT * FROM `iiss_pk` WHERE ( id!=1 ) ORDER BY pubdate desc LIMIT 8   [ RunTime:0.0000s ]
NOTIC: [8] curl_setopt() [<a href='function.curl-setopt'>function.curl-setopt</a>]: CURLOPT_SSL_VERIFYHOST no longer accepts the value 1, value 2 will be used instead D:\chinaiiss\iisspk\Application\Components\Comment.class.php 第 175 行.
NOTIC: [2] register_shutdown_function() [<a href='function.register-shutdown-function'>function.register-shutdown-function</a>]: Invalid shutdown callback 'IpLocation::_IIpLocation' passed D:\chinaiiss\iisspk\Application\Components\IpLocation.class.php 第 256 行.
NOTIC: [2] register_shutdown_function() [<a href='function.register-shutdown-function'>function.register-shutdown-function</a>]: Invalid shutdown callback 'IpLocation::_IIpLocation' passed D:\chinaiiss\iisspk\Application\Components\IpLocation.class.php 第 256 行.
NOTIC: [2] register_shutdown_function() [<a href='function.register-shutdown-function'>function.register-shutdown-function</a>]: Invalid shutdown callback 'IpLocation::_IIpLocation' passed D:\chinaiiss\iisspk\Application\Components\IpLocation.class.php 第 256 行.
NOTIC: [8] curl_setopt() [<a href='function.curl-setopt'>function.curl-setopt</a>]: CURLOPT_SSL_VERIFYHOST no longer accepts the value 1, value 2 will be used instead D:\chinaiiss\iisspk\Application\Components\Comment.class.php 第 175 行.
INFO: [ view_parse ] --START--
INFO: [ template_filter ] --START--
INFO: Run Behavior\ContentReplaceBehavior [ RunTime:0.000000s ]
INFO: [ template_filter ] --END-- [ RunTime:0.000000s ]
NOTIC: [8] Undefined variable: pkinfo D:\chinaiiss\iisspk\Application\Runtime\Cache\Home\47537d6c75e38b94685b59426a9a7ae0.php 第 5 行.
NOTIC: [8] Undefined variable: pkinfo D:\chinaiiss\iisspk\Application\Runtime\Cache\Home\47537d6c75e38b94685b59426a9a7ae0.php 第 6 行.
NOTIC: [8] Undefined variable: pkinfo D:\chinaiiss\iisspk\Application\Runtime\Cache\Home\47537d6c75e38b94685b59426a9a7ae0.php 第 7 行.
NOTIC: [8] Undefined variable: pkinfo D:\chinaiiss\iisspk\Application\Runtime\Cache\Home\47537d6c75e38b94685b59426a9a7ae0.php 第 61 行.
NOTIC: [8] Undefined variable: pkinfo D:\chinaiiss\iisspk\Application\Runtime\Cache\Home\47537d6c75e38b94685b59426a9a7ae0.php 第 63 行.
NOTIC: [8] Undefined variable: pkinfo D:\chinaiiss\iisspk\Application\Runtime\Cache\Home\47537d6c75e38b94685b59426a9a7ae0.php 第 67 行.
NOTIC: [8] Undefined variable: title D:\chinaiiss\iisspk\Application\Runtime\Cache\Home\47537d6c75e38b94685b59426a9a7ae0.php 第 67 行.
NOTIC: [8] Undefined variable: pkinfo D:\chinaiiss\iisspk\Application\Runtime\Cache\Home\47537d6c75e38b94685b59426a9a7ae0.php 第 68 行.
NOTIC: [8] Undefined variable: pkinfo D:\chinaiiss\iisspk\Application\Runtime\Cache\Home\47537d6c75e38b94685b59426a9a7ae0.php 第 68 行.
NOTIC: [8] Undefined variable: pklist D:\chinaiiss\iisspk\Application\Runtime\Cache\Home\47537d6c75e38b94685b59426a9a7ae0.php 第 73 行.
NOTIC: [8] Undefined variable: pkinfo D:\chinaiiss\iisspk\Application\Runtime\Cache\Home\47537d6c75e38b94685b59426a9a7ae0.php 第 76 行.
NOTIC: [8] Undefined variable: pkinfo D:\chinaiiss\iisspk\Application\Runtime\Cache\Home\47537d6c75e38b94685b59426a9a7ae0.php 第 79 行.
NOTIC: [8] Undefined variable: pkinfo D:\chinaiiss\iisspk\Application\Runtime\Cache\Home\47537d6c75e38b94685b59426a9a7ae0.php 第 82 行.
NOTIC: [8] Undefined variable: pkinfo D:\chinaiiss\iisspk\Application\Runtime\Cache\Home\47537d6c75e38b94685b59426a9a7ae0.php 第 83 行.
NOTIC: [8] Undefined variable: pkinfo D:\chinaiiss\iisspk\Application\Runtime\Cache\Home\47537d6c75e38b94685b59426a9a7ae0.php 第 83 行.
NOTIC: [8] Undefined variable: pkinfo D:\chinaiiss\iisspk\Application\Runtime\Cache\Home\47537d6c75e38b94685b59426a9a7ae0.php 第 83 行.
NOTIC: [8] Undefined variable: pkinfo D:\chinaiiss\iisspk\Application\Runtime\Cache\Home\47537d6c75e38b94685b59426a9a7ae0.php 第 84 行.
NOTIC: [8] Undefined variable: pkinfo D:\chinaiiss\iisspk\Application\Runtime\Cache\Home\47537d6c75e38b94685b59426a9a7ae0.php 第 85 行.
NOTIC: [8] Undefined variable: pkinfo D:\chinaiiss\iisspk\Application\Runtime\Cache\Home\47537d6c75e38b94685b59426a9a7ae0.php 第 86 行.
NOTIC: [8] Undefined variable: pkinfo D:\chinaiiss\iisspk\Application\Runtime\Cache\Home\47537d6c75e38b94685b59426a9a7ae0.php 第 86 行.
NOTIC: [8] Undefined variable: pkinfo D:\chinaiiss\iisspk\Application\Runtime\Cache\Home\47537d6c75e38b94685b59426a9a7ae0.php 第 86 行.
NOTIC: [8] Undefined variable: pkinfo D:\chinaiiss\iisspk\Application\Runtime\Cache\Home\47537d6c75e38b94685b59426a9a7ae0.php 第 87 行.
NOTIC: [8] Undefined variable: result D:\chinaiiss\iisspk\Application\Runtime\Cache\Home\47537d6c75e38b94685b59426a9a7ae0.php 第 90 行.
NOTIC: [8] Undefined variable: result D:\chinaiiss\iisspk\Application\Runtime\Cache\Home\47537d6c75e38b94685b59426a9a7ae0.php 第 91 行.
NOTIC: [8] Undefined variable: result D:\chinaiiss\iisspk\Application\Runtime\Cache\Home\47537d6c75e38b94685b59426a9a7ae0.php 第 92 行.
NOTIC: [8] Undefined variable: pkinfo D:\chinaiiss\iisspk\Application\Runtime\Cache\Home\47537d6c75e38b94685b59426a9a7ae0.php 第 97 行.
NOTIC: [8] Undefined variable: pkinfo D:\chinaiiss\iisspk\Application\Runtime\Cache\Home\47537d6c75e38b94685b59426a9a7ae0.php 第 99 行.
NOTIC: [8] Undefined variable: goodcomm D:\chinaiiss\iisspk\Application\Runtime\Cache\Home\47537d6c75e38b94685b59426a9a7ae0.php 第 103 行.
NOTIC: [8] Undefined variable: pkinfo D:\chinaiiss\iisspk\Application\Runtime\Cache\Home\47537d6c75e38b94685b59426a9a7ae0.php 第 125 行.
NOTIC: [8] Undefined variable: pkinfo D:\chinaiiss\iisspk\Application\Runtime\Cache\Home\47537d6c75e38b94685b59426a9a7ae0.php 第 127 行.
NOTIC: [8] Undefined variable: pkinfo D:\chinaiiss\iisspk\Application\Runtime\Cache\Home\47537d6c75e38b94685b59426a9a7ae0.php 第 131 行.
NOTIC: [8] Undefined index: quotecomm D:\chinaiiss\iisspk\Application\Runtime\Cache\Home\47537d6c75e38b94685b59426a9a7ae0.php 第 133 行.
NOTIC: [8] Undefined variable: pkinfo D:\chinaiiss\iisspk\Application\Runtime\Cache\Home\47537d6c75e38b94685b59426a9a7ae0.php 第 131 行.
NOTIC: [8] Undefined index: quotecomm D:\chinaiiss\iisspk\Application\Runtime\Cache\Home\47537d6c75e38b94685b59426a9a7ae0.php 第 133 行.
NOTIC: [8] Undefined variable: pkinfo D:\chinaiiss\iisspk\Application\Runtime\Cache\Home\47537d6c75e38b94685b59426a9a7ae0.php 第 131 行.
NOTIC: [8] Undefined index: quotecomm D:\chinaiiss\iisspk\Application\Runtime\Cache\Home\47537d6c75e38b94685b59426a9a7ae0.php 第 133 行.
NOTIC: [8] Undefined variable: pkinfo D:\chinaiiss\iisspk\Application\Runtime\Cache\Home\47537d6c75e38b94685b59426a9a7ae0.php 第 154 行.
NOTIC: [8] Undefined variable: pkinfo D:\chinaiiss\iisspk\Application\Runtime\Cache\Home\47537d6c75e38b94685b59426a9a7ae0.php 第 155 行.
INFO: Run Behavior\ParseTemplateBehavior [ RunTime:0.031250s ]
INFO: [ view_parse ] --END-- [ RunTime:0.031250s ]
INFO: [ view_filter ] --START--
INFO: Run Behavior\WriteHtmlCacheBehavior [ RunTime:0.000000s ]
INFO: [ view_filter ] --END-- [ RunTime:0.000000s ]
INFO: [ app_end ] --START--
INFO: Run Behavior\ShowPageTraceBehavior [ RunTime:0.000000s ]
INFO: [ app_end ] --END-- [ RunTime:0.000000s ]

[ 2015-03-05T13:57:11+08:00 ] 127.0.0.1 /pkt/index/1
INFO: [ app_init ] --START--
INFO: Run Behavior\BuildLiteBehavior [ RunTime:0.000000s ]
INFO: [ app_init ] --END-- [ RunTime:0.000000s ]
INFO: [ app_begin ] --START--
INFO: Run Behavior\ReadHtmlCacheBehavior [ RunTime:0.000000s ]
INFO: [ app_begin ] --END-- [ RunTime:0.000000s ]
SQL: SHOW COLUMNS FROM `iiss_pk` [ RunTime:0.0156s ]
SQL: SELECT * FROM `iiss_pk` WHERE ( id=1 )  [ RunTime:0.0000s ]
SQL: SELECT * FROM `iiss_pk` WHERE ( id!=1 ) ORDER BY pubdate desc LIMIT 14   [ RunTime:0.0000s ]
NOTIC: [8] curl_setopt() [<a href='function.curl-setopt'>function.curl-setopt</a>]: CURLOPT_SSL_VERIFYHOST no longer accepts the value 1, value 2 will be used instead D:\chinaiiss\iisspk\Application\Components\Comment.class.php 第 175 行.
NOTIC: [8] curl_setopt() [<a href='function.curl-setopt'>function.curl-setopt</a>]: CURLOPT_SSL_VERIFYHOST no longer accepts the value 1, value 2 will be used instead D:\chinaiiss\iisspk\Application\Components\Comment.class.php 第 175 行.
NOTIC: [8] Undefined index: agreevote D:\chinaiiss\iisspk\Application\Home\Model\PkModel.class.php 第 36 行.
NOTIC: [8] Undefined index: opposevote D:\chinaiiss\iisspk\Application\Home\Model\PkModel.class.php 第 36 行.
NOTIC: [8] curl_setopt() [<a href='function.curl-setopt'>function.curl-setopt</a>]: CURLOPT_SSL_VERIFYHOST no longer accepts the value 1, value 2 will be used instead D:\chinaiiss\iisspk\Application\Components\Comment.class.php 第 175 行.
NOTIC: [8] curl_setopt() [<a href='function.curl-setopt'>function.curl-setopt</a>]: CURLOPT_SSL_VERIFYHOST no longer accepts the value 1, value 2 will be used instead D:\chinaiiss\iisspk\Application\Components\Comment.class.php 第 175 行.
INFO: [ view_parse ] --START--
INFO: [ template_filter ] --START--
INFO: Run Behavior\ContentReplaceBehavior [ RunTime:0.000000s ]
INFO: [ template_filter ] --END-- [ RunTime:0.000000s ]
NOTIC: [8] Undefined variable: title D:\chinaiiss\iisspk\Application\Runtime\Cache\Home\47537d6c75e38b94685b59426a9a7ae0.php 第 67 行.
INFO: Run Behavior\ParseTemplateBehavior [ RunTime:0.031250s ]
INFO: [ view_parse ] --END-- [ RunTime:0.031250s ]
INFO: [ view_filter ] --START--
INFO: Run Behavior\WriteHtmlCacheBehavior [ RunTime:0.000000s ]
INFO: [ view_filter ] --END-- [ RunTime:0.000000s ]
INFO: [ app_end ] --START--
INFO: Run Behavior\ShowPageTraceBehavior [ RunTime:0.000000s ]
INFO: [ app_end ] --END-- [ RunTime:0.000000s ]

[ 2015-03-05T13:57:20+08:00 ] 127.0.0.1 /pk/app/1
INFO: [ app_init ] --START--
INFO: Run Behavior\BuildLiteBehavior [ RunTime:0.000000s ]
INFO: [ app_init ] --END-- [ RunTime:0.000000s ]
INFO: [ app_begin ] --START--
INFO: Run Behavior\ReadHtmlCacheBehavior [ RunTime:0.000000s ]
INFO: [ app_begin ] --END-- [ RunTime:0.000000s ]
SQL: SHOW COLUMNS FROM `iiss_pk` [ RunTime:0.0000s ]
SQL: SELECT * FROM `iiss_pk` WHERE ( id=1 )  [ RunTime:0.0000s ]
INFO: [ view_parse ] --START--
INFO: [ template_filter ] --START--
INFO: Run Behavior\ContentReplaceBehavior [ RunTime:0.000000s ]
INFO: [ template_filter ] --END-- [ RunTime:0.000000s ]
NOTIC: [8] Undefined variable: pkinfo D:\chinaiiss\iisspk\Application\Runtime\Cache\Home\39310d523f2721f245b293aedda1c505.php 第 18 行.
INFO: Run Behavior\ParseTemplateBehavior [ RunTime:0.015625s ]
INFO: [ view_parse ] --END-- [ RunTime:0.015625s ]
INFO: [ view_filter ] --START--
INFO: Run Behavior\WriteHtmlCacheBehavior [ RunTime:0.000000s ]
INFO: [ view_filter ] --END-- [ RunTime:0.000000s ]
INFO: [ app_end ] --START--
INFO: Run Behavior\ShowPageTraceBehavior [ RunTime:0.000000s ]
INFO: [ app_end ] --END-- [ RunTime:0.000000s ]

[ 2015-03-05T13:57:22+08:00 ] 127.0.0.1 /pk/opp/1/1
INFO: [ app_init ] --START--
INFO: Run Behavior\BuildLiteBehavior [ RunTime:0.000000s ]
INFO: [ app_init ] --END-- [ RunTime:0.000000s ]
INFO: [ app_begin ] --START--
INFO: Run Behavior\ReadHtmlCacheBehavior [ RunTime:0.000000s ]
INFO: [ app_begin ] --END-- [ RunTime:0.000000s ]
SQL: SHOW COLUMNS FROM `iiss_pk` [ RunTime:0.0156s ]
SQL: SELECT * FROM `iiss_pk` WHERE ( id=1 )  [ RunTime:0.0000s ]
INFO: [ view_parse ] --START--
INFO: [ template_filter ] --START--
INFO: Run Behavior\ContentReplaceBehavior [ RunTime:0.000000s ]
INFO: [ template_filter ] --END-- [ RunTime:0.015625s ]
NOTIC: [8] Undefined variable: sitechar D:\chinaiiss\iisspk\Application\Runtime\Cache\Home\2139e50f827d809570b03948a15a50a5.php 第 4 行.
NOTIC: [8] Undefined variable: pkinfo D:\chinaiiss\iisspk\Application\Runtime\Cache\Home\2139e50f827d809570b03948a15a50a5.php 第 20 行.
NOTIC: [8] Undefined variable: show D:\chinaiiss\iisspk\Application\Runtime\Cache\Home\2139e50f827d809570b03948a15a50a5.php 第 34 行.
INFO: Run Behavior\ParseTemplateBehavior [ RunTime:0.015625s ]
INFO: [ view_parse ] --END-- [ RunTime:0.015625s ]
INFO: [ view_filter ] --START--
INFO: Run Behavior\WriteHtmlCacheBehavior [ RunTime:0.000000s ]
INFO: [ view_filter ] --END-- [ RunTime:0.000000s ]
INFO: [ app_end ] --START--
INFO: Run Behavior\ShowPageTraceBehavior [ RunTime:0.000000s ]
INFO: [ app_end ] --END-- [ RunTime:0.000000s ]

[ 2015-03-05T14:02:35+08:00 ] 127.0.0.1 /pk/app/1
INFO: [ app_init ] --START--
INFO: Run Behavior\BuildLiteBehavior [ RunTime:0.000000s ]
INFO: [ app_init ] --END-- [ RunTime:0.000000s ]
INFO: [ app_begin ] --START--
INFO: Run Behavior\ReadHtmlCacheBehavior [ RunTime:0.000000s ]
INFO: [ app_begin ] --END-- [ RunTime:0.000000s ]
SQL: SHOW COLUMNS FROM `iiss_pk` [ RunTime:0.0000s ]
SQL: SELECT * FROM `iiss_pk` WHERE ( id=1 )  [ RunTime:0.0000s ]
INFO: [ view_parse ] --START--
INFO: [ template_filter ] --START--
INFO: Run Behavior\ContentReplaceBehavior [ RunTime:0.000000s ]
INFO: [ template_filter ] --END-- [ RunTime:0.000000s ]
NOTIC: [8] Undefined variable: pkinfo D:\chinaiiss\iisspk\Application\Runtime\Cache\Home\39310d523f2721f245b293aedda1c505.php 第 18 行.
INFO: Run Behavior\ParseTemplateBehavior [ RunTime:0.015625s ]
INFO: [ view_parse ] --END-- [ RunTime:0.015625s ]
INFO: [ view_filter ] --START--
INFO: Run Behavior\WriteHtmlCacheBehavior [ RunTime:0.000000s ]
INFO: [ view_filter ] --END-- [ RunTime:0.000000s ]
INFO: [ app_end ] --START--
INFO: Run Behavior\ShowPageTraceBehavior [ RunTime:0.000000s ]
INFO: [ app_end ] --END-- [ RunTime:0.000000s ]

[ 2015-03-05T14:02:44+08:00 ] 127.0.0.1 /pk/app/338
INFO: [ app_init ] --START--
INFO: Run Behavior\BuildLiteBehavior [ RunTime:0.000000s ]
INFO: [ app_init ] --END-- [ RunTime:0.000000s ]
INFO: [ app_begin ] --START--
INFO: Run Behavior\ReadHtmlCacheBehavior [ RunTime:0.000000s ]
INFO: [ app_begin ] --END-- [ RunTime:0.000000s ]
SQL: SHOW COLUMNS FROM `iiss_pk` [ RunTime:0.0000s ]
SQL: SELECT * FROM `iiss_pk` WHERE ( id=338 )  [ RunTime:0.0000s ]
INFO: [ view_parse ] --START--
INFO: [ template_filter ] --START--
INFO: Run Behavior\ContentReplaceBehavior [ RunTime:0.000000s ]
INFO: [ template_filter ] --END-- [ RunTime:0.000000s ]
NOTIC: [8] Undefined variable: pkinfo D:\chinaiiss\iisspk\Application\Runtime\Cache\Home\39310d523f2721f245b293aedda1c505.php 第 18 行.
INFO: Run Behavior\ParseTemplateBehavior [ RunTime:0.000000s ]
INFO: [ view_parse ] --END-- [ RunTime:0.000000s ]
INFO: [ view_filter ] --START--
INFO: Run Behavior\WriteHtmlCacheBehavior [ RunTime:0.000000s ]
INFO: [ view_filter ] --END-- [ RunTime:0.000000s ]
INFO: [ app_end ] --START--
INFO: Run Behavior\ShowPageTraceBehavior [ RunTime:0.000000s ]
INFO: [ app_end ] --END-- [ RunTime:0.000000s ]

[ 2015-03-05T15:47:29+08:00 ] 127.0.0.1 /pk/index/338
INFO: [ app_init ] --START--
INFO: Run Behavior\BuildLiteBehavior [ RunTime:0.000000s ]
INFO: [ app_init ] --END-- [ RunTime:0.000000s ]
INFO: [ app_begin ] --START--
INFO: Run Behavior\ReadHtmlCacheBehavior [ RunTime:0.000000s ]
INFO: [ app_begin ] --END-- [ RunTime:0.000000s ]
SQL: SHOW COLUMNS FROM `iiss_pk` [ RunTime:0.0000s ]
SQL: SELECT * FROM `iiss_pk` WHERE ( id=338 )  [ RunTime:0.0000s ]
SQL: SELECT * FROM `iiss_pk` WHERE ( id!=338 ) ORDER BY pubdate desc LIMIT 14   [ RunTime:0.0000s ]
NOTIC: [8] curl_setopt() [<a href='function.curl-setopt'>function.curl-setopt</a>]: CURLOPT_SSL_VERIFYHOST no longer accepts the value 1, value 2 will be used instead D:\chinaiiss\iisspk\Application\Components\Comment.class.php 第 175 行.
NOTIC: [8] curl_setopt() [<a href='function.curl-setopt'>function.curl-setopt</a>]: CURLOPT_SSL_VERIFYHOST no longer accepts the value 1, value 2 will be used instead D:\chinaiiss\iisspk\Application\Components\Comment.class.php 第 175 行.
NOTIC: [8] Undefined index: agreevote D:\chinaiiss\iisspk\Application\Home\Model\PkModel.class.php 第 36 行.
NOTIC: [8] Undefined index: opposevote D:\chinaiiss\iisspk\Application\Home\Model\PkModel.class.php 第 36 行.
NOTIC: [8] curl_setopt() [<a href='function.curl-setopt'>function.curl-setopt</a>]: CURLOPT_SSL_VERIFYHOST no longer accepts the value 1, value 2 will be used instead D:\chinaiiss\iisspk\Application\Components\Comment.class.php 第 175 行.
NOTIC: [8] curl_setopt() [<a href='function.curl-setopt'>function.curl-setopt</a>]: CURLOPT_SSL_VERIFYHOST no longer accepts the value 1, value 2 will be used instead D:\chinaiiss\iisspk\Application\Components\Comment.class.php 第 175 行.
INFO: [ view_parse ] --START--
INFO: [ template_filter ] --START--
INFO: Run Behavior\ContentReplaceBehavior [ RunTime:0.000000s ]
INFO: [ template_filter ] --END-- [ RunTime:0.000000s ]
NOTIC: [8] Undefined index: seosubject D:\chinaiiss\iisspk\Application\Runtime\Cache\Home\dc569ee42fd86bb3539053e7841ea2e2.php 第 7 行.
NOTIC: [8] Undefined index: auth D:\chinaiiss\iisspk\Application\Runtime\Cache\Home\dc569ee42fd86bb3539053e7841ea2e2.php 第 259 行.
NOTIC: [8] Undefined variable: id D:\chinaiiss\iisspk\Application\Runtime\Cache\Home\dc569ee42fd86bb3539053e7841ea2e2.php 第 458 行.
INFO: Run Behavior\ParseTemplateBehavior [ RunTime:0.031250s ]
INFO: [ view_parse ] --END-- [ RunTime:0.031250s ]
INFO: [ view_filter ] --START--
INFO: Run Behavior\WriteHtmlCacheBehavior [ RunTime:0.000000s ]
INFO: [ view_filter ] --END-- [ RunTime:0.000000s ]
INFO: [ app_end ] --START--
INFO: Run Behavior\ShowPageTraceBehavior [ RunTime:0.015625s ]
INFO: [ app_end ] --END-- [ RunTime:0.015625s ]

[ 2015-03-05T15:47:43+08:00 ] 127.0.0.1 /pk/index/338
INFO: [ app_init ] --START--
INFO: Run Behavior\BuildLiteBehavior [ RunTime:0.000000s ]
INFO: [ app_init ] --END-- [ RunTime:0.000000s ]
INFO: [ app_begin ] --START--
INFO: Run Behavior\ReadHtmlCacheBehavior [ RunTime:0.000000s ]
INFO: [ app_begin ] --END-- [ RunTime:0.000000s ]
SQL: SHOW COLUMNS FROM `iiss_pk` [ RunTime:0.0000s ]
SQL: SELECT * FROM `iiss_pk` WHERE ( id=338 )  [ RunTime:0.0000s ]
SQL: SELECT * FROM `iiss_pk` WHERE ( id!=338 ) ORDER BY pubdate desc LIMIT 14   [ RunTime:0.0000s ]
NOTIC: [8] curl_setopt() [<a href='function.curl-setopt'>function.curl-setopt</a>]: CURLOPT_SSL_VERIFYHOST no longer accepts the value 1, value 2 will be used instead D:\chinaiiss\iisspk\Application\Components\Comment.class.php 第 175 行.
NOTIC: [8] curl_setopt() [<a href='function.curl-setopt'>function.curl-setopt</a>]: CURLOPT_SSL_VERIFYHOST no longer accepts the value 1, value 2 will be used instead D:\chinaiiss\iisspk\Application\Components\Comment.class.php 第 175 行.
NOTIC: [8] Undefined index: agreevote D:\chinaiiss\iisspk\Application\Home\Model\PkModel.class.php 第 36 行.
NOTIC: [8] Undefined index: opposevote D:\chinaiiss\iisspk\Application\Home\Model\PkModel.class.php 第 36 行.
NOTIC: [8] curl_setopt() [<a href='function.curl-setopt'>function.curl-setopt</a>]: CURLOPT_SSL_VERIFYHOST no longer accepts the value 1, value 2 will be used instead D:\chinaiiss\iisspk\Application\Components\Comment.class.php 第 175 行.
NOTIC: [8] curl_setopt() [<a href='function.curl-setopt'>function.curl-setopt</a>]: CURLOPT_SSL_VERIFYHOST no longer accepts the value 1, value 2 will be used instead D:\chinaiiss\iisspk\Application\Components\Comment.class.php 第 175 行.
INFO: [ view_parse ] --START--
INFO: [ template_filter ] --START--
INFO: Run Behavior\ContentReplaceBehavior [ RunTime:0.000000s ]
INFO: [ template_filter ] --END-- [ RunTime:0.000000s ]
NOTIC: [8] Undefined index: seosubject D:\chinaiiss\iisspk\Application\Runtime\Cache\Home\dc569ee42fd86bb3539053e7841ea2e2.php 第 7 行.
NOTIC: [8] Undefined index: auth D:\chinaiiss\iisspk\Application\Runtime\Cache\Home\dc569ee42fd86bb3539053e7841ea2e2.php 第 259 行.
NOTIC: [8] Undefined variable: id D:\chinaiiss\iisspk\Application\Runtime\Cache\Home\dc569ee42fd86bb3539053e7841ea2e2.php 第 458 行.
INFO: Run Behavior\ParseTemplateBehavior [ RunTime:0.031250s ]
INFO: [ view_parse ] --END-- [ RunTime:0.031250s ]
INFO: [ view_filter ] --START--
INFO: Run Behavior\WriteHtmlCacheBehavior [ RunTime:0.000000s ]
INFO: [ view_filter ] --END-- [ RunTime:0.000000s ]
INFO: [ app_end ] --START--
INFO: Run Behavior\ShowPageTraceBehavior [ RunTime:0.000000s ]
INFO: [ app_end ] --END-- [ RunTime:0.000000s ]

[ 2015-03-05T15:47:56+08:00 ] 127.0.0.1 /pk/index/338
INFO: [ app_init ] --START--
INFO: Run Behavior\BuildLiteBehavior [ RunTime:0.000000s ]
INFO: [ app_init ] --END-- [ RunTime:0.000000s ]
INFO: [ app_begin ] --START--
INFO: Run Behavior\ReadHtmlCacheBehavior [ RunTime:0.000000s ]
INFO: [ app_begin ] --END-- [ RunTime:0.000000s ]
SQL: SHOW COLUMNS FROM `iiss_pk` [ RunTime:0.0000s ]
SQL: SELECT * FROM `iiss_pk` WHERE ( id=338 )  [ RunTime:0.0000s ]
SQL: SELECT * FROM `iiss_pk` WHERE ( id!=338 ) ORDER BY pubdate desc LIMIT 14   [ RunTime:0.0000s ]
NOTIC: [8] curl_setopt() [<a href='function.curl-setopt'>function.curl-setopt</a>]: CURLOPT_SSL_VERIFYHOST no longer accepts the value 1, value 2 will be used instead D:\chinaiiss\iisspk\Application\Components\Comment.class.php 第 175 行.
NOTIC: [8] curl_setopt() [<a href='function.curl-setopt'>function.curl-setopt</a>]: CURLOPT_SSL_VERIFYHOST no longer accepts the value 1, value 2 will be used instead D:\chinaiiss\iisspk\Application\Components\Comment.class.php 第 175 行.
NOTIC: [8] Undefined index: agreevote D:\chinaiiss\iisspk\Application\Home\Model\PkModel.class.php 第 36 行.
NOTIC: [8] Undefined index: opposevote D:\chinaiiss\iisspk\Application\Home\Model\PkModel.class.php 第 36 行.
NOTIC: [8] curl_setopt() [<a href='function.curl-setopt'>function.curl-setopt</a>]: CURLOPT_SSL_VERIFYHOST no longer accepts the value 1, value 2 will be used instead D:\chinaiiss\iisspk\Application\Components\Comment.class.php 第 175 行.
NOTIC: [8] curl_setopt() [<a href='function.curl-setopt'>function.curl-setopt</a>]: CURLOPT_SSL_VERIFYHOST no longer accepts the value 1, value 2 will be used instead D:\chinaiiss\iisspk\Application\Components\Comment.class.php 第 175 行.
INFO: [ view_parse ] --START--
INFO: [ template_filter ] --START--
INFO: Run Behavior\ContentReplaceBehavior [ RunTime:0.000000s ]
INFO: [ template_filter ] --END-- [ RunTime:0.000000s ]
NOTIC: [8] Undefined index: seosubject D:\chinaiiss\iisspk\Application\Runtime\Cache\Home\dc569ee42fd86bb3539053e7841ea2e2.php 第 7 行.
NOTIC: [8] Undefined index: auth D:\chinaiiss\iisspk\Application\Runtime\Cache\Home\dc569ee42fd86bb3539053e7841ea2e2.php 第 259 行.
NOTIC: [8] Undefined variable: id D:\chinaiiss\iisspk\Application\Runtime\Cache\Home\dc569ee42fd86bb3539053e7841ea2e2.php 第 458 行.
INFO: Run Behavior\ParseTemplateBehavior [ RunTime:0.031250s ]
INFO: [ view_parse ] --END-- [ RunTime:0.031250s ]
INFO: [ view_filter ] --START--
INFO: Run Behavior\WriteHtmlCacheBehavior [ RunTime:0.000000s ]
INFO: [ view_filter ] --END-- [ RunTime:0.000000s ]
INFO: [ app_end ] --START--
INFO: Run Behavior\ShowPageTraceBehavior [ RunTime:0.015625s ]
INFO: [ app_end ] --END-- [ RunTime:0.015625s ]

[ 2015-03-05T15:48:28+08:00 ] 127.0.0.1 /pk/index/338
INFO: [ app_init ] --START--
INFO: Run Behavior\BuildLiteBehavior [ RunTime:0.000000s ]
INFO: [ app_init ] --END-- [ RunTime:0.000000s ]
INFO: [ app_begin ] --START--
INFO: Run Behavior\ReadHtmlCacheBehavior [ RunTime:0.015625s ]
INFO: [ app_begin ] --END-- [ RunTime:0.015625s ]
SQL: SHOW COLUMNS FROM `iiss_pk` [ RunTime:0.0000s ]
SQL: SELECT * FROM `iiss_pk` WHERE ( id=338 )  [ RunTime:0.0000s ]
SQL: SELECT * FROM `iiss_pk` WHERE ( id!=338 ) ORDER BY pubdate desc LIMIT 14   [ RunTime:0.0156s ]
NOTIC: [8] curl_setopt() [<a href='function.curl-setopt'>function.curl-setopt</a>]: CURLOPT_SSL_VERIFYHOST no longer accepts the value 1, value 2 will be used instead D:\chinaiiss\iisspk\Application\Components\Comment.class.php 第 175 行.
NOTIC: [8] curl_setopt() [<a href='function.curl-setopt'>function.curl-setopt</a>]: CURLOPT_SSL_VERIFYHOST no longer accepts the value 1, value 2 will be used instead D:\chinaiiss\iisspk\Application\Components\Comment.class.php 第 175 行.
NOTIC: [8] Undefined index: agreevote D:\chinaiiss\iisspk\Application\Home\Model\PkModel.class.php 第 36 行.
NOTIC: [8] Undefined index: opposevote D:\chinaiiss\iisspk\Application\Home\Model\PkModel.class.php 第 36 行.
NOTIC: [8] curl_setopt() [<a href='function.curl-setopt'>function.curl-setopt</a>]: CURLOPT_SSL_VERIFYHOST no longer accepts the value 1, value 2 will be used instead D:\chinaiiss\iisspk\Application\Components\Comment.class.php 第 175 行.
NOTIC: [8] curl_setopt() [<a href='function.curl-setopt'>function.curl-setopt</a>]: CURLOPT_SSL_VERIFYHOST no longer accepts the value 1, value 2 will be used instead D:\chinaiiss\iisspk\Application\Components\Comment.class.php 第 175 行.
INFO: [ view_parse ] --START--
INFO: [ template_filter ] --START--
INFO: Run Behavior\ContentReplaceBehavior [ RunTime:0.000000s ]
INFO: [ template_filter ] --END-- [ RunTime:0.000000s ]
NOTIC: [8] Undefined index: seosubject D:\chinaiiss\iisspk\Application\Runtime\Cache\Home\dc569ee42fd86bb3539053e7841ea2e2.php 第 7 行.
NOTIC: [8] Undefined index: auth D:\chinaiiss\iisspk\Application\Runtime\Cache\Home\dc569ee42fd86bb3539053e7841ea2e2.php 第 259 行.
NOTIC: [8] Undefined variable: id D:\chinaiiss\iisspk\Application\Runtime\Cache\Home\dc569ee42fd86bb3539053e7841ea2e2.php 第 458 行.
INFO: Run Behavior\ParseTemplateBehavior [ RunTime:0.031250s ]
INFO: [ view_parse ] --END-- [ RunTime:0.031250s ]
INFO: [ view_filter ] --START--
INFO: Run Behavior\WriteHtmlCacheBehavior [ RunTime:0.000000s ]
INFO: [ view_filter ] --END-- [ RunTime:0.000000s ]
INFO: [ app_end ] --START--
INFO: Run Behavior\ShowPageTraceBehavior [ RunTime:0.015625s ]
INFO: [ app_end ] --END-- [ RunTime:0.015625s ]

