[ 2015-03-24T10:55:53+08:00 ] 127.0.0.1 /conference/index/246
INFO: [ app_init ] --START--
INFO: Run Behavior\BuildLiteBehavior [ RunTime:0.000000s ]
INFO: [ app_init ] --END-- [ RunTime:0.000000s ]
INFO: [ app_begin ] --START--
INFO: Run Behavior\ReadHtmlCacheBehavior [ RunTime:0.015625s ]
INFO: [ app_begin ] --END-- [ RunTime:0.015625s ]
SQL: SHOW COLUMNS FROM `iiss_conference` [ RunTime:0.0000s ]
SQL: SELECT `flag` FROM `iiss_conference` WHERE ( id = 246 ) LIMIT 1   [ RunTime:0.0000s ]
INFO: [ view_parse ] --START--
INFO: [ template_filter ] --START--
INFO: Run Behavior\ContentReplaceBehavior [ RunTime:0.000000s ]
INFO: [ template_filter ] --END-- [ RunTime:0.000000s ]
INFO: Run Behavior\ParseTemplateBehavior [ RunTime:0.078125s ]
INFO: [ view_parse ] --END-- [ RunTime:0.078125s ]
INFO: [ view_filter ] --START--
INFO: Run Behavior\WriteHtmlCacheBehavior [ RunTime:0.031250s ]
INFO: [ view_filter ] --END-- [ RunTime:0.031250s ]

[ 2015-03-24T10:55:53+08:00 ] 127.0.0.1 /favicon.ico
INFO: [ app_init ] --START--
INFO: Run Behavior\BuildLiteBehavior [ RunTime:0.000000s ]
INFO: [ app_init ] --END-- [ RunTime:0.000000s ]

[ 2015-03-24T10:55:53+08:00 ] 127.0.0.1 /favicon.ico
INFO: [ app_init ] --START--
INFO: Run Behavior\BuildLiteBehavior [ RunTime:0.000000s ]
INFO: [ app_init ] --END-- [ RunTime:0.000000s ]

[ 2015-03-24T10:56:18+08:00 ] 127.0.0.1 /conference/index/222
INFO: [ app_init ] --START--
INFO: Run Behavior\BuildLiteBehavior [ RunTime:0.000000s ]
INFO: [ app_init ] --END-- [ RunTime:0.000000s ]
INFO: [ app_begin ] --START--
INFO: Run Behavior\ReadHtmlCacheBehavior [ RunTime:0.000000s ]
INFO: [ app_begin ] --END-- [ RunTime:0.000000s ]
SQL: SHOW COLUMNS FROM `iiss_conference` [ RunTime:0.0156s ]
SQL: SELECT `flag` FROM `iiss_conference` WHERE ( id = 222 ) LIMIT 1   [ RunTime:0.0000s ]
SQL: SELECT * FROM `iiss_conference` WHERE ( id = 222 ) LIMIT 1   [ RunTime:0.0000s ]
SQL: SELECT * FROM `iiss_conference` WHERE ( id < 222 and find_in_set('m',flag) = 0 ) ORDER BY pubdate desc LIMIT 5   [ RunTime:0.0000s ]
NOTIC: [8] curl_setopt() [<a href='function.curl-setopt'>function.curl-setopt</a>]: CURLOPT_SSL_VERIFYHOST no longer accepts the value 1, value 2 will be used instead D:\chinaiiss\iisspk\Application\Components\Comment.class.php 第 175 行.
SQL: SHOW COLUMNS FROM `iiss_vote` [ RunTime:0.0000s ]
SQL: SELECT * FROM `iiss_vote` WHERE ( infoid = 222 and categoryid = -7 )  [ RunTime:0.0156s ]
SQL: SHOW COLUMNS FROM `iissblog_user` [ RunTime:0.0000s ]
SQL: SELECT * FROM `iissblog_user` WHERE ( name = '曾今润' or username = '曾今润' ) LIMIT 1   [ RunTime:0.0156s ]
SQL: update iiss_conference set clicks=clicks+1  where id=222 [ RunTime:0.0313s ]
NOTIC: [2048] Declaration of Hours::add() should be compatible with that of Think\Model::add() D:\chinaiiss\iisspk\Application\Components\Hours.class.php 第 57 行.
SQL: SHOW COLUMNS FROM `iiss_table` [ RunTime:0.0000s ]
SQL: SELECT `table_name` FROM `iiss_table` WHERE ( table_name='iiss_viewrecord_201503' ) LIMIT 1   [ RunTime:0.0000s ]
SQL: select vid,count,dateline from iiss_viewrecord_201503 where modelid=0 and infoid=222 order by dateline desc Limit 1 [ RunTime:0.0000s ]
SQL: SHOW COLUMNS FROM `iiss_table` [ RunTime:0.0000s ]
SQL: SELECT `table_name` FROM `iiss_table` WHERE ( table_name='iiss_viewrecord_201503' ) LIMIT 1   [ RunTime:0.0000s ]
SQL: insert into iiss_viewrecord_201503 (modelid,topid,categoryid, infoid, count, userid, dateline) value (0,-7,-7,222,1,0,1427165777) [ RunTime:0.0000s ]
NOTIC: [8] Undefined index: lite D:\chinaiiss\iisspk\ThinkPHP\Library\Think\Db.class.php 第 37 行.
SQL: update iiss_hours set count=count+1,dateline=1427165777 where hid=2105370 [ RunTime:0.0000s ]
NOTIC: [2048] mktime() [<a href='function.mktime'>function.mktime</a>]: You should be using the time() function instead D:\chinaiiss\iisspk\Application\Components\Date.class.php 第 101 行.
NOTIC: [8] Undefined index: HTTP_REFERER D:\chinaiiss\iisspk\Application\Home\Model\ConferenceModel.class.php 第 80 行.
SQL: SHOW COLUMNS FROM `iiss_conference_author_praise` [ RunTime:0.0000s ]
SQL: SELECT `praise` FROM `iiss_conference_author_praise` WHERE ( conferenceid = 222 ) LIMIT 1   [ RunTime:0.0000s ]
NOTIC: [8] curl_setopt() [<a href='function.curl-setopt'>function.curl-setopt</a>]: CURLOPT_SSL_VERIFYHOST no longer accepts the value 1, value 2 will be used instead D:\chinaiiss\iisspk\Application\Components\Comment.class.php 第 175 行.
INFO: [ view_parse ] --START--
INFO: [ template_filter ] --START--
INFO: Run Behavior\ContentReplaceBehavior [ RunTime:0.000000s ]
INFO: [ template_filter ] --END-- [ RunTime:0.000000s ]
NOTIC: [8] Undefined variable: context D:\chinaiiss\iisspk\Application\Runtime\Cache\Home\79d163571ea756f537739561a72518ca.php 第 5 行.
NOTIC: [8] Undefined index: loginuser D:\chinaiiss\iisspk\Application\Runtime\Cache\Home\79d163571ea756f537739561a72518ca.php 第 17 行.
NOTIC: [8] Undefined variable: pkinfo D:\chinaiiss\iisspk\Application\Runtime\Cache\Home\79d163571ea756f537739561a72518ca.php 第 183 行.
NOTIC: [8] Undefined variable: infoid D:\chinaiiss\iisspk\Application\Runtime\Cache\Home\79d163571ea756f537739561a72518ca.php 第 231 行.
NOTIC: [8] Undefined variable: loginusername D:\chinaiiss\iisspk\Application\Runtime\Cache\Home\79d163571ea756f537739561a72518ca.php 第 233 行.
NOTIC: [8] Undefined index: url D:\chinaiiss\iisspk\Application\Runtime\Cache\Home\79d163571ea756f537739561a72518ca.php 第 314 行.
NOTIC: [8] Undefined index: url D:\chinaiiss\iisspk\Application\Runtime\Cache\Home\79d163571ea756f537739561a72518ca.php 第 316 行.
NOTIC: [8] Undefined index: url D:\chinaiiss\iisspk\Application\Runtime\Cache\Home\79d163571ea756f537739561a72518ca.php 第 314 行.
NOTIC: [8] Undefined index: url D:\chinaiiss\iisspk\Application\Runtime\Cache\Home\79d163571ea756f537739561a72518ca.php 第 316 行.
NOTIC: [8] Undefined index: url D:\chinaiiss\iisspk\Application\Runtime\Cache\Home\79d163571ea756f537739561a72518ca.php 第 314 行.
NOTIC: [8] Undefined index: url D:\chinaiiss\iisspk\Application\Runtime\Cache\Home\79d163571ea756f537739561a72518ca.php 第 316 行.
NOTIC: [8] Undefined index: url D:\chinaiiss\iisspk\Application\Runtime\Cache\Home\79d163571ea756f537739561a72518ca.php 第 314 行.
NOTIC: [8] Undefined index: url D:\chinaiiss\iisspk\Application\Runtime\Cache\Home\79d163571ea756f537739561a72518ca.php 第 316 行.
NOTIC: [8] Undefined index: url D:\chinaiiss\iisspk\Application\Runtime\Cache\Home\79d163571ea756f537739561a72518ca.php 第 314 行.
NOTIC: [8] Undefined index: url D:\chinaiiss\iisspk\Application\Runtime\Cache\Home\79d163571ea756f537739561a72518ca.php 第 316 行.
INFO: Run Behavior\ParseTemplateBehavior [ RunTime:0.046875s ]
INFO: [ view_parse ] --END-- [ RunTime:0.046875s ]
INFO: [ view_filter ] --START--
INFO: Run Behavior\WriteHtmlCacheBehavior [ RunTime:0.000000s ]
INFO: [ view_filter ] --END-- [ RunTime:0.000000s ]
INFO: [ app_end ] --START--
INFO: Run Behavior\ShowPageTraceBehavior [ RunTime:0.031250s ]
INFO: [ app_end ] --END-- [ RunTime:0.031250s ]

[ 2015-03-24T10:56:27+08:00 ] 127.0.0.1 /conference/index/245
INFO: [ app_init ] --START--
INFO: Run Behavior\BuildLiteBehavior [ RunTime:0.000000s ]
INFO: [ app_init ] --END-- [ RunTime:0.000000s ]
INFO: [ app_begin ] --START--
INFO: Run Behavior\ReadHtmlCacheBehavior [ RunTime:0.000000s ]
INFO: [ app_begin ] --END-- [ RunTime:0.000000s ]
SQL: SHOW COLUMNS FROM `iiss_conference` [ RunTime:0.0000s ]
SQL: SELECT `flag` FROM `iiss_conference` WHERE ( id = 245 ) LIMIT 1   [ RunTime:0.0000s ]
SQL: SELECT * FROM `iiss_conference` WHERE ( id = 245 ) LIMIT 1   [ RunTime:0.0000s ]
SQL: SELECT * FROM `iiss_conference` WHERE ( id < 245 and find_in_set('m',flag) = 0 ) ORDER BY pubdate desc LIMIT 5   [ RunTime:0.0000s ]
NOTIC: [8] curl_setopt() [<a href='function.curl-setopt'>function.curl-setopt</a>]: CURLOPT_SSL_VERIFYHOST no longer accepts the value 1, value 2 will be used instead D:\chinaiiss\iisspk\Application\Components\Comment.class.php 第 175 行.
SQL: SHOW COLUMNS FROM `iiss_vote` [ RunTime:0.0000s ]
SQL: SELECT * FROM `iiss_vote` WHERE ( infoid = 245 and categoryid = -7 )  [ RunTime:0.0000s ]
SQL: SHOW COLUMNS FROM `iissblog_user` [ RunTime:0.0156s ]
SQL: SELECT * FROM `iissblog_user` WHERE ( name = '闫桥' or username = '闫桥' ) LIMIT 1   [ RunTime:0.0156s ]
SQL: update iiss_conference set clicks=clicks+1  where id=245 [ RunTime:0.0469s ]
NOTIC: [2048] Declaration of Hours::add() should be compatible with that of Think\Model::add() D:\chinaiiss\iisspk\Application\Components\Hours.class.php 第 57 行.
SQL: SHOW COLUMNS FROM `iiss_table` [ RunTime:0.0000s ]
SQL: SELECT `table_name` FROM `iiss_table` WHERE ( table_name='iiss_viewrecord_201503' ) LIMIT 1   [ RunTime:0.0000s ]
SQL: select vid,count,dateline from iiss_viewrecord_201503 where modelid=0 and infoid=245 order by dateline desc Limit 1 [ RunTime:0.0000s ]
SQL: SHOW COLUMNS FROM `iiss_table` [ RunTime:0.0000s ]
SQL: SELECT `table_name` FROM `iiss_table` WHERE ( table_name='iiss_viewrecord_201503' ) LIMIT 1   [ RunTime:0.0000s ]
SQL: update iiss_viewrecord_201503 set count=count+1,dateline=1427165786 where vid=14 [ RunTime:0.0000s ]
NOTIC: [8] Undefined index: lite D:\chinaiiss\iisspk\ThinkPHP\Library\Think\Db.class.php 第 37 行.
SQL: update iiss_hours set count=count+1,dateline=1427165786 where hid=2105370 [ RunTime:0.0000s ]
NOTIC: [2048] mktime() [<a href='function.mktime'>function.mktime</a>]: You should be using the time() function instead D:\chinaiiss\iisspk\Application\Components\Date.class.php 第 101 行.
NOTIC: [8] Undefined index: HTTP_REFERER D:\chinaiiss\iisspk\Application\Home\Model\ConferenceModel.class.php 第 80 行.
SQL: SHOW COLUMNS FROM `iiss_conference_author_praise` [ RunTime:0.0000s ]
SQL: SELECT `praise` FROM `iiss_conference_author_praise` WHERE ( conferenceid = 245 ) LIMIT 1   [ RunTime:0.0000s ]
NOTIC: [8] curl_setopt() [<a href='function.curl-setopt'>function.curl-setopt</a>]: CURLOPT_SSL_VERIFYHOST no longer accepts the value 1, value 2 will be used instead D:\chinaiiss\iisspk\Application\Components\Comment.class.php 第 175 行.
INFO: [ view_parse ] --START--
INFO: [ template_filter ] --START--
INFO: Run Behavior\ContentReplaceBehavior [ RunTime:0.000000s ]
INFO: [ template_filter ] --END-- [ RunTime:0.000000s ]
NOTIC: [8] Undefined variable: context D:\chinaiiss\iisspk\Application\Runtime\Cache\Home\79d163571ea756f537739561a72518ca.php 第 5 行.
NOTIC: [8] Undefined index: loginuser D:\chinaiiss\iisspk\Application\Runtime\Cache\Home\79d163571ea756f537739561a72518ca.php 第 17 行.
NOTIC: [8] Undefined variable: pkinfo D:\chinaiiss\iisspk\Application\Runtime\Cache\Home\79d163571ea756f537739561a72518ca.php 第 183 行.
NOTIC: [8] Undefined variable: infoid D:\chinaiiss\iisspk\Application\Runtime\Cache\Home\79d163571ea756f537739561a72518ca.php 第 231 行.
NOTIC: [8] Undefined variable: loginusername D:\chinaiiss\iisspk\Application\Runtime\Cache\Home\79d163571ea756f537739561a72518ca.php 第 233 行.
NOTIC: [8] Undefined index: url D:\chinaiiss\iisspk\Application\Runtime\Cache\Home\79d163571ea756f537739561a72518ca.php 第 314 行.
NOTIC: [8] Undefined index: url D:\chinaiiss\iisspk\Application\Runtime\Cache\Home\79d163571ea756f537739561a72518ca.php 第 316 行.
NOTIC: [8] Undefined index: url D:\chinaiiss\iisspk\Application\Runtime\Cache\Home\79d163571ea756f537739561a72518ca.php 第 314 行.
NOTIC: [8] Undefined index: url D:\chinaiiss\iisspk\Application\Runtime\Cache\Home\79d163571ea756f537739561a72518ca.php 第 316 行.
NOTIC: [8] Undefined index: url D:\chinaiiss\iisspk\Application\Runtime\Cache\Home\79d163571ea756f537739561a72518ca.php 第 314 行.
NOTIC: [8] Undefined index: url D:\chinaiiss\iisspk\Application\Runtime\Cache\Home\79d163571ea756f537739561a72518ca.php 第 316 行.
NOTIC: [8] Undefined index: url D:\chinaiiss\iisspk\Application\Runtime\Cache\Home\79d163571ea756f537739561a72518ca.php 第 314 行.
NOTIC: [8] Undefined index: url D:\chinaiiss\iisspk\Application\Runtime\Cache\Home\79d163571ea756f537739561a72518ca.php 第 316 行.
NOTIC: [8] Undefined index: url D:\chinaiiss\iisspk\Application\Runtime\Cache\Home\79d163571ea756f537739561a72518ca.php 第 314 行.
NOTIC: [8] Undefined index: url D:\chinaiiss\iisspk\Application\Runtime\Cache\Home\79d163571ea756f537739561a72518ca.php 第 316 行.
INFO: Run Behavior\ParseTemplateBehavior [ RunTime:0.031250s ]
INFO: [ view_parse ] --END-- [ RunTime:0.031250s ]
INFO: [ view_filter ] --START--
INFO: Run Behavior\WriteHtmlCacheBehavior [ RunTime:0.000000s ]
INFO: [ view_filter ] --END-- [ RunTime:0.000000s ]
INFO: [ app_end ] --START--
INFO: Run Behavior\ShowPageTraceBehavior [ RunTime:0.000000s ]
INFO: [ app_end ] --END-- [ RunTime:0.000000s ]

[ 2015-03-24T10:56:31+08:00 ] 127.0.0.1 /conference/index/246
INFO: [ app_init ] --START--
INFO: Run Behavior\BuildLiteBehavior [ RunTime:0.000000s ]
INFO: [ app_init ] --END-- [ RunTime:0.000000s ]
INFO: [ app_begin ] --START--
INFO: Run Behavior\ReadHtmlCacheBehavior [ RunTime:0.000000s ]
INFO: [ app_begin ] --END-- [ RunTime:0.000000s ]
SQL: SHOW COLUMNS FROM `iiss_conference` [ RunTime:0.0156s ]
SQL: SELECT `flag` FROM `iiss_conference` WHERE ( id = 246 ) LIMIT 1   [ RunTime:0.0000s ]
INFO: [ view_parse ] --START--
INFO: [ template_filter ] --START--
INFO: Run Behavior\ContentReplaceBehavior [ RunTime:0.000000s ]
INFO: [ template_filter ] --END-- [ RunTime:0.000000s ]
INFO: Run Behavior\ParseTemplateBehavior [ RunTime:0.015625s ]
INFO: [ view_parse ] --END-- [ RunTime:0.015625s ]
INFO: [ view_filter ] --START--
INFO: Run Behavior\WriteHtmlCacheBehavior [ RunTime:0.000000s ]
INFO: [ view_filter ] --END-- [ RunTime:0.000000s ]

[ 2015-03-24T16:51:15+08:00 ] 127.0.0.1 /pk/index/1
INFO: [ app_init ] --START--
INFO: Run Behavior\BuildLiteBehavior [ RunTime:0.000000s ]
INFO: [ app_init ] --END-- [ RunTime:0.000000s ]
INFO: [ app_begin ] --START--
INFO: Run Behavior\ReadHtmlCacheBehavior [ RunTime:0.000000s ]
INFO: [ app_begin ] --END-- [ RunTime:0.000000s ]
SQL: SHOW COLUMNS FROM `iiss_pk` [ RunTime:0.0000s ]
SQL: SELECT * FROM `iiss_pk` WHERE ( id=1 )  [ RunTime:0.0000s ]
SQL: SELECT * FROM `iiss_pk` WHERE ( id!=1 ) ORDER BY pubdate desc LIMIT 14   [ RunTime:0.0000s ]
NOTIC: [8] curl_setopt() [<a href='function.curl-setopt'>function.curl-setopt</a>]: CURLOPT_SSL_VERIFYHOST no longer accepts the value 1, value 2 will be used instead D:\chinaiiss\iisspk\Application\Components\Comment.class.php 第 175 行.
NOTIC: [8] curl_setopt() [<a href='function.curl-setopt'>function.curl-setopt</a>]: CURLOPT_SSL_VERIFYHOST no longer accepts the value 1, value 2 will be used instead D:\chinaiiss\iisspk\Application\Components\Comment.class.php 第 175 行.
NOTIC: [8] Undefined index: agreevote D:\chinaiiss\iisspk\Application\Home\Model\PkModel.class.php 第 36 行.
NOTIC: [8] Undefined index: opposevote D:\chinaiiss\iisspk\Application\Home\Model\PkModel.class.php 第 36 行.
NOTIC: [8] curl_setopt() [<a href='function.curl-setopt'>function.curl-setopt</a>]: CURLOPT_SSL_VERIFYHOST no longer accepts the value 1, value 2 will be used instead D:\chinaiiss\iisspk\Application\Components\Comment.class.php 第 175 行.
NOTIC: [8] curl_setopt() [<a href='function.curl-setopt'>function.curl-setopt</a>]: CURLOPT_SSL_VERIFYHOST no longer accepts the value 1, value 2 will be used instead D:\chinaiiss\iisspk\Application\Components\Comment.class.php 第 175 行.
INFO: [ view_parse ] --START--
INFO: [ template_filter ] --START--
INFO: Run Behavior\ContentReplaceBehavior [ RunTime:0.000000s ]
INFO: [ template_filter ] --END-- [ RunTime:0.000000s ]
NOTIC: [8] Use of undefined constant pk - assumed 'pk' D:\chinaiiss\iisspk\Application\Runtime\Cache\Home\885c3659dbf39e0b3fe093da5cc201da.php 第 61 行.
NOTIC: [8] Undefined variable: title D:\chinaiiss\iisspk\Application\Runtime\Cache\Home\885c3659dbf39e0b3fe093da5cc201da.php 第 73 行.
INFO: Run Behavior\ParseTemplateBehavior [ RunTime:0.093750s ]
INFO: [ view_parse ] --END-- [ RunTime:0.093750s ]
INFO: [ view_filter ] --START--
INFO: Run Behavior\WriteHtmlCacheBehavior [ RunTime:0.000000s ]
INFO: [ view_filter ] --END-- [ RunTime:0.000000s ]
INFO: [ app_end ] --START--
INFO: Run Behavior\ShowPageTraceBehavior [ RunTime:0.031250s ]
INFO: [ app_end ] --END-- [ RunTime:0.031250s ]

[ 2015-03-24T16:52:53+08:00 ] 127.0.0.1 /pk/index/1
INFO: [ app_init ] --START--
INFO: Run Behavior\BuildLiteBehavior [ RunTime:0.000000s ]
INFO: [ app_init ] --END-- [ RunTime:0.000000s ]
INFO: [ app_begin ] --START--
INFO: Run Behavior\ReadHtmlCacheBehavior [ RunTime:0.015625s ]
INFO: [ app_begin ] --END-- [ RunTime:0.015625s ]
SQL: SHOW COLUMNS FROM `iiss_pk` [ RunTime:0.0156s ]
SQL: SELECT * FROM `iiss_pk` WHERE ( id=1 )  [ RunTime:0.0000s ]
SQL: SELECT * FROM `iiss_pk` WHERE ( id!=1 ) ORDER BY pubdate desc LIMIT 14   [ RunTime:0.0000s ]
NOTIC: [8] curl_setopt() [<a href='function.curl-setopt'>function.curl-setopt</a>]: CURLOPT_SSL_VERIFYHOST no longer accepts the value 1, value 2 will be used instead D:\chinaiiss\iisspk\Application\Components\Comment.class.php 第 175 行.
NOTIC: [8] curl_setopt() [<a href='function.curl-setopt'>function.curl-setopt</a>]: CURLOPT_SSL_VERIFYHOST no longer accepts the value 1, value 2 will be used instead D:\chinaiiss\iisspk\Application\Components\Comment.class.php 第 175 行.
NOTIC: [8] Undefined index: agreevote D:\chinaiiss\iisspk\Application\Home\Model\PkModel.class.php 第 36 行.
NOTIC: [8] Undefined index: opposevote D:\chinaiiss\iisspk\Application\Home\Model\PkModel.class.php 第 36 行.
NOTIC: [8] curl_setopt() [<a href='function.curl-setopt'>function.curl-setopt</a>]: CURLOPT_SSL_VERIFYHOST no longer accepts the value 1, value 2 will be used instead D:\chinaiiss\iisspk\Application\Components\Comment.class.php 第 175 行.
NOTIC: [8] curl_setopt() [<a href='function.curl-setopt'>function.curl-setopt</a>]: CURLOPT_SSL_VERIFYHOST no longer accepts the value 1, value 2 will be used instead D:\chinaiiss\iisspk\Application\Components\Comment.class.php 第 175 行.
INFO: [ view_parse ] --START--
INFO: [ template_filter ] --START--
INFO: Run Behavior\ContentReplaceBehavior [ RunTime:0.000000s ]
INFO: [ template_filter ] --END-- [ RunTime:0.000000s ]
NOTIC: [8] Use of undefined constant pk - assumed 'pk' D:\chinaiiss\iisspk\Application\Runtime\Cache\Home\885c3659dbf39e0b3fe093da5cc201da.php 第 61 行.
NOTIC: [8] Undefined variable: title D:\chinaiiss\iisspk\Application\Runtime\Cache\Home\885c3659dbf39e0b3fe093da5cc201da.php 第 73 行.
INFO: Run Behavior\ParseTemplateBehavior [ RunTime:0.046875s ]
INFO: [ view_parse ] --END-- [ RunTime:0.046875s ]
INFO: [ view_filter ] --START--
INFO: Run Behavior\WriteHtmlCacheBehavior [ RunTime:0.000000s ]
INFO: [ view_filter ] --END-- [ RunTime:0.000000s ]
INFO: [ app_end ] --START--
INFO: Run Behavior\ShowPageTraceBehavior [ RunTime:0.000000s ]
INFO: [ app_end ] --END-- [ RunTime:0.000000s ]

[ 2015-03-24T16:52:56+08:00 ] 127.0.0.1 /pk/plist/
INFO: [ app_init ] --START--
INFO: Run Behavior\BuildLiteBehavior [ RunTime:0.000000s ]
INFO: [ app_init ] --END-- [ RunTime:0.000000s ]
INFO: [ app_begin ] --START--
INFO: Run Behavior\ReadHtmlCacheBehavior [ RunTime:0.000000s ]
INFO: [ app_begin ] --END-- [ RunTime:0.000000s ]
SQL: SHOW COLUMNS FROM `iiss_pk` [ RunTime:0.0156s ]
SQL: SELECT COUNT(*) AS tp_count FROM `iiss_pk` LIMIT 1   [ RunTime:0.0000s ]
SQL: SELECT * FROM `iiss_pk` ORDER BY pubdate desc LIMIT 0,12   [ RunTime:0.0156s ]

