[ 2015-03-23T14:11:46+08:00 ] 127.0.0.1 /conference/index/223
INFO: [ app_init ] --START--
INFO: Run Behavior\BuildLiteBehavior [ RunTime:0.000000s ]
INFO: [ app_init ] --END-- [ RunTime:0.000000s ]
INFO: [ app_begin ] --START--
INFO: Run Behavior\ReadHtmlCacheBehavior [ RunTime:0.015625s ]
INFO: [ app_begin ] --END-- [ RunTime:0.015625s ]
SQL: SHOW COLUMNS FROM `iiss_conference` [ RunTime:0.0156s ]
SQL: SELECT * FROM `iiss_conference` WHERE ( id = 223 ) LIMIT 1   [ RunTime:0.0313s ]
SQL: SELECT * FROM `iiss_conference` WHERE ( id < 223 and find_in_set('m',flag) = 0 ) ORDER BY pubdate desc LIMIT 5   [ RunTime:0.0313s ]
NOTIC: [8] curl_setopt() [<a href='function.curl-setopt'>function.curl-setopt</a>]: CURLOPT_SSL_VERIFYHOST no longer accepts the value 1, value 2 will be used instead D:\chinaiiss\iisspk\Application\Components\Comment.class.php 第 175 行.
SQL: SHOW COLUMNS FROM `iiss_vote` [ RunTime:0.0000s ]
SQL: SELECT * FROM `iiss_vote` WHERE ( infoid = 223 and categoryid = -7 )  [ RunTime:0.0000s ]
SQL: SHOW COLUMNS FROM `iissblog_user` [ RunTime:0.0000s ]
SQL: SELECT * FROM `iissblog_user` WHERE ( name = '军威长风' or username = '军威长风' ) LIMIT 1   [ RunTime:0.0156s ]
SQL: SHOW COLUMNS FROM `iiss_member` [ RunTime:0.0625s ]
ERR: SQLSTATE[42S22]: Column not found: 1054 Unknown column 'bio' in 'field list'

[ 2015-03-23T14:11:47+08:00 ] 127.0.0.1 /favicon.ico
INFO: [ app_init ] --START--
INFO: Run Behavior\BuildLiteBehavior [ RunTime:0.000000s ]
INFO: [ app_init ] --END-- [ RunTime:0.000000s ]

[ 2015-03-23T14:11:47+08:00 ] 127.0.0.1 /favicon.ico
INFO: [ app_init ] --START--
INFO: Run Behavior\BuildLiteBehavior [ RunTime:0.000000s ]
INFO: [ app_init ] --END-- [ RunTime:0.000000s ]

[ 2015-03-23T14:12:07+08:00 ] 127.0.0.1 /conference/index/223
INFO: [ app_init ] --START--
INFO: Run Behavior\BuildLiteBehavior [ RunTime:0.000000s ]
INFO: [ app_init ] --END-- [ RunTime:0.000000s ]
INFO: [ app_begin ] --START--
INFO: Run Behavior\ReadHtmlCacheBehavior [ RunTime:0.000000s ]
INFO: [ app_begin ] --END-- [ RunTime:0.000000s ]
SQL: SHOW COLUMNS FROM `iiss_conference` [ RunTime:0.0000s ]
SQL: SELECT * FROM `iiss_conference` WHERE ( id = 223 ) LIMIT 1   [ RunTime:0.0000s ]
SQL: SELECT * FROM `iiss_conference` WHERE ( id < 223 and find_in_set('m',flag) = 0 ) ORDER BY pubdate desc LIMIT 5   [ RunTime:0.0000s ]
NOTIC: [8] curl_setopt() [<a href='function.curl-setopt'>function.curl-setopt</a>]: CURLOPT_SSL_VERIFYHOST no longer accepts the value 1, value 2 will be used instead D:\chinaiiss\iisspk\Application\Components\Comment.class.php 第 175 行.
SQL: SHOW COLUMNS FROM `iiss_vote` [ RunTime:0.0000s ]
SQL: SELECT * FROM `iiss_vote` WHERE ( infoid = 223 and categoryid = -7 )  [ RunTime:0.0000s ]
SQL: SHOW COLUMNS FROM `iissblog_user` [ RunTime:0.0000s ]
SQL: SELECT * FROM `iissblog_user` WHERE ( name = '军威长风' or username = '军威长风' ) LIMIT 1   [ RunTime:0.0156s ]

[ 2015-03-23T14:12:52+08:00 ] 127.0.0.1 /conference/index/223
INFO: [ app_init ] --START--
INFO: Run Behavior\BuildLiteBehavior [ RunTime:0.000000s ]
INFO: [ app_init ] --END-- [ RunTime:0.000000s ]
INFO: [ app_begin ] --START--
INFO: Run Behavior\ReadHtmlCacheBehavior [ RunTime:0.000000s ]
INFO: [ app_begin ] --END-- [ RunTime:0.000000s ]
SQL: SHOW COLUMNS FROM `iiss_conference` [ RunTime:0.0000s ]
SQL: SELECT * FROM `iiss_conference` WHERE ( id = 223 ) LIMIT 1   [ RunTime:0.0000s ]
SQL: SELECT * FROM `iiss_conference` WHERE ( id < 223 and find_in_set('m',flag) = 0 ) ORDER BY pubdate desc LIMIT 5   [ RunTime:0.0156s ]
NOTIC: [8] curl_setopt() [<a href='function.curl-setopt'>function.curl-setopt</a>]: CURLOPT_SSL_VERIFYHOST no longer accepts the value 1, value 2 will be used instead D:\chinaiiss\iisspk\Application\Components\Comment.class.php 第 175 行.
SQL: SHOW COLUMNS FROM `iiss_vote` [ RunTime:0.0000s ]
SQL: SELECT * FROM `iiss_vote` WHERE ( infoid = 223 and categoryid = -7 )  [ RunTime:0.0000s ]
SQL: SHOW COLUMNS FROM `iissblog_user` [ RunTime:0.0000s ]
SQL: SELECT * FROM `iissblog_user` WHERE ( name = '军威长风' or username = '军威长风' ) LIMIT 1   [ RunTime:0.0156s ]

[ 2015-03-23T14:12:53+08:00 ] 127.0.0.1 /conference/index/223
INFO: [ app_init ] --START--
INFO: Run Behavior\BuildLiteBehavior [ RunTime:0.000000s ]
INFO: [ app_init ] --END-- [ RunTime:0.000000s ]
INFO: [ app_begin ] --START--
INFO: Run Behavior\ReadHtmlCacheBehavior [ RunTime:0.000000s ]
INFO: [ app_begin ] --END-- [ RunTime:0.000000s ]
SQL: SHOW COLUMNS FROM `iiss_conference` [ RunTime:0.0156s ]
SQL: SELECT * FROM `iiss_conference` WHERE ( id = 223 ) LIMIT 1   [ RunTime:0.0000s ]
SQL: SELECT * FROM `iiss_conference` WHERE ( id < 223 and find_in_set('m',flag) = 0 ) ORDER BY pubdate desc LIMIT 5   [ RunTime:0.0000s ]
NOTIC: [8] curl_setopt() [<a href='function.curl-setopt'>function.curl-setopt</a>]: CURLOPT_SSL_VERIFYHOST no longer accepts the value 1, value 2 will be used instead D:\chinaiiss\iisspk\Application\Components\Comment.class.php 第 175 行.
SQL: SHOW COLUMNS FROM `iiss_vote` [ RunTime:0.0000s ]
SQL: SELECT * FROM `iiss_vote` WHERE ( infoid = 223 and categoryid = -7 )  [ RunTime:0.0000s ]
SQL: SHOW COLUMNS FROM `iissblog_user` [ RunTime:0.0000s ]
SQL: SELECT * FROM `iissblog_user` WHERE ( name = '军威长风' or username = '军威长风' ) LIMIT 1   [ RunTime:0.0156s ]

[ 2015-03-23T14:12:53+08:00 ] 127.0.0.1 /conference/index/223
INFO: [ app_init ] --START--
INFO: Run Behavior\BuildLiteBehavior [ RunTime:0.000000s ]
INFO: [ app_init ] --END-- [ RunTime:0.000000s ]
INFO: [ app_begin ] --START--
INFO: Run Behavior\ReadHtmlCacheBehavior [ RunTime:0.000000s ]
INFO: [ app_begin ] --END-- [ RunTime:0.000000s ]
SQL: SHOW COLUMNS FROM `iiss_conference` [ RunTime:0.0000s ]
SQL: SELECT * FROM `iiss_conference` WHERE ( id = 223 ) LIMIT 1   [ RunTime:0.0000s ]
SQL: SELECT * FROM `iiss_conference` WHERE ( id < 223 and find_in_set('m',flag) = 0 ) ORDER BY pubdate desc LIMIT 5   [ RunTime:0.0156s ]
NOTIC: [8] curl_setopt() [<a href='function.curl-setopt'>function.curl-setopt</a>]: CURLOPT_SSL_VERIFYHOST no longer accepts the value 1, value 2 will be used instead D:\chinaiiss\iisspk\Application\Components\Comment.class.php 第 175 行.
SQL: SHOW COLUMNS FROM `iiss_vote` [ RunTime:0.0156s ]
SQL: SELECT * FROM `iiss_vote` WHERE ( infoid = 223 and categoryid = -7 )  [ RunTime:0.0000s ]
SQL: SHOW COLUMNS FROM `iissblog_user` [ RunTime:0.0000s ]
SQL: SELECT * FROM `iissblog_user` WHERE ( name = '军威长风' or username = '军威长风' ) LIMIT 1   [ RunTime:0.0156s ]

[ 2015-03-23T14:12:54+08:00 ] 127.0.0.1 /conference/index/223
INFO: [ app_init ] --START--
INFO: Run Behavior\BuildLiteBehavior [ RunTime:0.000000s ]
INFO: [ app_init ] --END-- [ RunTime:0.000000s ]
INFO: [ app_begin ] --START--
INFO: Run Behavior\ReadHtmlCacheBehavior [ RunTime:0.000000s ]
INFO: [ app_begin ] --END-- [ RunTime:0.000000s ]
SQL: SHOW COLUMNS FROM `iiss_conference` [ RunTime:0.0000s ]
SQL: SELECT * FROM `iiss_conference` WHERE ( id = 223 ) LIMIT 1   [ RunTime:0.0000s ]
SQL: SELECT * FROM `iiss_conference` WHERE ( id < 223 and find_in_set('m',flag) = 0 ) ORDER BY pubdate desc LIMIT 5   [ RunTime:0.0000s ]
NOTIC: [8] curl_setopt() [<a href='function.curl-setopt'>function.curl-setopt</a>]: CURLOPT_SSL_VERIFYHOST no longer accepts the value 1, value 2 will be used instead D:\chinaiiss\iisspk\Application\Components\Comment.class.php 第 175 行.
SQL: SHOW COLUMNS FROM `iiss_vote` [ RunTime:0.0156s ]
SQL: SELECT * FROM `iiss_vote` WHERE ( infoid = 223 and categoryid = -7 )  [ RunTime:0.0000s ]
SQL: SHOW COLUMNS FROM `iissblog_user` [ RunTime:0.0000s ]
SQL: SELECT * FROM `iissblog_user` WHERE ( name = '军威长风' or username = '军威长风' ) LIMIT 1   [ RunTime:0.0156s ]

[ 2015-03-23T14:12:56+08:00 ] 127.0.0.1 /conference/index/223
INFO: [ app_init ] --START--
INFO: Run Behavior\BuildLiteBehavior [ RunTime:0.000000s ]
INFO: [ app_init ] --END-- [ RunTime:0.000000s ]
INFO: [ app_begin ] --START--
INFO: Run Behavior\ReadHtmlCacheBehavior [ RunTime:0.000000s ]
INFO: [ app_begin ] --END-- [ RunTime:0.000000s ]
SQL: SHOW COLUMNS FROM `iiss_conference` [ RunTime:0.0000s ]
SQL: SELECT * FROM `iiss_conference` WHERE ( id = 223 ) LIMIT 1   [ RunTime:0.0000s ]
SQL: SELECT * FROM `iiss_conference` WHERE ( id < 223 and find_in_set('m',flag) = 0 ) ORDER BY pubdate desc LIMIT 5   [ RunTime:0.0156s ]
NOTIC: [8] curl_setopt() [<a href='function.curl-setopt'>function.curl-setopt</a>]: CURLOPT_SSL_VERIFYHOST no longer accepts the value 1, value 2 will be used instead D:\chinaiiss\iisspk\Application\Components\Comment.class.php 第 175 行.
SQL: SHOW COLUMNS FROM `iiss_vote` [ RunTime:0.0000s ]
SQL: SELECT * FROM `iiss_vote` WHERE ( infoid = 223 and categoryid = -7 )  [ RunTime:0.0000s ]
SQL: SHOW COLUMNS FROM `iissblog_user` [ RunTime:0.0000s ]
SQL: SELECT * FROM `iissblog_user` WHERE ( name = '军威长风' or username = '军威长风' ) LIMIT 1   [ RunTime:0.0156s ]

[ 2015-03-23T14:13:35+08:00 ] 127.0.0.1 /conference/index/223
INFO: [ app_init ] --START--
INFO: Run Behavior\BuildLiteBehavior [ RunTime:0.000000s ]
INFO: [ app_init ] --END-- [ RunTime:0.000000s ]
INFO: [ app_begin ] --START--
INFO: Run Behavior\ReadHtmlCacheBehavior [ RunTime:0.000000s ]
INFO: [ app_begin ] --END-- [ RunTime:0.000000s ]
SQL: SHOW COLUMNS FROM `iiss_conference` [ RunTime:0.0000s ]
SQL: SELECT * FROM `iiss_conference` WHERE ( id = 223 ) LIMIT 1   [ RunTime:0.0000s ]
SQL: SELECT * FROM `iiss_conference` WHERE ( id < 223 and find_in_set('m',flag) = 0 ) ORDER BY pubdate desc LIMIT 5   [ RunTime:0.0156s ]
NOTIC: [8] curl_setopt() [<a href='function.curl-setopt'>function.curl-setopt</a>]: CURLOPT_SSL_VERIFYHOST no longer accepts the value 1, value 2 will be used instead D:\chinaiiss\iisspk\Application\Components\Comment.class.php 第 175 行.
SQL: SHOW COLUMNS FROM `iiss_vote` [ RunTime:0.0000s ]
SQL: SELECT * FROM `iiss_vote` WHERE ( infoid = 223 and categoryid = -7 )  [ RunTime:0.0000s ]
SQL: SHOW COLUMNS FROM `iissblog_user` [ RunTime:0.0000s ]
SQL: SELECT * FROM `iissblog_user` WHERE ( name = '军威长风' or username = '军威长风' ) LIMIT 1   [ RunTime:0.0156s ]

[ 2015-03-23T14:13:36+08:00 ] 127.0.0.1 /conference/index/223
INFO: [ app_init ] --START--
INFO: Run Behavior\BuildLiteBehavior [ RunTime:0.000000s ]
INFO: [ app_init ] --END-- [ RunTime:0.000000s ]
INFO: [ app_begin ] --START--
INFO: Run Behavior\ReadHtmlCacheBehavior [ RunTime:0.000000s ]
INFO: [ app_begin ] --END-- [ RunTime:0.000000s ]
SQL: SHOW COLUMNS FROM `iiss_conference` [ RunTime:0.0000s ]
SQL: SELECT * FROM `iiss_conference` WHERE ( id = 223 ) LIMIT 1   [ RunTime:0.0000s ]
SQL: SELECT * FROM `iiss_conference` WHERE ( id < 223 and find_in_set('m',flag) = 0 ) ORDER BY pubdate desc LIMIT 5   [ RunTime:0.0000s ]
NOTIC: [8] curl_setopt() [<a href='function.curl-setopt'>function.curl-setopt</a>]: CURLOPT_SSL_VERIFYHOST no longer accepts the value 1, value 2 will be used instead D:\chinaiiss\iisspk\Application\Components\Comment.class.php 第 175 行.
SQL: SHOW COLUMNS FROM `iiss_vote` [ RunTime:0.0000s ]
SQL: SELECT * FROM `iiss_vote` WHERE ( infoid = 223 and categoryid = -7 )  [ RunTime:0.0000s ]
SQL: SHOW COLUMNS FROM `iissblog_user` [ RunTime:0.0156s ]
SQL: SELECT * FROM `iissblog_user` WHERE ( name = '军威长风' or username = '军威长风' ) LIMIT 1   [ RunTime:0.0000s ]

[ 2015-03-23T14:13:36+08:00 ] 127.0.0.1 /conference/index/223
INFO: [ app_init ] --START--
INFO: Run Behavior\BuildLiteBehavior [ RunTime:0.000000s ]
INFO: [ app_init ] --END-- [ RunTime:0.000000s ]
INFO: [ app_begin ] --START--
INFO: Run Behavior\ReadHtmlCacheBehavior [ RunTime:0.000000s ]
INFO: [ app_begin ] --END-- [ RunTime:0.000000s ]
SQL: SHOW COLUMNS FROM `iiss_conference` [ RunTime:0.0000s ]
SQL: SELECT * FROM `iiss_conference` WHERE ( id = 223 ) LIMIT 1   [ RunTime:0.0000s ]
SQL: SELECT * FROM `iiss_conference` WHERE ( id < 223 and find_in_set('m',flag) = 0 ) ORDER BY pubdate desc LIMIT 5   [ RunTime:0.0000s ]
NOTIC: [8] curl_setopt() [<a href='function.curl-setopt'>function.curl-setopt</a>]: CURLOPT_SSL_VERIFYHOST no longer accepts the value 1, value 2 will be used instead D:\chinaiiss\iisspk\Application\Components\Comment.class.php 第 175 行.
SQL: SHOW COLUMNS FROM `iiss_vote` [ RunTime:0.0156s ]
SQL: SELECT * FROM `iiss_vote` WHERE ( infoid = 223 and categoryid = -7 )  [ RunTime:0.0000s ]
SQL: SHOW COLUMNS FROM `iissblog_user` [ RunTime:0.0000s ]
SQL: SELECT * FROM `iissblog_user` WHERE ( name = '军威长风' or username = '军威长风' ) LIMIT 1   [ RunTime:0.0156s ]

[ 2015-03-23T14:13:36+08:00 ] 127.0.0.1 /conference/index/223
INFO: [ app_init ] --START--
INFO: Run Behavior\BuildLiteBehavior [ RunTime:0.000000s ]
INFO: [ app_init ] --END-- [ RunTime:0.000000s ]
INFO: [ app_begin ] --START--
INFO: Run Behavior\ReadHtmlCacheBehavior [ RunTime:0.000000s ]
INFO: [ app_begin ] --END-- [ RunTime:0.000000s ]
SQL: SHOW COLUMNS FROM `iiss_conference` [ RunTime:0.0000s ]
SQL: SELECT * FROM `iiss_conference` WHERE ( id = 223 ) LIMIT 1   [ RunTime:0.0000s ]
SQL: SELECT * FROM `iiss_conference` WHERE ( id < 223 and find_in_set('m',flag) = 0 ) ORDER BY pubdate desc LIMIT 5   [ RunTime:0.0000s ]
NOTIC: [8] curl_setopt() [<a href='function.curl-setopt'>function.curl-setopt</a>]: CURLOPT_SSL_VERIFYHOST no longer accepts the value 1, value 2 will be used instead D:\chinaiiss\iisspk\Application\Components\Comment.class.php 第 175 行.
SQL: SHOW COLUMNS FROM `iiss_vote` [ RunTime:0.0000s ]
SQL: SELECT * FROM `iiss_vote` WHERE ( infoid = 223 and categoryid = -7 )  [ RunTime:0.0000s ]
SQL: SHOW COLUMNS FROM `iissblog_user` [ RunTime:0.0156s ]
SQL: SELECT * FROM `iissblog_user` WHERE ( name = '军威长风' or username = '军威长风' ) LIMIT 1   [ RunTime:0.0156s ]

[ 2015-03-23T14:18:26+08:00 ] 127.0.0.1 /conference/index/223
INFO: [ app_init ] --START--
INFO: Run Behavior\BuildLiteBehavior [ RunTime:0.000000s ]
INFO: [ app_init ] --END-- [ RunTime:0.000000s ]
INFO: [ app_begin ] --START--
INFO: Run Behavior\ReadHtmlCacheBehavior [ RunTime:0.015625s ]
INFO: [ app_begin ] --END-- [ RunTime:0.015625s ]
SQL: SHOW COLUMNS FROM `iiss_conference` [ RunTime:0.0000s ]
SQL: SELECT * FROM `iiss_conference` WHERE ( id = 223 ) LIMIT 1   [ RunTime:0.0000s ]
SQL: SELECT * FROM `iiss_conference` WHERE ( id < 223 and find_in_set('m',flag) = 0 ) ORDER BY pubdate desc LIMIT 5   [ RunTime:0.0000s ]
NOTIC: [8] curl_setopt() [<a href='function.curl-setopt'>function.curl-setopt</a>]: CURLOPT_SSL_VERIFYHOST no longer accepts the value 1, value 2 will be used instead D:\chinaiiss\iisspk\Application\Components\Comment.class.php 第 175 行.
SQL: SHOW COLUMNS FROM `iiss_vote` [ RunTime:0.0156s ]
SQL: SELECT * FROM `iiss_vote` WHERE ( infoid = 223 and categoryid = -7 )  [ RunTime:0.0000s ]
SQL: SHOW COLUMNS FROM `iissblog_user` [ RunTime:0.0000s ]
SQL: SELECT * FROM `iissblog_user` WHERE ( name = '军威长风' or username = '军威长风' ) LIMIT 1   [ RunTime:0.0156s ]

[ 2015-03-23T14:18:39+08:00 ] 127.0.0.1 /conference/index/223
INFO: [ app_init ] --START--
INFO: Run Behavior\BuildLiteBehavior [ RunTime:0.000000s ]
INFO: [ app_init ] --END-- [ RunTime:0.000000s ]
INFO: [ app_begin ] --START--
INFO: Run Behavior\ReadHtmlCacheBehavior [ RunTime:0.000000s ]
INFO: [ app_begin ] --END-- [ RunTime:0.000000s ]
SQL: SHOW COLUMNS FROM `iiss_conference` [ RunTime:0.0156s ]
SQL: SELECT * FROM `iiss_conference` WHERE ( id = 223 ) LIMIT 1   [ RunTime:0.0000s ]
SQL: SELECT * FROM `iiss_conference` WHERE ( id < 223 and find_in_set('m',flag) = 0 ) ORDER BY pubdate desc LIMIT 5   [ RunTime:0.0000s ]
NOTIC: [8] curl_setopt() [<a href='function.curl-setopt'>function.curl-setopt</a>]: CURLOPT_SSL_VERIFYHOST no longer accepts the value 1, value 2 will be used instead D:\chinaiiss\iisspk\Application\Components\Comment.class.php 第 175 行.
SQL: SHOW COLUMNS FROM `iiss_vote` [ RunTime:0.0000s ]
SQL: SELECT * FROM `iiss_vote` WHERE ( infoid = 223 and categoryid = -7 )  [ RunTime:0.0000s ]
SQL: SHOW COLUMNS FROM `iissblog_user` [ RunTime:0.0156s ]
SQL: SELECT * FROM `iissblog_user` WHERE ( name = '军威长风' or username = '军威长风' ) LIMIT 1   [ RunTime:0.0156s ]

[ 2015-03-23T14:19:05+08:00 ] 127.0.0.1 /conference/index/223
INFO: [ app_init ] --START--
INFO: Run Behavior\BuildLiteBehavior [ RunTime:0.000000s ]
INFO: [ app_init ] --END-- [ RunTime:0.000000s ]
INFO: [ app_begin ] --START--
INFO: Run Behavior\ReadHtmlCacheBehavior [ RunTime:0.000000s ]
INFO: [ app_begin ] --END-- [ RunTime:0.000000s ]
SQL: SHOW COLUMNS FROM `iiss_conference` [ RunTime:0.0000s ]
SQL: SELECT * FROM `iiss_conference` WHERE ( id = 223 ) LIMIT 1   [ RunTime:0.0000s ]
SQL: SELECT * FROM `iiss_conference` WHERE ( id < 223 and find_in_set('m',flag) = 0 ) ORDER BY pubdate desc LIMIT 5   [ RunTime:0.0000s ]
NOTIC: [8] curl_setopt() [<a href='function.curl-setopt'>function.curl-setopt</a>]: CURLOPT_SSL_VERIFYHOST no longer accepts the value 1, value 2 will be used instead D:\chinaiiss\iisspk\Application\Components\Comment.class.php 第 175 行.
SQL: SHOW COLUMNS FROM `iiss_vote` [ RunTime:0.0000s ]
SQL: SELECT * FROM `iiss_vote` WHERE ( infoid = 223 and categoryid = -7 )  [ RunTime:0.0000s ]
SQL: SHOW COLUMNS FROM `iissblog_user` [ RunTime:0.0000s ]
SQL: SELECT * FROM `iissblog_user` WHERE ( name = '军威长风' or username = '军威长风' ) LIMIT 1   [ RunTime:0.0156s ]

[ 2015-03-23T14:21:21+08:00 ] 127.0.0.1 /conference/index/223
INFO: [ app_init ] --START--
INFO: Run Behavior\BuildLiteBehavior [ RunTime:0.000000s ]
INFO: [ app_init ] --END-- [ RunTime:0.000000s ]
INFO: [ app_begin ] --START--
INFO: Run Behavior\ReadHtmlCacheBehavior [ RunTime:0.000000s ]
INFO: [ app_begin ] --END-- [ RunTime:0.000000s ]
SQL: SHOW COLUMNS FROM `iiss_conference` [ RunTime:0.0000s ]
SQL: SELECT * FROM `iiss_conference` WHERE ( id = 223 ) LIMIT 1   [ RunTime:0.0000s ]
SQL: SELECT * FROM `iiss_conference` WHERE ( id < 223 and find_in_set('m',flag) = 0 ) ORDER BY pubdate desc LIMIT 5   [ RunTime:0.0000s ]
NOTIC: [8] curl_setopt() [<a href='function.curl-setopt'>function.curl-setopt</a>]: CURLOPT_SSL_VERIFYHOST no longer accepts the value 1, value 2 will be used instead D:\chinaiiss\iisspk\Application\Components\Comment.class.php 第 175 行.
SQL: SHOW COLUMNS FROM `iiss_vote` [ RunTime:0.0000s ]
SQL: SELECT * FROM `iiss_vote` WHERE ( infoid = 223 and categoryid = -7 )  [ RunTime:0.0000s ]
SQL: SHOW COLUMNS FROM `iissblog_user` [ RunTime:0.0000s ]
SQL: SELECT * FROM `iissblog_user` WHERE ( name = '军威长风' or username = '军威长风' ) LIMIT 1   [ RunTime:0.0000s ]

[ 2015-03-23T14:21:23+08:00 ] 127.0.0.1 /conference/index/223
INFO: [ app_init ] --START--
INFO: Run Behavior\BuildLiteBehavior [ RunTime:0.000000s ]
INFO: [ app_init ] --END-- [ RunTime:0.000000s ]
INFO: [ app_begin ] --START--
INFO: Run Behavior\ReadHtmlCacheBehavior [ RunTime:0.000000s ]
INFO: [ app_begin ] --END-- [ RunTime:0.000000s ]
SQL: SHOW COLUMNS FROM `iiss_conference` [ RunTime:0.0000s ]
SQL: SELECT * FROM `iiss_conference` WHERE ( id = 223 ) LIMIT 1   [ RunTime:0.0000s ]
SQL: SELECT * FROM `iiss_conference` WHERE ( id < 223 and find_in_set('m',flag) = 0 ) ORDER BY pubdate desc LIMIT 5   [ RunTime:0.0000s ]
NOTIC: [8] curl_setopt() [<a href='function.curl-setopt'>function.curl-setopt</a>]: CURLOPT_SSL_VERIFYHOST no longer accepts the value 1, value 2 will be used instead D:\chinaiiss\iisspk\Application\Components\Comment.class.php 第 175 行.
SQL: SHOW COLUMNS FROM `iiss_vote` [ RunTime:0.0156s ]
SQL: SELECT * FROM `iiss_vote` WHERE ( infoid = 223 and categoryid = -7 )  [ RunTime:0.0000s ]
SQL: SHOW COLUMNS FROM `iissblog_user` [ RunTime:0.0000s ]
SQL: SELECT * FROM `iissblog_user` WHERE ( name = '军威长风' or username = '军威长风' ) LIMIT 1   [ RunTime:0.0156s ]

[ 2015-03-23T14:22:20+08:00 ] 127.0.0.1 /conference/index/223
INFO: [ app_init ] --START--
INFO: Run Behavior\BuildLiteBehavior [ RunTime:0.000000s ]
INFO: [ app_init ] --END-- [ RunTime:0.000000s ]
INFO: [ app_begin ] --START--
INFO: Run Behavior\ReadHtmlCacheBehavior [ RunTime:0.000000s ]
INFO: [ app_begin ] --END-- [ RunTime:0.000000s ]
SQL: SHOW COLUMNS FROM `iiss_conference` [ RunTime:0.0000s ]
SQL: SELECT * FROM `iiss_conference` WHERE ( id = 223 ) LIMIT 1   [ RunTime:0.0000s ]
SQL: SELECT * FROM `iiss_conference` WHERE ( id < 223 and find_in_set('m',flag) = 0 ) ORDER BY pubdate desc LIMIT 5   [ RunTime:0.0000s ]
NOTIC: [8] curl_setopt() [<a href='function.curl-setopt'>function.curl-setopt</a>]: CURLOPT_SSL_VERIFYHOST no longer accepts the value 1, value 2 will be used instead D:\chinaiiss\iisspk\Application\Components\Comment.class.php 第 175 行.
SQL: SHOW COLUMNS FROM `iiss_vote` [ RunTime:0.0156s ]
SQL: SELECT * FROM `iiss_vote` WHERE ( infoid = 223 and categoryid = -7 )  [ RunTime:0.0000s ]
SQL: SHOW COLUMNS FROM `iissblog_user` [ RunTime:0.0000s ]
SQL: SELECT * FROM `iissblog_user` WHERE ( name = '军威长风' or username = '军威长风' ) LIMIT 1   [ RunTime:0.0156s ]

[ 2015-03-23T14:22:22+08:00 ] 127.0.0.1 /conference/index/223
INFO: [ app_init ] --START--
INFO: Run Behavior\BuildLiteBehavior [ RunTime:0.000000s ]
INFO: [ app_init ] --END-- [ RunTime:0.000000s ]
INFO: [ app_begin ] --START--
INFO: Run Behavior\ReadHtmlCacheBehavior [ RunTime:0.000000s ]
INFO: [ app_begin ] --END-- [ RunTime:0.000000s ]
SQL: SHOW COLUMNS FROM `iiss_conference` [ RunTime:0.0156s ]
SQL: SELECT * FROM `iiss_conference` WHERE ( id = 223 ) LIMIT 1   [ RunTime:0.0000s ]
SQL: SELECT * FROM `iiss_conference` WHERE ( id < 223 and find_in_set('m',flag) = 0 ) ORDER BY pubdate desc LIMIT 5   [ RunTime:0.0000s ]
NOTIC: [8] curl_setopt() [<a href='function.curl-setopt'>function.curl-setopt</a>]: CURLOPT_SSL_VERIFYHOST no longer accepts the value 1, value 2 will be used instead D:\chinaiiss\iisspk\Application\Components\Comment.class.php 第 175 行.
SQL: SHOW COLUMNS FROM `iiss_vote` [ RunTime:0.0000s ]
SQL: SELECT * FROM `iiss_vote` WHERE ( infoid = 223 and categoryid = -7 )  [ RunTime:0.0000s ]
SQL: SHOW COLUMNS FROM `iissblog_user` [ RunTime:0.0156s ]
SQL: SELECT * FROM `iissblog_user` WHERE ( name = '军威长风' or username = '军威长风' ) LIMIT 1   [ RunTime:0.0156s ]

[ 2015-03-23T14:22:22+08:00 ] 127.0.0.1 /conference/index/223
INFO: [ app_init ] --START--
INFO: Run Behavior\BuildLiteBehavior [ RunTime:0.000000s ]
INFO: [ app_init ] --END-- [ RunTime:0.000000s ]
INFO: [ app_begin ] --START--
INFO: Run Behavior\ReadHtmlCacheBehavior [ RunTime:0.000000s ]
INFO: [ app_begin ] --END-- [ RunTime:0.000000s ]
SQL: SHOW COLUMNS FROM `iiss_conference` [ RunTime:0.0156s ]
SQL: SELECT * FROM `iiss_conference` WHERE ( id = 223 ) LIMIT 1   [ RunTime:0.0000s ]
SQL: SELECT * FROM `iiss_conference` WHERE ( id < 223 and find_in_set('m',flag) = 0 ) ORDER BY pubdate desc LIMIT 5   [ RunTime:0.0000s ]
NOTIC: [8] curl_setopt() [<a href='function.curl-setopt'>function.curl-setopt</a>]: CURLOPT_SSL_VERIFYHOST no longer accepts the value 1, value 2 will be used instead D:\chinaiiss\iisspk\Application\Components\Comment.class.php 第 175 行.
SQL: SHOW COLUMNS FROM `iiss_vote` [ RunTime:0.0000s ]
SQL: SELECT * FROM `iiss_vote` WHERE ( infoid = 223 and categoryid = -7 )  [ RunTime:0.0000s ]
SQL: SHOW COLUMNS FROM `iissblog_user` [ RunTime:0.0156s ]
SQL: SELECT * FROM `iissblog_user` WHERE ( name = '军威长风' or username = '军威长风' ) LIMIT 1   [ RunTime:0.0156s ]

[ 2015-03-23T14:22:23+08:00 ] 127.0.0.1 /conference/index/223
INFO: [ app_init ] --START--
INFO: Run Behavior\BuildLiteBehavior [ RunTime:0.000000s ]
INFO: [ app_init ] --END-- [ RunTime:0.015625s ]
INFO: [ app_begin ] --START--
INFO: Run Behavior\ReadHtmlCacheBehavior [ RunTime:0.000000s ]
INFO: [ app_begin ] --END-- [ RunTime:0.000000s ]
SQL: SHOW COLUMNS FROM `iiss_conference` [ RunTime:0.0000s ]
SQL: SELECT * FROM `iiss_conference` WHERE ( id = 223 ) LIMIT 1   [ RunTime:0.0000s ]
SQL: SELECT * FROM `iiss_conference` WHERE ( id < 223 and find_in_set('m',flag) = 0 ) ORDER BY pubdate desc LIMIT 5   [ RunTime:0.0000s ]
NOTIC: [8] curl_setopt() [<a href='function.curl-setopt'>function.curl-setopt</a>]: CURLOPT_SSL_VERIFYHOST no longer accepts the value 1, value 2 will be used instead D:\chinaiiss\iisspk\Application\Components\Comment.class.php 第 175 行.
SQL: SHOW COLUMNS FROM `iiss_vote` [ RunTime:0.0156s ]
SQL: SELECT * FROM `iiss_vote` WHERE ( infoid = 223 and categoryid = -7 )  [ RunTime:0.0000s ]
SQL: SHOW COLUMNS FROM `iissblog_user` [ RunTime:0.0000s ]
SQL: SELECT * FROM `iissblog_user` WHERE ( name = '军威长风' or username = '军威长风' ) LIMIT 1   [ RunTime:0.0156s ]

[ 2015-03-23T14:22:23+08:00 ] 127.0.0.1 /conference/index/223
INFO: [ app_init ] --START--
INFO: Run Behavior\BuildLiteBehavior [ RunTime:0.000000s ]
INFO: [ app_init ] --END-- [ RunTime:0.000000s ]
INFO: [ app_begin ] --START--
INFO: Run Behavior\ReadHtmlCacheBehavior [ RunTime:0.000000s ]
INFO: [ app_begin ] --END-- [ RunTime:0.000000s ]
SQL: SHOW COLUMNS FROM `iiss_conference` [ RunTime:0.0000s ]
SQL: SELECT * FROM `iiss_conference` WHERE ( id = 223 ) LIMIT 1   [ RunTime:0.0000s ]
SQL: SELECT * FROM `iiss_conference` WHERE ( id < 223 and find_in_set('m',flag) = 0 ) ORDER BY pubdate desc LIMIT 5   [ RunTime:0.0000s ]
NOTIC: [8] curl_setopt() [<a href='function.curl-setopt'>function.curl-setopt</a>]: CURLOPT_SSL_VERIFYHOST no longer accepts the value 1, value 2 will be used instead D:\chinaiiss\iisspk\Application\Components\Comment.class.php 第 175 行.
SQL: SHOW COLUMNS FROM `iiss_vote` [ RunTime:0.0156s ]
SQL: SELECT * FROM `iiss_vote` WHERE ( infoid = 223 and categoryid = -7 )  [ RunTime:0.0000s ]
SQL: SHOW COLUMNS FROM `iissblog_user` [ RunTime:0.0000s ]
SQL: SELECT * FROM `iissblog_user` WHERE ( name = '军威长风' or username = '军威长风' ) LIMIT 1   [ RunTime:0.0156s ]

[ 2015-03-23T14:22:23+08:00 ] 127.0.0.1 /conference/index/223
INFO: [ app_init ] --START--
INFO: Run Behavior\BuildLiteBehavior [ RunTime:0.000000s ]
INFO: [ app_init ] --END-- [ RunTime:0.000000s ]
INFO: [ app_begin ] --START--
INFO: Run Behavior\ReadHtmlCacheBehavior [ RunTime:0.000000s ]
INFO: [ app_begin ] --END-- [ RunTime:0.000000s ]
SQL: SHOW COLUMNS FROM `iiss_conference` [ RunTime:0.0000s ]
SQL: SELECT * FROM `iiss_conference` WHERE ( id = 223 ) LIMIT 1   [ RunTime:0.0000s ]
SQL: SELECT * FROM `iiss_conference` WHERE ( id < 223 and find_in_set('m',flag) = 0 ) ORDER BY pubdate desc LIMIT 5   [ RunTime:0.0000s ]
NOTIC: [8] curl_setopt() [<a href='function.curl-setopt'>function.curl-setopt</a>]: CURLOPT_SSL_VERIFYHOST no longer accepts the value 1, value 2 will be used instead D:\chinaiiss\iisspk\Application\Components\Comment.class.php 第 175 行.
SQL: SHOW COLUMNS FROM `iiss_vote` [ RunTime:0.0000s ]
SQL: SELECT * FROM `iiss_vote` WHERE ( infoid = 223 and categoryid = -7 )  [ RunTime:0.0000s ]
SQL: SHOW COLUMNS FROM `iissblog_user` [ RunTime:0.0156s ]
SQL: SELECT * FROM `iissblog_user` WHERE ( name = '军威长风' or username = '军威长风' ) LIMIT 1   [ RunTime:0.0000s ]

[ 2015-03-23T14:24:19+08:00 ] 127.0.0.1 /conference/index/223
INFO: [ app_init ] --START--
INFO: Run Behavior\BuildLiteBehavior [ RunTime:0.000000s ]
INFO: [ app_init ] --END-- [ RunTime:0.000000s ]
INFO: [ app_begin ] --START--
INFO: Run Behavior\ReadHtmlCacheBehavior [ RunTime:0.000000s ]
INFO: [ app_begin ] --END-- [ RunTime:0.000000s ]
SQL: SHOW COLUMNS FROM `iiss_conference` [ RunTime:0.0000s ]
SQL: SELECT * FROM `iiss_conference` WHERE ( id = 223 ) LIMIT 1   [ RunTime:0.0000s ]
SQL: SELECT * FROM `iiss_conference` WHERE ( id < 223 and find_in_set('m',flag) = 0 ) ORDER BY pubdate desc LIMIT 5   [ RunTime:0.0156s ]
NOTIC: [8] curl_setopt() [<a href='function.curl-setopt'>function.curl-setopt</a>]: CURLOPT_SSL_VERIFYHOST no longer accepts the value 1, value 2 will be used instead D:\chinaiiss\iisspk\Application\Components\Comment.class.php 第 175 行.
SQL: SHOW COLUMNS FROM `iiss_vote` [ RunTime:0.0000s ]
SQL: SELECT * FROM `iiss_vote` WHERE ( infoid = 223 and categoryid = -7 )  [ RunTime:0.0000s ]
SQL: SHOW COLUMNS FROM `iissblog_user` [ RunTime:0.0000s ]
SQL: SELECT * FROM `iissblog_user` WHERE ( name = '军威长风' or username = '军威长风' ) LIMIT 1   [ RunTime:0.0156s ]

[ 2015-03-23T14:24:20+08:00 ] 127.0.0.1 /conference/index/223
INFO: [ app_init ] --START--
INFO: Run Behavior\BuildLiteBehavior [ RunTime:0.000000s ]
INFO: [ app_init ] --END-- [ RunTime:0.000000s ]
INFO: [ app_begin ] --START--
INFO: Run Behavior\ReadHtmlCacheBehavior [ RunTime:0.000000s ]
INFO: [ app_begin ] --END-- [ RunTime:0.000000s ]
SQL: SHOW COLUMNS FROM `iiss_conference` [ RunTime:0.0156s ]
SQL: SELECT * FROM `iiss_conference` WHERE ( id = 223 ) LIMIT 1   [ RunTime:0.0000s ]
SQL: SELECT * FROM `iiss_conference` WHERE ( id < 223 and find_in_set('m',flag) = 0 ) ORDER BY pubdate desc LIMIT 5   [ RunTime:0.0000s ]
NOTIC: [8] curl_setopt() [<a href='function.curl-setopt'>function.curl-setopt</a>]: CURLOPT_SSL_VERIFYHOST no longer accepts the value 1, value 2 will be used instead D:\chinaiiss\iisspk\Application\Components\Comment.class.php 第 175 行.
SQL: SHOW COLUMNS FROM `iiss_vote` [ RunTime:0.0000s ]
SQL: SELECT * FROM `iiss_vote` WHERE ( infoid = 223 and categoryid = -7 )  [ RunTime:0.0156s ]
SQL: SHOW COLUMNS FROM `iissblog_user` [ RunTime:0.0000s ]
SQL: SELECT * FROM `iissblog_user` WHERE ( name = '军威长风' or username = '军威长风' ) LIMIT 1   [ RunTime:0.0156s ]

[ 2015-03-23T14:24:22+08:00 ] 127.0.0.1 /conference/index/223
INFO: [ app_init ] --START--
INFO: Run Behavior\BuildLiteBehavior [ RunTime:0.000000s ]
INFO: [ app_init ] --END-- [ RunTime:0.000000s ]
INFO: [ app_begin ] --START--
INFO: Run Behavior\ReadHtmlCacheBehavior [ RunTime:0.000000s ]
INFO: [ app_begin ] --END-- [ RunTime:0.000000s ]
SQL: SHOW COLUMNS FROM `iiss_conference` [ RunTime:0.0156s ]
SQL: SELECT * FROM `iiss_conference` WHERE ( id = 223 ) LIMIT 1   [ RunTime:0.0000s ]
SQL: SELECT * FROM `iiss_conference` WHERE ( id < 223 and find_in_set('m',flag) = 0 ) ORDER BY pubdate desc LIMIT 5   [ RunTime:0.0000s ]
NOTIC: [8] curl_setopt() [<a href='function.curl-setopt'>function.curl-setopt</a>]: CURLOPT_SSL_VERIFYHOST no longer accepts the value 1, value 2 will be used instead D:\chinaiiss\iisspk\Application\Components\Comment.class.php 第 175 行.
SQL: SHOW COLUMNS FROM `iiss_vote` [ RunTime:0.0000s ]
SQL: SELECT * FROM `iiss_vote` WHERE ( infoid = 223 and categoryid = -7 )  [ RunTime:0.0000s ]
SQL: SHOW COLUMNS FROM `iissblog_user` [ RunTime:0.0156s ]
SQL: SELECT * FROM `iissblog_user` WHERE ( name = '军威长风' or username = '军威长风' ) LIMIT 1   [ RunTime:0.0156s ]

[ 2015-03-23T14:29:34+08:00 ] 127.0.0.1 /conference/index/223
INFO: [ app_init ] --START--
INFO: Run Behavior\BuildLiteBehavior [ RunTime:0.000000s ]
INFO: [ app_init ] --END-- [ RunTime:0.000000s ]
INFO: [ app_begin ] --START--
INFO: Run Behavior\ReadHtmlCacheBehavior [ RunTime:0.000000s ]
INFO: [ app_begin ] --END-- [ RunTime:0.000000s ]
SQL: SHOW COLUMNS FROM `iiss_conference` [ RunTime:0.0000s ]
SQL: SELECT * FROM `iiss_conference` WHERE ( id = 223 ) LIMIT 1   [ RunTime:0.0000s ]
SQL: SELECT * FROM `iiss_conference` WHERE ( id < 223 and find_in_set('m',flag) = 0 ) ORDER BY pubdate desc LIMIT 5   [ RunTime:0.0000s ]
NOTIC: [8] curl_setopt() [<a href='function.curl-setopt'>function.curl-setopt</a>]: CURLOPT_SSL_VERIFYHOST no longer accepts the value 1, value 2 will be used instead D:\chinaiiss\iisspk\Application\Components\Comment.class.php 第 175 行.
SQL: SHOW COLUMNS FROM `iiss_vote` [ RunTime:0.0156s ]
SQL: SELECT * FROM `iiss_vote` WHERE ( infoid = 223 and categoryid = -7 )  [ RunTime:0.0000s ]
SQL: SHOW COLUMNS FROM `iissblog_user` [ RunTime:0.0000s ]
SQL: SELECT * FROM `iissblog_user` WHERE ( name = '军威长风' or username = '军威长风' ) LIMIT 1   [ RunTime:0.0156s ]

[ 2015-03-23T14:30:11+08:00 ] 127.0.0.1 /conference/index/223
INFO: [ app_init ] --START--
INFO: Run Behavior\BuildLiteBehavior [ RunTime:0.000000s ]
INFO: [ app_init ] --END-- [ RunTime:0.000000s ]
INFO: [ app_begin ] --START--
INFO: Run Behavior\ReadHtmlCacheBehavior [ RunTime:0.000000s ]
INFO: [ app_begin ] --END-- [ RunTime:0.000000s ]
SQL: SHOW COLUMNS FROM `iiss_conference` [ RunTime:0.0000s ]
SQL: SELECT * FROM `iiss_conference` WHERE ( id = 223 ) LIMIT 1   [ RunTime:0.0000s ]
SQL: SELECT * FROM `iiss_conference` WHERE ( id < 223 and find_in_set('m',flag) = 0 ) ORDER BY pubdate desc LIMIT 5   [ RunTime:0.0000s ]
NOTIC: [8] curl_setopt() [<a href='function.curl-setopt'>function.curl-setopt</a>]: CURLOPT_SSL_VERIFYHOST no longer accepts the value 1, value 2 will be used instead D:\chinaiiss\iisspk\Application\Components\Comment.class.php 第 175 行.
SQL: SHOW COLUMNS FROM `iiss_vote` [ RunTime:0.0000s ]
SQL: SELECT * FROM `iiss_vote` WHERE ( infoid = 223 and categoryid = -7 )  [ RunTime:0.0000s ]
SQL: SHOW COLUMNS FROM `iissblog_user` [ RunTime:0.0000s ]
SQL: SELECT * FROM `iissblog_user` WHERE ( name = '军威长风' or username = '军威长风' ) LIMIT 1   [ RunTime:0.0156s ]

[ 2015-03-23T14:30:12+08:00 ] 127.0.0.1 /conference/index/223
INFO: [ app_init ] --START--
INFO: Run Behavior\BuildLiteBehavior [ RunTime:0.000000s ]
INFO: [ app_init ] --END-- [ RunTime:0.000000s ]
INFO: [ app_begin ] --START--
INFO: Run Behavior\ReadHtmlCacheBehavior [ RunTime:0.000000s ]
INFO: [ app_begin ] --END-- [ RunTime:0.000000s ]
SQL: SHOW COLUMNS FROM `iiss_conference` [ RunTime:0.0000s ]
SQL: SELECT * FROM `iiss_conference` WHERE ( id = 223 ) LIMIT 1   [ RunTime:0.0000s ]
SQL: SELECT * FROM `iiss_conference` WHERE ( id < 223 and find_in_set('m',flag) = 0 ) ORDER BY pubdate desc LIMIT 5   [ RunTime:0.0000s ]
NOTIC: [8] curl_setopt() [<a href='function.curl-setopt'>function.curl-setopt</a>]: CURLOPT_SSL_VERIFYHOST no longer accepts the value 1, value 2 will be used instead D:\chinaiiss\iisspk\Application\Components\Comment.class.php 第 175 行.
SQL: SHOW COLUMNS FROM `iiss_vote` [ RunTime:0.0000s ]
SQL: SELECT * FROM `iiss_vote` WHERE ( infoid = 223 and categoryid = -7 )  [ RunTime:0.0000s ]
SQL: SHOW COLUMNS FROM `iissblog_user` [ RunTime:0.0000s ]
SQL: SELECT * FROM `iissblog_user` WHERE ( name = '军威长风' or username = '军威长风' ) LIMIT 1   [ RunTime:0.0156s ]

[ 2015-03-23T14:30:13+08:00 ] 127.0.0.1 /conference/index/223
INFO: [ app_init ] --START--
INFO: Run Behavior\BuildLiteBehavior [ RunTime:0.000000s ]
INFO: [ app_init ] --END-- [ RunTime:0.000000s ]
INFO: [ app_begin ] --START--
INFO: Run Behavior\ReadHtmlCacheBehavior [ RunTime:0.000000s ]
INFO: [ app_begin ] --END-- [ RunTime:0.000000s ]
SQL: SHOW COLUMNS FROM `iiss_conference` [ RunTime:0.0156s ]
SQL: SELECT * FROM `iiss_conference` WHERE ( id = 223 ) LIMIT 1   [ RunTime:0.0000s ]
SQL: SELECT * FROM `iiss_conference` WHERE ( id < 223 and find_in_set('m',flag) = 0 ) ORDER BY pubdate desc LIMIT 5   [ RunTime:0.0000s ]
NOTIC: [8] curl_setopt() [<a href='function.curl-setopt'>function.curl-setopt</a>]: CURLOPT_SSL_VERIFYHOST no longer accepts the value 1, value 2 will be used instead D:\chinaiiss\iisspk\Application\Components\Comment.class.php 第 175 行.
SQL: SHOW COLUMNS FROM `iiss_vote` [ RunTime:0.0156s ]
SQL: SELECT * FROM `iiss_vote` WHERE ( infoid = 223 and categoryid = -7 )  [ RunTime:0.0000s ]
SQL: SHOW COLUMNS FROM `iissblog_user` [ RunTime:0.0000s ]
SQL: SELECT * FROM `iissblog_user` WHERE ( name = '军威长风' or username = '军威长风' ) LIMIT 1   [ RunTime:0.0156s ]

[ 2015-03-23T14:30:16+08:00 ] 127.0.0.1 /conference/index/223
INFO: [ app_init ] --START--
INFO: Run Behavior\BuildLiteBehavior [ RunTime:0.000000s ]
INFO: [ app_init ] --END-- [ RunTime:0.000000s ]
INFO: [ app_begin ] --START--
INFO: Run Behavior\ReadHtmlCacheBehavior [ RunTime:0.000000s ]
INFO: [ app_begin ] --END-- [ RunTime:0.000000s ]
SQL: SHOW COLUMNS FROM `iiss_conference` [ RunTime:0.0000s ]
SQL: SELECT * FROM `iiss_conference` WHERE ( id = 223 ) LIMIT 1   [ RunTime:0.0000s ]
SQL: SELECT * FROM `iiss_conference` WHERE ( id < 223 and find_in_set('m',flag) = 0 ) ORDER BY pubdate desc LIMIT 5   [ RunTime:0.0156s ]
NOTIC: [8] curl_setopt() [<a href='function.curl-setopt'>function.curl-setopt</a>]: CURLOPT_SSL_VERIFYHOST no longer accepts the value 1, value 2 will be used instead D:\chinaiiss\iisspk\Application\Components\Comment.class.php 第 175 行.
SQL: SHOW COLUMNS FROM `iiss_vote` [ RunTime:0.0000s ]
SQL: SELECT * FROM `iiss_vote` WHERE ( infoid = 223 and categoryid = -7 )  [ RunTime:0.0000s ]
SQL: SHOW COLUMNS FROM `iissblog_user` [ RunTime:0.0000s ]
SQL: SELECT * FROM `iissblog_user` WHERE ( name = '军威长风' or username = '军威长风' ) LIMIT 1   [ RunTime:0.0156s ]

[ 2015-03-23T14:30:17+08:00 ] 127.0.0.1 /conference/index/223
INFO: [ app_init ] --START--
INFO: Run Behavior\BuildLiteBehavior [ RunTime:0.000000s ]
INFO: [ app_init ] --END-- [ RunTime:0.000000s ]
INFO: [ app_begin ] --START--
INFO: Run Behavior\ReadHtmlCacheBehavior [ RunTime:0.000000s ]
INFO: [ app_begin ] --END-- [ RunTime:0.000000s ]
SQL: SHOW COLUMNS FROM `iiss_conference` [ RunTime:0.0000s ]
SQL: SELECT * FROM `iiss_conference` WHERE ( id = 223 ) LIMIT 1   [ RunTime:0.0000s ]
SQL: SELECT * FROM `iiss_conference` WHERE ( id < 223 and find_in_set('m',flag) = 0 ) ORDER BY pubdate desc LIMIT 5   [ RunTime:0.0000s ]
NOTIC: [8] curl_setopt() [<a href='function.curl-setopt'>function.curl-setopt</a>]: CURLOPT_SSL_VERIFYHOST no longer accepts the value 1, value 2 will be used instead D:\chinaiiss\iisspk\Application\Components\Comment.class.php 第 175 行.
SQL: SHOW COLUMNS FROM `iiss_vote` [ RunTime:0.0156s ]
SQL: SELECT * FROM `iiss_vote` WHERE ( infoid = 223 and categoryid = -7 )  [ RunTime:0.0000s ]
SQL: SHOW COLUMNS FROM `iissblog_user` [ RunTime:0.0000s ]
SQL: SELECT * FROM `iissblog_user` WHERE ( name = '军威长风' or username = '军威长风' ) LIMIT 1   [ RunTime:0.0156s ]

[ 2015-03-23T14:33:16+08:00 ] 127.0.0.1 /conference/index/223
INFO: [ app_init ] --START--
INFO: Run Behavior\BuildLiteBehavior [ RunTime:0.000000s ]
INFO: [ app_init ] --END-- [ RunTime:0.015625s ]
INFO: [ app_begin ] --START--
INFO: Run Behavior\ReadHtmlCacheBehavior [ RunTime:0.000000s ]
INFO: [ app_begin ] --END-- [ RunTime:0.000000s ]
SQL: SHOW COLUMNS FROM `iiss_conference` [ RunTime:0.0156s ]
SQL: SELECT * FROM `iiss_conference` WHERE ( id = 223 ) LIMIT 1   [ RunTime:0.0000s ]
SQL: SELECT * FROM `iiss_conference` WHERE ( id < 223 and find_in_set('m',flag) = 0 ) ORDER BY pubdate desc LIMIT 5   [ RunTime:0.0000s ]
NOTIC: [8] curl_setopt() [<a href='function.curl-setopt'>function.curl-setopt</a>]: CURLOPT_SSL_VERIFYHOST no longer accepts the value 1, value 2 will be used instead D:\chinaiiss\iisspk\Application\Components\Comment.class.php 第 175 行.
SQL: SHOW COLUMNS FROM `iiss_vote` [ RunTime:0.0000s ]
SQL: SELECT * FROM `iiss_vote` WHERE ( infoid = 223 and categoryid = -7 )  [ RunTime:0.0000s ]
SQL: SHOW COLUMNS FROM `iissblog_user` [ RunTime:0.0156s ]
SQL: SELECT * FROM `iissblog_user` WHERE ( name = '军威长风' or username = '军威长风' ) LIMIT 1   [ RunTime:0.0156s ]

[ 2015-03-23T14:33:19+08:00 ] 127.0.0.1 /conference/index/223
INFO: [ app_init ] --START--
INFO: Run Behavior\BuildLiteBehavior [ RunTime:0.000000s ]
INFO: [ app_init ] --END-- [ RunTime:0.000000s ]
INFO: [ app_begin ] --START--
INFO: Run Behavior\ReadHtmlCacheBehavior [ RunTime:0.000000s ]
INFO: [ app_begin ] --END-- [ RunTime:0.000000s ]
SQL: SHOW COLUMNS FROM `iiss_conference` [ RunTime:0.0000s ]
SQL: SELECT * FROM `iiss_conference` WHERE ( id = 223 ) LIMIT 1   [ RunTime:0.0000s ]
SQL: SELECT * FROM `iiss_conference` WHERE ( id < 223 and find_in_set('m',flag) = 0 ) ORDER BY pubdate desc LIMIT 5   [ RunTime:0.0000s ]
NOTIC: [8] curl_setopt() [<a href='function.curl-setopt'>function.curl-setopt</a>]: CURLOPT_SSL_VERIFYHOST no longer accepts the value 1, value 2 will be used instead D:\chinaiiss\iisspk\Application\Components\Comment.class.php 第 175 行.
SQL: SHOW COLUMNS FROM `iiss_vote` [ RunTime:0.0000s ]
SQL: SELECT * FROM `iiss_vote` WHERE ( infoid = 223 and categoryid = -7 )  [ RunTime:0.0000s ]
SQL: SHOW COLUMNS FROM `iissblog_user` [ RunTime:0.0000s ]
SQL: SELECT * FROM `iissblog_user` WHERE ( name = '军威长风' or username = '军威长风' ) LIMIT 1   [ RunTime:0.0156s ]

[ 2015-03-23T14:33:22+08:00 ] 127.0.0.1 /conference/index/223
INFO: [ app_init ] --START--
INFO: Run Behavior\BuildLiteBehavior [ RunTime:0.000000s ]
INFO: [ app_init ] --END-- [ RunTime:0.000000s ]
INFO: [ app_begin ] --START--
INFO: Run Behavior\ReadHtmlCacheBehavior [ RunTime:0.000000s ]
INFO: [ app_begin ] --END-- [ RunTime:0.000000s ]
SQL: SHOW COLUMNS FROM `iiss_conference` [ RunTime:0.0000s ]
SQL: SELECT * FROM `iiss_conference` WHERE ( id = 223 ) LIMIT 1   [ RunTime:0.0156s ]
SQL: SELECT * FROM `iiss_conference` WHERE ( id < 223 and find_in_set('m',flag) = 0 ) ORDER BY pubdate desc LIMIT 5   [ RunTime:0.0000s ]
NOTIC: [8] curl_setopt() [<a href='function.curl-setopt'>function.curl-setopt</a>]: CURLOPT_SSL_VERIFYHOST no longer accepts the value 1, value 2 will be used instead D:\chinaiiss\iisspk\Application\Components\Comment.class.php 第 175 行.
SQL: SHOW COLUMNS FROM `iiss_vote` [ RunTime:0.0000s ]
SQL: SELECT * FROM `iiss_vote` WHERE ( infoid = 223 and categoryid = -7 )  [ RunTime:0.0000s ]
SQL: SHOW COLUMNS FROM `iissblog_user` [ RunTime:0.0156s ]
SQL: SELECT * FROM `iissblog_user` WHERE ( name = '军威长风' or username = '军威长风' ) LIMIT 1   [ RunTime:0.0156s ]

[ 2015-03-23T14:33:48+08:00 ] 127.0.0.1 /conference/index/223
INFO: [ app_init ] --START--
INFO: Run Behavior\BuildLiteBehavior [ RunTime:0.000000s ]
INFO: [ app_init ] --END-- [ RunTime:0.000000s ]
INFO: [ app_begin ] --START--
INFO: Run Behavior\ReadHtmlCacheBehavior [ RunTime:0.000000s ]
INFO: [ app_begin ] --END-- [ RunTime:0.000000s ]
SQL: SHOW COLUMNS FROM `iiss_conference` [ RunTime:0.0000s ]
SQL: SELECT * FROM `iiss_conference` WHERE ( id = 223 ) LIMIT 1   [ RunTime:0.0000s ]
SQL: SELECT * FROM `iiss_conference` WHERE ( id < 223 and find_in_set('m',flag) = 0 ) ORDER BY pubdate desc LIMIT 5   [ RunTime:0.0000s ]
NOTIC: [8] curl_setopt() [<a href='function.curl-setopt'>function.curl-setopt</a>]: CURLOPT_SSL_VERIFYHOST no longer accepts the value 1, value 2 will be used instead D:\chinaiiss\iisspk\Application\Components\Comment.class.php 第 175 行.
SQL: SHOW COLUMNS FROM `iiss_vote` [ RunTime:0.0000s ]
SQL: SELECT * FROM `iiss_vote` WHERE ( infoid = 223 and categoryid = -7 )  [ RunTime:0.0000s ]
SQL: SHOW COLUMNS FROM `iissblog_user` [ RunTime:0.0000s ]
SQL: SELECT * FROM `iissblog_user` WHERE ( name = '军威长风' or username = '军威长风' ) LIMIT 1   [ RunTime:0.0156s ]

[ 2015-03-23T14:33:49+08:00 ] 127.0.0.1 /conference/index/223
INFO: [ app_init ] --START--
INFO: Run Behavior\BuildLiteBehavior [ RunTime:0.000000s ]
INFO: [ app_init ] --END-- [ RunTime:0.000000s ]
INFO: [ app_begin ] --START--
INFO: Run Behavior\ReadHtmlCacheBehavior [ RunTime:0.000000s ]
INFO: [ app_begin ] --END-- [ RunTime:0.000000s ]
SQL: SHOW COLUMNS FROM `iiss_conference` [ RunTime:0.0000s ]
SQL: SELECT * FROM `iiss_conference` WHERE ( id = 223 ) LIMIT 1   [ RunTime:0.0000s ]
SQL: SELECT * FROM `iiss_conference` WHERE ( id < 223 and find_in_set('m',flag) = 0 ) ORDER BY pubdate desc LIMIT 5   [ RunTime:0.0000s ]
NOTIC: [8] curl_setopt() [<a href='function.curl-setopt'>function.curl-setopt</a>]: CURLOPT_SSL_VERIFYHOST no longer accepts the value 1, value 2 will be used instead D:\chinaiiss\iisspk\Application\Components\Comment.class.php 第 175 行.
SQL: SHOW COLUMNS FROM `iiss_vote` [ RunTime:0.0156s ]
SQL: SELECT * FROM `iiss_vote` WHERE ( infoid = 223 and categoryid = -7 )  [ RunTime:0.0000s ]
SQL: SHOW COLUMNS FROM `iissblog_user` [ RunTime:0.0000s ]
SQL: SELECT * FROM `iissblog_user` WHERE ( name = '军威长风' or username = '军威长风' ) LIMIT 1   [ RunTime:0.0156s ]

[ 2015-03-23T14:34:02+08:00 ] 127.0.0.1 /conference/index/223
INFO: [ app_init ] --START--
INFO: Run Behavior\BuildLiteBehavior [ RunTime:0.000000s ]
INFO: [ app_init ] --END-- [ RunTime:0.000000s ]
INFO: [ app_begin ] --START--
INFO: Run Behavior\ReadHtmlCacheBehavior [ RunTime:0.000000s ]
INFO: [ app_begin ] --END-- [ RunTime:0.000000s ]
SQL: SHOW COLUMNS FROM `iiss_conference` [ RunTime:0.0000s ]
SQL: SELECT * FROM `iiss_conference` WHERE ( id = 223 ) LIMIT 1   [ RunTime:0.0000s ]
SQL: SELECT * FROM `iiss_conference` WHERE ( id < 223 and find_in_set('m',flag) = 0 ) ORDER BY pubdate desc LIMIT 5   [ RunTime:0.0000s ]
NOTIC: [8] curl_setopt() [<a href='function.curl-setopt'>function.curl-setopt</a>]: CURLOPT_SSL_VERIFYHOST no longer accepts the value 1, value 2 will be used instead D:\chinaiiss\iisspk\Application\Components\Comment.class.php 第 175 行.
SQL: SHOW COLUMNS FROM `iiss_vote` [ RunTime:0.0000s ]
SQL: SELECT * FROM `iiss_vote` WHERE ( infoid = 223 and categoryid = -7 )  [ RunTime:0.0000s ]
SQL: SHOW COLUMNS FROM `iissblog_user` [ RunTime:0.0156s ]
SQL: SELECT * FROM `iissblog_user` WHERE ( name = '军威长风' or username = '军威长风' ) LIMIT 1   [ RunTime:0.0156s ]

[ 2015-03-23T14:34:03+08:00 ] 127.0.0.1 /conference/index/223
INFO: [ app_init ] --START--
INFO: Run Behavior\BuildLiteBehavior [ RunTime:0.000000s ]
INFO: [ app_init ] --END-- [ RunTime:0.000000s ]
INFO: [ app_begin ] --START--
INFO: Run Behavior\ReadHtmlCacheBehavior [ RunTime:0.000000s ]
INFO: [ app_begin ] --END-- [ RunTime:0.000000s ]
SQL: SHOW COLUMNS FROM `iiss_conference` [ RunTime:0.0000s ]
SQL: SELECT * FROM `iiss_conference` WHERE ( id = 223 ) LIMIT 1   [ RunTime:0.0000s ]
SQL: SELECT * FROM `iiss_conference` WHERE ( id < 223 and find_in_set('m',flag) = 0 ) ORDER BY pubdate desc LIMIT 5   [ RunTime:0.0000s ]
NOTIC: [8] curl_setopt() [<a href='function.curl-setopt'>function.curl-setopt</a>]: CURLOPT_SSL_VERIFYHOST no longer accepts the value 1, value 2 will be used instead D:\chinaiiss\iisspk\Application\Components\Comment.class.php 第 175 行.
SQL: SHOW COLUMNS FROM `iiss_vote` [ RunTime:0.0000s ]
SQL: SELECT * FROM `iiss_vote` WHERE ( infoid = 223 and categoryid = -7 )  [ RunTime:0.0000s ]
SQL: SHOW COLUMNS FROM `iissblog_user` [ RunTime:0.0000s ]
SQL: SELECT * FROM `iissblog_user` WHERE ( name = '军威长风' or username = '军威长风' ) LIMIT 1   [ RunTime:0.0156s ]

[ 2015-03-23T14:34:16+08:00 ] 127.0.0.1 /conference/index/223
INFO: [ app_init ] --START--
INFO: Run Behavior\BuildLiteBehavior [ RunTime:0.000000s ]
INFO: [ app_init ] --END-- [ RunTime:0.000000s ]
INFO: [ app_begin ] --START--
INFO: Run Behavior\ReadHtmlCacheBehavior [ RunTime:0.000000s ]
INFO: [ app_begin ] --END-- [ RunTime:0.000000s ]
SQL: SHOW COLUMNS FROM `iiss_conference` [ RunTime:0.0000s ]
SQL: SELECT * FROM `iiss_conference` WHERE ( id = 223 ) LIMIT 1   [ RunTime:0.0000s ]
SQL: SELECT * FROM `iiss_conference` WHERE ( id < 223 and find_in_set('m',flag) = 0 ) ORDER BY pubdate desc LIMIT 5   [ RunTime:0.0000s ]
NOTIC: [8] curl_setopt() [<a href='function.curl-setopt'>function.curl-setopt</a>]: CURLOPT_SSL_VERIFYHOST no longer accepts the value 1, value 2 will be used instead D:\chinaiiss\iisspk\Application\Components\Comment.class.php 第 175 行.
SQL: SHOW COLUMNS FROM `iiss_vote` [ RunTime:0.0000s ]
SQL: SELECT * FROM `iiss_vote` WHERE ( infoid = 223 and categoryid = -7 )  [ RunTime:0.0000s ]
SQL: SHOW COLUMNS FROM `iissblog_user` [ RunTime:0.0000s ]
SQL: SELECT * FROM `iissblog_user` WHERE ( name = '军威长风' or username = '军威长风' ) LIMIT 1   [ RunTime:0.0156s ]

[ 2015-03-23T14:34:17+08:00 ] 127.0.0.1 /conference/index/223
INFO: [ app_init ] --START--
INFO: Run Behavior\BuildLiteBehavior [ RunTime:0.000000s ]
INFO: [ app_init ] --END-- [ RunTime:0.000000s ]
INFO: [ app_begin ] --START--
INFO: Run Behavior\ReadHtmlCacheBehavior [ RunTime:0.000000s ]
INFO: [ app_begin ] --END-- [ RunTime:0.000000s ]
SQL: SHOW COLUMNS FROM `iiss_conference` [ RunTime:0.0000s ]
SQL: SELECT * FROM `iiss_conference` WHERE ( id = 223 ) LIMIT 1   [ RunTime:0.0000s ]
SQL: SELECT * FROM `iiss_conference` WHERE ( id < 223 and find_in_set('m',flag) = 0 ) ORDER BY pubdate desc LIMIT 5   [ RunTime:0.0000s ]
NOTIC: [8] curl_setopt() [<a href='function.curl-setopt'>function.curl-setopt</a>]: CURLOPT_SSL_VERIFYHOST no longer accepts the value 1, value 2 will be used instead D:\chinaiiss\iisspk\Application\Components\Comment.class.php 第 175 行.
SQL: SHOW COLUMNS FROM `iiss_vote` [ RunTime:0.0000s ]
SQL: SELECT * FROM `iiss_vote` WHERE ( infoid = 223 and categoryid = -7 )  [ RunTime:0.0000s ]
SQL: SHOW COLUMNS FROM `iissblog_user` [ RunTime:0.0156s ]
SQL: SELECT * FROM `iissblog_user` WHERE ( name = '军威长风' or username = '军威长风' ) LIMIT 1   [ RunTime:0.0156s ]

[ 2015-03-23T14:34:18+08:00 ] 127.0.0.1 /conference/index/223
INFO: [ app_init ] --START--
INFO: Run Behavior\BuildLiteBehavior [ RunTime:0.000000s ]
INFO: [ app_init ] --END-- [ RunTime:0.000000s ]
INFO: [ app_begin ] --START--
INFO: Run Behavior\ReadHtmlCacheBehavior [ RunTime:0.015625s ]
INFO: [ app_begin ] --END-- [ RunTime:0.015625s ]
SQL: SHOW COLUMNS FROM `iiss_conference` [ RunTime:0.0156s ]
SQL: SELECT * FROM `iiss_conference` WHERE ( id = 223 ) LIMIT 1   [ RunTime:0.0000s ]
SQL: SELECT * FROM `iiss_conference` WHERE ( id < 223 and find_in_set('m',flag) = 0 ) ORDER BY pubdate desc LIMIT 5   [ RunTime:0.0000s ]
NOTIC: [8] curl_setopt() [<a href='function.curl-setopt'>function.curl-setopt</a>]: CURLOPT_SSL_VERIFYHOST no longer accepts the value 1, value 2 will be used instead D:\chinaiiss\iisspk\Application\Components\Comment.class.php 第 175 行.
SQL: SHOW COLUMNS FROM `iiss_vote` [ RunTime:0.0000s ]
SQL: SELECT * FROM `iiss_vote` WHERE ( infoid = 223 and categoryid = -7 )  [ RunTime:0.0000s ]
SQL: SHOW COLUMNS FROM `iissblog_user` [ RunTime:0.0156s ]
SQL: SELECT * FROM `iissblog_user` WHERE ( name = '军威长风' or username = '军威长风' ) LIMIT 1   [ RunTime:0.0000s ]

[ 2015-03-23T14:34:56+08:00 ] 127.0.0.1 /conference/index/223
INFO: [ app_init ] --START--
INFO: Run Behavior\BuildLiteBehavior [ RunTime:0.000000s ]
INFO: [ app_init ] --END-- [ RunTime:0.000000s ]
INFO: [ app_begin ] --START--
INFO: Run Behavior\ReadHtmlCacheBehavior [ RunTime:0.000000s ]
INFO: [ app_begin ] --END-- [ RunTime:0.000000s ]
SQL: SHOW COLUMNS FROM `iiss_conference` [ RunTime:0.0000s ]
SQL: SELECT * FROM `iiss_conference` WHERE ( id = 223 ) LIMIT 1   [ RunTime:0.0000s ]
SQL: SELECT * FROM `iiss_conference` WHERE ( id < 223 and find_in_set('m',flag) = 0 ) ORDER BY pubdate desc LIMIT 5   [ RunTime:0.0000s ]
NOTIC: [8] curl_setopt() [<a href='function.curl-setopt'>function.curl-setopt</a>]: CURLOPT_SSL_VERIFYHOST no longer accepts the value 1, value 2 will be used instead D:\chinaiiss\iisspk\Application\Components\Comment.class.php 第 175 行.
SQL: SHOW COLUMNS FROM `iiss_vote` [ RunTime:0.0000s ]
SQL: SELECT * FROM `iiss_vote` WHERE ( infoid = 223 and categoryid = -7 )  [ RunTime:0.0000s ]
SQL: SHOW COLUMNS FROM `iissblog_user` [ RunTime:0.0000s ]
SQL: SELECT * FROM `iissblog_user` WHERE ( name = '军威长风' or username = '军威长风' ) LIMIT 1   [ RunTime:0.0156s ]

[ 2015-03-23T14:36:19+08:00 ] 127.0.0.1 /conference/index/223
INFO: [ app_init ] --START--
INFO: Run Behavior\BuildLiteBehavior [ RunTime:0.000000s ]
INFO: [ app_init ] --END-- [ RunTime:0.000000s ]
INFO: [ app_begin ] --START--
INFO: Run Behavior\ReadHtmlCacheBehavior [ RunTime:0.000000s ]
INFO: [ app_begin ] --END-- [ RunTime:0.000000s ]
SQL: SHOW COLUMNS FROM `iiss_conference` [ RunTime:0.0156s ]
SQL: SELECT * FROM `iiss_conference` WHERE ( id = 223 ) LIMIT 1   [ RunTime:0.0000s ]
SQL: SELECT * FROM `iiss_conference` WHERE ( id < 223 and find_in_set('m',flag) = 0 ) ORDER BY pubdate desc LIMIT 5   [ RunTime:0.0000s ]
NOTIC: [8] curl_setopt() [<a href='function.curl-setopt'>function.curl-setopt</a>]: CURLOPT_SSL_VERIFYHOST no longer accepts the value 1, value 2 will be used instead D:\chinaiiss\iisspk\Application\Components\Comment.class.php 第 175 行.
SQL: SHOW COLUMNS FROM `iiss_vote` [ RunTime:0.0156s ]
SQL: SELECT * FROM `iiss_vote` WHERE ( infoid = 223 and categoryid = -7 )  [ RunTime:0.0000s ]
SQL: SHOW COLUMNS FROM `iissblog_user` [ RunTime:0.0000s ]
SQL: SELECT * FROM `iissblog_user` WHERE ( name = '军威长风' or username = '军威长风' ) LIMIT 1   [ RunTime:0.0156s ]

[ 2015-03-23T14:36:34+08:00 ] 127.0.0.1 /conference/index/223
INFO: [ app_init ] --START--
INFO: Run Behavior\BuildLiteBehavior [ RunTime:0.000000s ]
INFO: [ app_init ] --END-- [ RunTime:0.000000s ]
INFO: [ app_begin ] --START--
INFO: Run Behavior\ReadHtmlCacheBehavior [ RunTime:0.000000s ]
INFO: [ app_begin ] --END-- [ RunTime:0.000000s ]
SQL: SHOW COLUMNS FROM `iiss_conference` [ RunTime:0.0000s ]
SQL: SELECT * FROM `iiss_conference` WHERE ( id = 223 ) LIMIT 1   [ RunTime:0.0000s ]
SQL: SELECT * FROM `iiss_conference` WHERE ( id < 223 and find_in_set('m',flag) = 0 ) ORDER BY pubdate desc LIMIT 5   [ RunTime:0.0156s ]
NOTIC: [8] curl_setopt() [<a href='function.curl-setopt'>function.curl-setopt</a>]: CURLOPT_SSL_VERIFYHOST no longer accepts the value 1, value 2 will be used instead D:\chinaiiss\iisspk\Application\Components\Comment.class.php 第 175 行.
SQL: SHOW COLUMNS FROM `iiss_vote` [ RunTime:0.0156s ]
SQL: SELECT * FROM `iiss_vote` WHERE ( infoid = 223 and categoryid = -7 )  [ RunTime:0.0000s ]
SQL: SHOW COLUMNS FROM `iissblog_user` [ RunTime:0.0000s ]
SQL: SELECT * FROM `iissblog_user` WHERE ( name = '军威长风' or username = '军威长风' ) LIMIT 1   [ RunTime:0.0156s ]

[ 2015-03-23T14:36:37+08:00 ] 127.0.0.1 /conference/index/223
INFO: [ app_init ] --START--
INFO: Run Behavior\BuildLiteBehavior [ RunTime:0.000000s ]
INFO: [ app_init ] --END-- [ RunTime:0.000000s ]
INFO: [ app_begin ] --START--
INFO: Run Behavior\ReadHtmlCacheBehavior [ RunTime:0.000000s ]
INFO: [ app_begin ] --END-- [ RunTime:0.000000s ]
SQL: SHOW COLUMNS FROM `iiss_conference` [ RunTime:0.0000s ]
SQL: SELECT * FROM `iiss_conference` WHERE ( id = 223 ) LIMIT 1   [ RunTime:0.0000s ]
SQL: SELECT * FROM `iiss_conference` WHERE ( id < 223 and find_in_set('m',flag) = 0 ) ORDER BY pubdate desc LIMIT 5   [ RunTime:0.0156s ]
NOTIC: [8] curl_setopt() [<a href='function.curl-setopt'>function.curl-setopt</a>]: CURLOPT_SSL_VERIFYHOST no longer accepts the value 1, value 2 will be used instead D:\chinaiiss\iisspk\Application\Components\Comment.class.php 第 175 行.
SQL: SHOW COLUMNS FROM `iiss_vote` [ RunTime:0.0000s ]
SQL: SELECT * FROM `iiss_vote` WHERE ( infoid = 223 and categoryid = -7 )  [ RunTime:0.0000s ]
SQL: SHOW COLUMNS FROM `iissblog_user` [ RunTime:0.0000s ]
SQL: SELECT * FROM `iissblog_user` WHERE ( name = '军威长风' or username = '军威长风' ) LIMIT 1   [ RunTime:0.0156s ]

[ 2015-03-23T14:50:29+08:00 ] 127.0.0.1 /conference/index/223
INFO: [ app_init ] --START--
INFO: Run Behavior\BuildLiteBehavior [ RunTime:0.000000s ]
INFO: [ app_init ] --END-- [ RunTime:0.000000s ]
INFO: [ app_begin ] --START--
INFO: Run Behavior\ReadHtmlCacheBehavior [ RunTime:0.000000s ]
INFO: [ app_begin ] --END-- [ RunTime:0.000000s ]
SQL: SHOW COLUMNS FROM `iiss_conference` [ RunTime:0.0000s ]
SQL: SELECT * FROM `iiss_conference` WHERE ( id = 223 ) LIMIT 1   [ RunTime:0.0000s ]
SQL: SELECT * FROM `iiss_conference` WHERE ( id < 223 and find_in_set('m',flag) = 0 ) ORDER BY pubdate desc LIMIT 5   [ RunTime:0.0000s ]
NOTIC: [8] curl_setopt() [<a href='function.curl-setopt'>function.curl-setopt</a>]: CURLOPT_SSL_VERIFYHOST no longer accepts the value 1, value 2 will be used instead D:\chinaiiss\iisspk\Application\Components\Comment.class.php 第 175 行.
SQL: SHOW COLUMNS FROM `iiss_vote` [ RunTime:0.0000s ]
SQL: SELECT * FROM `iiss_vote` WHERE ( infoid = 223 and categoryid = -7 )  [ RunTime:0.0000s ]
SQL: SHOW COLUMNS FROM `iissblog_user` [ RunTime:0.0000s ]
SQL: SELECT * FROM `iissblog_user` WHERE ( name = '军威长风' or username = '军威长风' ) LIMIT 1   [ RunTime:0.0156s ]
SQL: update iiss_conference set clicks=clicks+1  where id=223 [ RunTime:0.0156s ]
NOTIC: [2048] Declaration of Hours::add() should be compatible with that of Think\Model::add() D:\chinaiiss\iisspk\Application\Components\Hours.class.php 第 57 行.
SQL: SHOW COLUMNS FROM `iiss_table` [ RunTime:0.0000s ]
SQL: SELECT `table_name` FROM `iiss_table` WHERE ( table_name='iiss_viewrecord_201503' ) LIMIT 1   [ RunTime:0.0000s ]
SQL: select vid,count,dateline from iiss_viewrecord_201503 where modelid=0 and infoid=223 order by dateline desc Limit 1 [ RunTime:0.0156s ]
SQL: SHOW COLUMNS FROM `iiss_table` [ RunTime:0.0000s ]
SQL: SELECT `table_name` FROM `iiss_table` WHERE ( table_name='iiss_viewrecord_201503' ) LIMIT 1   [ RunTime:0.0000s ]
SQL: insert into iiss_viewrecord_201503 (modelid,topid,categoryid, infoid, count, userid, dateline) value (0,-7,-7,223,1,0,1427093428) [ RunTime:0.0000s ]
NOTIC: [8] Undefined index: lite D:\chinaiiss\iisspk\ThinkPHP\Library\Think\Db.class.php 第 37 行.
SQL: insert into iiss_hours (modelid,topid,categoryid,count,dateline) value (0,-7,-7,1,1427093428) [ RunTime:0.0000s ]
NOTIC: [2048] mktime() [<a href='function.mktime'>function.mktime</a>]: You should be using the time() function instead D:\chinaiiss\iisspk\Application\Components\Date.class.php 第 101 行.
NOTIC: [8] Undefined index: HTTP_REFERER D:\chinaiiss\iisspk\Application\Home\Model\ConferenceModel.class.php 第 84 行.

[ 2015-03-23T16:10:22+08:00 ] 127.0.0.1 /conference/index/223
INFO: [ app_init ] --START--
INFO: Run Behavior\BuildLiteBehavior [ RunTime:0.000000s ]
INFO: [ app_init ] --END-- [ RunTime:0.000000s ]
INFO: [ app_begin ] --START--
INFO: Run Behavior\ReadHtmlCacheBehavior [ RunTime:0.015625s ]
INFO: [ app_begin ] --END-- [ RunTime:0.015625s ]
SQL: SHOW COLUMNS FROM `iiss_conference` [ RunTime:0.0000s ]
SQL: SELECT * FROM `iiss_conference` WHERE ( id = 223 ) LIMIT 1   [ RunTime:0.0000s ]
SQL: SELECT * FROM `iiss_conference` WHERE ( id < 223 and find_in_set('m',flag) = 0 ) ORDER BY pubdate desc LIMIT 5   [ RunTime:0.0000s ]
NOTIC: [8] curl_setopt() [<a href='function.curl-setopt'>function.curl-setopt</a>]: CURLOPT_SSL_VERIFYHOST no longer accepts the value 1, value 2 will be used instead D:\chinaiiss\iisspk\Application\Components\Comment.class.php 第 175 行.
SQL: SHOW COLUMNS FROM `iiss_vote` [ RunTime:0.0000s ]
SQL: SELECT * FROM `iiss_vote` WHERE ( infoid = 223 and categoryid = -7 )  [ RunTime:0.0000s ]
SQL: SHOW COLUMNS FROM `iissblog_user` [ RunTime:0.0156s ]
SQL: SELECT * FROM `iissblog_user` WHERE ( name = '军威长风' or username = '军威长风' ) LIMIT 1   [ RunTime:0.0156s ]
SQL: update iiss_conference set clicks=clicks+1  where id=223 [ RunTime:0.0469s ]
NOTIC: [2048] Declaration of Hours::add() should be compatible with that of Think\Model::add() D:\chinaiiss\iisspk\Application\Components\Hours.class.php 第 57 行.
SQL: SHOW COLUMNS FROM `iiss_table` [ RunTime:0.0000s ]
SQL: SELECT `table_name` FROM `iiss_table` WHERE ( table_name='iiss_viewrecord_201503' ) LIMIT 1   [ RunTime:0.0000s ]
SQL: select vid,count,dateline from iiss_viewrecord_201503 where modelid=0 and infoid=223 order by dateline desc Limit 1 [ RunTime:0.0000s ]
SQL: SHOW COLUMNS FROM `iiss_table` [ RunTime:0.0156s ]
SQL: SELECT `table_name` FROM `iiss_table` WHERE ( table_name='iiss_viewrecord_201503' ) LIMIT 1   [ RunTime:0.0000s ]
SQL: update iiss_viewrecord_201503 set count=count+1,dateline=1427098222 where vid=10 [ RunTime:0.0000s ]
NOTIC: [8] Undefined index: lite D:\chinaiiss\iisspk\ThinkPHP\Library\Think\Db.class.php 第 37 行.
SQL: insert into iiss_hours (modelid,topid,categoryid,count,dateline) value (0,-7,-7,1,1427098222) [ RunTime:0.0000s ]
NOTIC: [2048] mktime() [<a href='function.mktime'>function.mktime</a>]: You should be using the time() function instead D:\chinaiiss\iisspk\Application\Components\Date.class.php 第 101 行.
NOTIC: [8] Undefined index: HTTP_REFERER D:\chinaiiss\iisspk\Application\Home\Model\ConferenceModel.class.php 第 84 行.
SQL: SHOW COLUMNS FROM `iiss_conference_author_praise` [ RunTime:0.0156s ]
SQL: SELECT `praise` FROM `iiss_conference_author_praise` WHERE ( conferenceid = 223 ) LIMIT 1   [ RunTime:0.0000s ]
NOTIC: [8] curl_setopt() [<a href='function.curl-setopt'>function.curl-setopt</a>]: CURLOPT_SSL_VERIFYHOST no longer accepts the value 1, value 2 will be used instead D:\chinaiiss\iisspk\Application\Components\Comment.class.php 第 175 行.
INFO: [ view_parse ] --START--
INFO: [ template_filter ] --START--
INFO: Run Behavior\ContentReplaceBehavior [ RunTime:0.000000s ]
INFO: [ template_filter ] --END-- [ RunTime:0.000000s ]
NOTIC: [8] Undefined variable: context D:\chinaiiss\iisspk\Application\Runtime\Cache\Home\79d163571ea756f537739561a72518ca.php 第 5 行.
NOTIC: [8] Undefined index: loginuser D:\chinaiiss\iisspk\Application\Runtime\Cache\Home\79d163571ea756f537739561a72518ca.php 第 17 行.
NOTIC: [8] Undefined variable: pkinfo D:\chinaiiss\iisspk\Application\Runtime\Cache\Home\79d163571ea756f537739561a72518ca.php 第 183 行.
NOTIC: [8] Undefined variable: infoid D:\chinaiiss\iisspk\Application\Runtime\Cache\Home\79d163571ea756f537739561a72518ca.php 第 231 行.
NOTIC: [8] Undefined variable: loginusername D:\chinaiiss\iisspk\Application\Runtime\Cache\Home\79d163571ea756f537739561a72518ca.php 第 233 行.
NOTIC: [8] Undefined index: authorsummary D:\chinaiiss\iisspk\Application\Runtime\Cache\Home\79d163571ea756f537739561a72518ca.php 第 276 行.
NOTIC: [8] Undefined index: url D:\chinaiiss\iisspk\Application\Runtime\Cache\Home\79d163571ea756f537739561a72518ca.php 第 314 行.
NOTIC: [8] Undefined index: url D:\chinaiiss\iisspk\Application\Runtime\Cache\Home\79d163571ea756f537739561a72518ca.php 第 316 行.
NOTIC: [8] Undefined index: url D:\chinaiiss\iisspk\Application\Runtime\Cache\Home\79d163571ea756f537739561a72518ca.php 第 314 行.
NOTIC: [8] Undefined index: url D:\chinaiiss\iisspk\Application\Runtime\Cache\Home\79d163571ea756f537739561a72518ca.php 第 316 行.
NOTIC: [8] Undefined index: url D:\chinaiiss\iisspk\Application\Runtime\Cache\Home\79d163571ea756f537739561a72518ca.php 第 314 行.
NOTIC: [8] Undefined index: url D:\chinaiiss\iisspk\Application\Runtime\Cache\Home\79d163571ea756f537739561a72518ca.php 第 316 行.
NOTIC: [8] Undefined index: url D:\chinaiiss\iisspk\Application\Runtime\Cache\Home\79d163571ea756f537739561a72518ca.php 第 314 行.
NOTIC: [8] Undefined index: url D:\chinaiiss\iisspk\Application\Runtime\Cache\Home\79d163571ea756f537739561a72518ca.php 第 316 行.
NOTIC: [8] Undefined index: url D:\chinaiiss\iisspk\Application\Runtime\Cache\Home\79d163571ea756f537739561a72518ca.php 第 314 行.
NOTIC: [8] Undefined index: url D:\chinaiiss\iisspk\Application\Runtime\Cache\Home\79d163571ea756f537739561a72518ca.php 第 316 行.
INFO: Run Behavior\ParseTemplateBehavior [ RunTime:0.062500s ]
INFO: [ view_parse ] --END-- [ RunTime:0.062500s ]
INFO: [ view_filter ] --START--
INFO: Run Behavior\WriteHtmlCacheBehavior [ RunTime:0.015625s ]
INFO: [ view_filter ] --END-- [ RunTime:0.015625s ]
INFO: [ app_end ] --START--
INFO: Run Behavior\ShowPageTraceBehavior [ RunTime:0.000000s ]
INFO: [ app_end ] --END-- [ RunTime:0.000000s ]

